[2020-03-06 23:50:12:090] main INFO cn.zhh.crawler.CrawlerApplication 50 - Starting CrawlerApplication on z_hh with PID 15896 (D:\IdeaProjects\project\project-crawler\target\classes started by z_hh in D:\IdeaProjects\project)
[2020-03-06 23:50:12:095] main INFO cn.zhh.crawler.CrawlerApplication 646 - No active profile set, falling back to default profiles: default
[2020-03-06 23:50:15:429] main INFO cn.zhh.crawler.CrawlerApplication 59 - Started CrawlerApplication in 4.428 seconds (JVM running for 6.963)
[2020-03-06 23:50:15:454] org.springframework.amqp.rabbit.RabbitListenerEndpointContainer#1-1 INFO cn.zhh.crawler.mq.MqConsumer 41 - 消费职位链接，urlDTO=[UrlDTO(url=https://www.lagou.com/jobs/6770765.html?show=75c89a229a80477385aa081db4b41a19, retryCount=3)]
[2020-03-06 23:50:17:531] org.springframework.amqp.rabbit.RabbitListenerEndpointContainer#1-1 INFO cn.zhh.crawler.mq.MqProducer 35 - 发送职位详情至MQ，positionDetail=[广州中工水务信息科技有限公司-Java开发工程师]
[2020-03-06 23:50:17:598] org.springframework.amqp.rabbit.RabbitListenerEndpointContainer#1-1 INFO cn.zhh.crawler.mq.MqConsumer 41 - 消费职位链接，urlDTO=[UrlDTO(url=https://www.lagou.com/jobs/2520025.html?show=75c89a229a80477385aa081db4b41a19, retryCount=3)]
[2020-03-06 23:50:17:653] org.springframework.amqp.rabbit.RabbitListenerEndpointContainer#0-1 INFO cn.zhh.crawler.mq.MqConsumer 53 - 消费职位详情，detail=[广州中工水务信息科技有限公司-Java开发工程师]
[2020-03-06 23:50:17:963] org.springframework.amqp.rabbit.RabbitListenerEndpointContainer#1-1 INFO cn.zhh.crawler.mq.MqProducer 35 - 发送职位详情至MQ，positionDetail=[广州市巴图鲁信息科技有限公司-高级研发工程师（Java）]
[2020-03-06 23:50:17:965] org.springframework.amqp.rabbit.RabbitListenerEndpointContainer#1-1 INFO cn.zhh.crawler.mq.MqConsumer 41 - 消费职位链接，urlDTO=[UrlDTO(url=https://www.lagou.com/jobs/6064015.html?show=75c89a229a80477385aa081db4b41a19, retryCount=3)]
[2020-03-06 23:50:18:083] org.springframework.amqp.rabbit.RabbitListenerEndpointContainer#0-1 INFO cn.zhh.crawler.mq.MqConsumer 53 - 消费职位详情，detail=[广州市巴图鲁信息科技有限公司-高级研发工程师（Java）]
[2020-03-06 23:50:18:271] org.springframework.amqp.rabbit.RabbitListenerEndpointContainer#1-1 INFO cn.zhh.crawler.mq.MqProducer 35 - 发送职位详情至MQ，positionDetail=[海南高灯科技有限公司-高级java工程师]
[2020-03-06 23:50:18:273] org.springframework.amqp.rabbit.RabbitListenerEndpointContainer#1-1 INFO cn.zhh.crawler.mq.MqConsumer 41 - 消费职位链接，urlDTO=[UrlDTO(url=https://www.lagou.com/jobs/2738861.html?show=75c89a229a80477385aa081db4b41a19, retryCount=3)]
[2020-03-06 23:50:18:367] org.springframework.amqp.rabbit.RabbitListenerEndpointContainer#0-1 INFO cn.zhh.crawler.mq.MqConsumer 53 - 消费职位详情，detail=[海南高灯科技有限公司-高级java工程师]
[2020-03-06 23:50:18:726] org.springframework.amqp.rabbit.RabbitListenerEndpointContainer#1-1 INFO cn.zhh.crawler.mq.MqProducer 35 - 发送职位详情至MQ，positionDetail=[广州小迈网络科技有限公司-JAVA工程师]
[2020-03-06 23:50:18:727] org.springframework.amqp.rabbit.RabbitListenerEndpointContainer#1-1 INFO cn.zhh.crawler.mq.MqConsumer 41 - 消费职位链接，urlDTO=[UrlDTO(url=https://www.lagou.com/jobs/6846828.html?show=75c89a229a80477385aa081db4b41a19, retryCount=3)]
[2020-03-06 23:50:18:778] org.springframework.amqp.rabbit.RabbitListenerEndpointContainer#0-1 INFO cn.zhh.crawler.mq.MqConsumer 53 - 消费职位详情，detail=[广州小迈网络科技有限公司-JAVA工程师]
[2020-03-06 23:50:18:963] org.springframework.amqp.rabbit.RabbitListenerEndpointContainer#0-1 ERROR cn.zhh.crawler.mq.MqConsumer 58 - 消费职位详情异常，t=org.springframework.dao.DuplicateKeyException: PreparedStatementCallback; SQL [insert into inf_position (unique_key, name, salary, city, work_exp, education, welfare, description, label, work_address,publish_time, url, company_name, company_logo, company_developmental_stage,company_scale, company_domain, company_url, company_introduction, creator) values (?, ?, ?, ?, ?, ?, ?, ?, ?, ?, ?, ?, ?, ?, ?, ?, ?, ?, ?, ?)]; Duplicate entry '2738861-0' for key 'inf_position.uk_unique_key'; nested exception is java.sql.SQLIntegrityConstraintViolationException: Duplicate entry '2738861-0' for key 'inf_position.uk_unique_key'
	at org.springframework.jdbc.support.SQLErrorCodeSQLExceptionTranslator.doTranslate(SQLErrorCodeSQLExceptionTranslator.java:242)
	at org.springframework.jdbc.support.AbstractFallbackSQLExceptionTranslator.translate(AbstractFallbackSQLExceptionTranslator.java:72)
	at org.springframework.jdbc.core.JdbcTemplate.translateException(JdbcTemplate.java:1442)
	at org.springframework.jdbc.core.JdbcTemplate.execute(JdbcTemplate.java:632)
	at org.springframework.jdbc.core.JdbcTemplate.update(JdbcTemplate.java:861)
	at org.springframework.jdbc.core.JdbcTemplate.update(JdbcTemplate.java:916)
	at org.springframework.jdbc.core.JdbcTemplate.update(JdbcTemplate.java:926)
	at cn.zhh.crawler.runner.Dao.insertDb(Dao.java:56)
	at cn.zhh.crawler.runner.Dao$$FastClassBySpringCGLIB$$5fa6eb25.invoke(<generated>)
	at org.springframework.cglib.proxy.MethodProxy.invoke(MethodProxy.java:218)
	at org.springframework.aop.framework.CglibAopProxy$CglibMethodInvocation.invokeJoinpoint(CglibAopProxy.java:749)
	at org.springframework.aop.framework.ReflectiveMethodInvocation.proceed(ReflectiveMethodInvocation.java:163)
	at org.springframework.dao.support.PersistenceExceptionTranslationInterceptor.invoke(PersistenceExceptionTranslationInterceptor.java:139)
	at org.springframework.aop.framework.ReflectiveMethodInvocation.proceed(ReflectiveMethodInvocation.java:186)
	at org.springframework.aop.framework.CglibAopProxy$DynamicAdvisedInterceptor.intercept(CglibAopProxy.java:688)
	at cn.zhh.crawler.runner.Dao$$EnhancerBySpringCGLIB$$dfd58192.insertDb(<generated>)
	at cn.zhh.crawler.mq.MqConsumer.consumePositionDetail(MqConsumer.java:56)
	at sun.reflect.NativeMethodAccessorImpl.invoke0(Native Method)
	at sun.reflect.NativeMethodAccessorImpl.invoke(NativeMethodAccessorImpl.java:62)
	at sun.reflect.DelegatingMethodAccessorImpl.invoke(DelegatingMethodAccessorImpl.java:43)
	at java.lang.reflect.Method.invoke(Method.java:498)
	at org.springframework.messaging.handler.invocation.InvocableHandlerMethod.doInvoke(InvocableHandlerMethod.java:171)
	at org.springframework.messaging.handler.invocation.InvocableHandlerMethod.invoke(InvocableHandlerMethod.java:120)
	at org.springframework.amqp.rabbit.listener.adapter.HandlerAdapter.invoke(HandlerAdapter.java:50)
	at org.springframework.amqp.rabbit.listener.adapter.MessagingMessageListenerAdapter.invokeHandler(MessagingMessageListenerAdapter.java:196)
	at org.springframework.amqp.rabbit.listener.adapter.MessagingMessageListenerAdapter.onMessage(MessagingMessageListenerAdapter.java:129)
	at org.springframework.amqp.rabbit.listener.AbstractMessageListenerContainer.doInvokeListener(AbstractMessageListenerContainer.java:1552)
	at org.springframework.amqp.rabbit.listener.AbstractMessageListenerContainer.actualInvokeListener(AbstractMessageListenerContainer.java:1478)
	at org.springframework.amqp.rabbit.listener.AbstractMessageListenerContainer.invokeListener(AbstractMessageListenerContainer.java:1466)
	at org.springframework.amqp.rabbit.listener.AbstractMessageListenerContainer.doExecuteListener(AbstractMessageListenerContainer.java:1461)
	at org.springframework.amqp.rabbit.listener.AbstractMessageListenerContainer.executeListener(AbstractMessageListenerContainer.java:1410)
	at org.springframework.amqp.rabbit.listener.SimpleMessageListenerContainer.doReceiveAndExecute(SimpleMessageListenerContainer.java:870)
	at org.springframework.amqp.rabbit.listener.SimpleMessageListenerContainer.receiveAndExecute(SimpleMessageListenerContainer.java:854)
	at org.springframework.amqp.rabbit.listener.SimpleMessageListenerContainer.access$1600(SimpleMessageListenerContainer.java:78)
	at org.springframework.amqp.rabbit.listener.SimpleMessageListenerContainer$AsyncMessageProcessingConsumer.mainLoop(SimpleMessageListenerContainer.java:1137)
	at org.springframework.amqp.rabbit.listener.SimpleMessageListenerContainer$AsyncMessageProcessingConsumer.run(SimpleMessageListenerContainer.java:1043)
	at java.lang.Thread.run(Thread.java:748)
Caused by: java.sql.SQLIntegrityConstraintViolationException: Duplicate entry '2738861-0' for key 'inf_position.uk_unique_key'
	at com.mysql.cj.jdbc.exceptions.SQLError.createSQLException(SQLError.java:117)
	at com.mysql.cj.jdbc.exceptions.SQLError.createSQLException(SQLError.java:97)
	at com.mysql.cj.jdbc.exceptions.SQLExceptionsMapping.translateException(SQLExceptionsMapping.java:122)
	at com.mysql.cj.jdbc.ClientPreparedStatement.executeInternal(ClientPreparedStatement.java:955)
	at com.mysql.cj.jdbc.ClientPreparedStatement.executeUpdateInternal(ClientPreparedStatement.java:1094)
	at com.mysql.cj.jdbc.ClientPreparedStatement.executeUpdateInternal(ClientPreparedStatement.java:1042)
	at com.mysql.cj.jdbc.ClientPreparedStatement.executeLargeUpdate(ClientPreparedStatement.java:1345)
	at com.mysql.cj.jdbc.ClientPreparedStatement.executeUpdate(ClientPreparedStatement.java:1027)
	at com.zaxxer.hikari.pool.ProxyPreparedStatement.executeUpdate(ProxyPreparedStatement.java:61)
	at com.zaxxer.hikari.pool.HikariProxyPreparedStatement.executeUpdate(HikariProxyPreparedStatement.java)
	at org.springframework.jdbc.core.JdbcTemplate.lambda$update$0(JdbcTemplate.java:866)
	at org.springframework.jdbc.core.JdbcTemplate.execute(JdbcTemplate.java:616)
	... 33 more

[2020-03-06 23:50:19:060] org.springframework.amqp.rabbit.RabbitListenerEndpointContainer#1-1 INFO cn.zhh.crawler.mq.MqProducer 35 - 发送职位详情至MQ，positionDetail=[广州市华软科技发展有限公司-java开发工程师]
[2020-03-06 23:50:19:061] org.springframework.amqp.rabbit.RabbitListenerEndpointContainer#1-1 INFO cn.zhh.crawler.mq.MqConsumer 41 - 消费职位链接，urlDTO=[UrlDTO(url=https://www.lagou.com/jobs/6387983.html?show=75c89a229a80477385aa081db4b41a19, retryCount=3)]
[2020-03-06 23:50:19:086] org.springframework.amqp.rabbit.RabbitListenerEndpointContainer#0-1 INFO cn.zhh.crawler.mq.MqConsumer 53 - 消费职位详情，detail=[广州市华软科技发展有限公司-java开发工程师]
[2020-03-06 23:50:26:086] org.springframework.amqp.rabbit.RabbitListenerEndpointContainer#1-1 WARN c.zhh.crawler.chain.JBrowserStrategy 30 - JBrowser加载网页[url=https://www.lagou.com/jobs/6387983.html?show=75c89a229a80477385aa081db4b41a19]异常，t=org.openqa.selenium.NoSuchElementException: Element not found or does not exist.
For documentation on this error, please visit: https://www.seleniumhq.org/exceptions/no_such_element.html
Build info: version: '3.141.59', revision: 'e82be7d358', time: '2018-11-14T08:17:03'
System info: host: 'Z_HH', ip: '169.254.83.89', os.name: 'Windows 10', os.arch: 'amd64', os.version: '10.0', java.version: '1.8.0_141'
Driver info: driver.version: unknown
	at sun.reflect.NativeConstructorAccessorImpl.newInstance0(Native Method)
	at sun.reflect.NativeConstructorAccessorImpl.newInstance(NativeConstructorAccessorImpl.java:62)
	at sun.reflect.DelegatingConstructorAccessorImpl.newInstance(DelegatingConstructorAccessorImpl.java:45)
	at java.lang.reflect.Constructor.newInstance(Constructor.java:423)
	at com.machinepublishers.jbrowserdriver.Util.handleException(Util.java:128)
	at com.machinepublishers.jbrowserdriver.JBrowserDriver.getPageSource(JBrowserDriver.java:601)
	at cn.zhh.crawler.chain.JBrowserStrategy.crawl(JBrowserStrategy.java:24)
	at cn.zhh.crawler.chain.CrawlStrategyChain.doCrawl(CrawlStrategyChain.java:24)
	at cn.zhh.crawler.chain.JsoupStrategy.crawl(JsoupStrategy.java:36)
	at cn.zhh.crawler.chain.CrawlStrategyChain.doCrawl(CrawlStrategyChain.java:24)
	at cn.zhh.crawler.runner.ParseDetailRunner.parseDetail(ParseDetailRunner.java:49)
	at cn.zhh.crawler.mq.MqConsumer.consumePositionUrl(MqConsumer.java:43)
	at sun.reflect.NativeMethodAccessorImpl.invoke0(Native Method)
	at sun.reflect.NativeMethodAccessorImpl.invoke(NativeMethodAccessorImpl.java:62)
	at sun.reflect.DelegatingMethodAccessorImpl.invoke(DelegatingMethodAccessorImpl.java:43)
	at java.lang.reflect.Method.invoke(Method.java:498)
	at org.springframework.messaging.handler.invocation.InvocableHandlerMethod.doInvoke(InvocableHandlerMethod.java:171)
	at org.springframework.messaging.handler.invocation.InvocableHandlerMethod.invoke(InvocableHandlerMethod.java:120)
	at org.springframework.amqp.rabbit.listener.adapter.HandlerAdapter.invoke(HandlerAdapter.java:50)
	at org.springframework.amqp.rabbit.listener.adapter.MessagingMessageListenerAdapter.invokeHandler(MessagingMessageListenerAdapter.java:196)
	at org.springframework.amqp.rabbit.listener.adapter.MessagingMessageListenerAdapter.onMessage(MessagingMessageListenerAdapter.java:129)
	at org.springframework.amqp.rabbit.listener.AbstractMessageListenerContainer.doInvokeListener(AbstractMessageListenerContainer.java:1552)
	at org.springframework.amqp.rabbit.listener.AbstractMessageListenerContainer.actualInvokeListener(AbstractMessageListenerContainer.java:1478)
	at org.springframework.amqp.rabbit.listener.AbstractMessageListenerContainer.invokeListener(AbstractMessageListenerContainer.java:1466)
	at org.springframework.amqp.rabbit.listener.AbstractMessageListenerContainer.doExecuteListener(AbstractMessageListenerContainer.java:1461)
	at org.springframework.amqp.rabbit.listener.AbstractMessageListenerContainer.executeListener(AbstractMessageListenerContainer.java:1410)
	at org.springframework.amqp.rabbit.listener.SimpleMessageListenerContainer.doReceiveAndExecute(SimpleMessageListenerContainer.java:870)
	at org.springframework.amqp.rabbit.listener.SimpleMessageListenerContainer.receiveAndExecute(SimpleMessageListenerContainer.java:854)
	at org.springframework.amqp.rabbit.listener.SimpleMessageListenerContainer.access$1600(SimpleMessageListenerContainer.java:78)
	at org.springframework.amqp.rabbit.listener.SimpleMessageListenerContainer$AsyncMessageProcessingConsumer.mainLoop(SimpleMessageListenerContainer.java:1137)
	at org.springframework.amqp.rabbit.listener.SimpleMessageListenerContainer$AsyncMessageProcessingConsumer.run(SimpleMessageListenerContainer.java:1043)
	at java.lang.Thread.run(Thread.java:748)
Caused by: org.openqa.selenium.NoSuchElementException: Element not found or does not exist.
For documentation on this error, please visit: https://www.seleniumhq.org/exceptions/no_such_element.html
Build info: version: '3.141.59', revision: 'e82be7d358', time: '2018-11-14T08:17:03'
System info: host: 'Z_HH', ip: '169.254.83.89', os.name: 'Windows 10', os.arch: 'amd64', os.version: '10.0', java.version: '1.8.0_141'
Driver info: driver.version: unknown
	at com.machinepublishers.jbrowserdriver.ElementServer.validate(ElementServer.java:202)
	at com.machinepublishers.jbrowserdriver.ElementServer.lambda$new$0(ElementServer.java:152)
	at com.machinepublishers.jbrowserdriver.AppThread$Runner.run(AppThread.java:88)
	at com.sun.javafx.application.PlatformImpl.lambda$null$173(PlatformImpl.java:295)
	at java.security.AccessController.doPrivileged(Native Method)
	at com.sun.javafx.application.PlatformImpl.lambda$runLater$174(PlatformImpl.java:294)
	at com.machinepublishers.glass.ui.monocle.RunnableProcessor.runLoop(RunnableProcessor.java:94)
	at com.machinepublishers.glass.ui.monocle.RunnableProcessor.run(RunnableProcessor.java:53)
	... 1 more

[2020-03-06 23:50:34:549] org.springframework.amqp.rabbit.RabbitListenerEndpointContainer#1-1 INFO cn.zhh.crawler.mq.MqProducer 35 - 发送职位详情至MQ，positionDetail=[网易（杭州）网络有限公司-java后台开发工程师]
[2020-03-06 23:50:34:551] org.springframework.amqp.rabbit.RabbitListenerEndpointContainer#1-1 INFO cn.zhh.crawler.mq.MqConsumer 41 - 消费职位链接，urlDTO=[UrlDTO(url=https://www.lagou.com/jobs/5703587.html?show=75c89a229a80477385aa081db4b41a19, retryCount=3)]
[2020-03-06 23:50:34:572] org.springframework.amqp.rabbit.RabbitListenerEndpointContainer#0-1 INFO cn.zhh.crawler.mq.MqConsumer 53 - 消费职位详情，detail=[网易（杭州）网络有限公司-java后台开发工程师]
[2020-03-06 23:50:34:606] org.springframework.amqp.rabbit.RabbitListenerEndpointContainer#0-1 ERROR cn.zhh.crawler.mq.MqConsumer 58 - 消费职位详情异常，t=org.springframework.dao.DuplicateKeyException: PreparedStatementCallback; SQL [insert into inf_position (unique_key, name, salary, city, work_exp, education, welfare, description, label, work_address,publish_time, url, company_name, company_logo, company_developmental_stage,company_scale, company_domain, company_url, company_introduction, creator) values (?, ?, ?, ?, ?, ?, ?, ?, ?, ?, ?, ?, ?, ?, ?, ?, ?, ?, ?, ?)]; Duplicate entry '6387983-0' for key 'inf_position.uk_unique_key'; nested exception is java.sql.SQLIntegrityConstraintViolationException: Duplicate entry '6387983-0' for key 'inf_position.uk_unique_key'
	at org.springframework.jdbc.support.SQLErrorCodeSQLExceptionTranslator.doTranslate(SQLErrorCodeSQLExceptionTranslator.java:242)
	at org.springframework.jdbc.support.AbstractFallbackSQLExceptionTranslator.translate(AbstractFallbackSQLExceptionTranslator.java:72)
	at org.springframework.jdbc.core.JdbcTemplate.translateException(JdbcTemplate.java:1442)
	at org.springframework.jdbc.core.JdbcTemplate.execute(JdbcTemplate.java:632)
	at org.springframework.jdbc.core.JdbcTemplate.update(JdbcTemplate.java:861)
	at org.springframework.jdbc.core.JdbcTemplate.update(JdbcTemplate.java:916)
	at org.springframework.jdbc.core.JdbcTemplate.update(JdbcTemplate.java:926)
	at cn.zhh.crawler.runner.Dao.insertDb(Dao.java:56)
	at cn.zhh.crawler.runner.Dao$$FastClassBySpringCGLIB$$5fa6eb25.invoke(<generated>)
	at org.springframework.cglib.proxy.MethodProxy.invoke(MethodProxy.java:218)
	at org.springframework.aop.framework.CglibAopProxy$CglibMethodInvocation.invokeJoinpoint(CglibAopProxy.java:749)
	at org.springframework.aop.framework.ReflectiveMethodInvocation.proceed(ReflectiveMethodInvocation.java:163)
	at org.springframework.dao.support.PersistenceExceptionTranslationInterceptor.invoke(PersistenceExceptionTranslationInterceptor.java:139)
	at org.springframework.aop.framework.ReflectiveMethodInvocation.proceed(ReflectiveMethodInvocation.java:186)
	at org.springframework.aop.framework.CglibAopProxy$DynamicAdvisedInterceptor.intercept(CglibAopProxy.java:688)
	at cn.zhh.crawler.runner.Dao$$EnhancerBySpringCGLIB$$dfd58192.insertDb(<generated>)
	at cn.zhh.crawler.mq.MqConsumer.consumePositionDetail(MqConsumer.java:56)
	at sun.reflect.NativeMethodAccessorImpl.invoke0(Native Method)
	at sun.reflect.NativeMethodAccessorImpl.invoke(NativeMethodAccessorImpl.java:62)
	at sun.reflect.DelegatingMethodAccessorImpl.invoke(DelegatingMethodAccessorImpl.java:43)
	at java.lang.reflect.Method.invoke(Method.java:498)
	at org.springframework.messaging.handler.invocation.InvocableHandlerMethod.doInvoke(InvocableHandlerMethod.java:171)
	at org.springframework.messaging.handler.invocation.InvocableHandlerMethod.invoke(InvocableHandlerMethod.java:120)
	at org.springframework.amqp.rabbit.listener.adapter.HandlerAdapter.invoke(HandlerAdapter.java:50)
	at org.springframework.amqp.rabbit.listener.adapter.MessagingMessageListenerAdapter.invokeHandler(MessagingMessageListenerAdapter.java:196)
	at org.springframework.amqp.rabbit.listener.adapter.MessagingMessageListenerAdapter.onMessage(MessagingMessageListenerAdapter.java:129)
	at org.springframework.amqp.rabbit.listener.AbstractMessageListenerContainer.doInvokeListener(AbstractMessageListenerContainer.java:1552)
	at org.springframework.amqp.rabbit.listener.AbstractMessageListenerContainer.actualInvokeListener(AbstractMessageListenerContainer.java:1478)
	at org.springframework.amqp.rabbit.listener.AbstractMessageListenerContainer.invokeListener(AbstractMessageListenerContainer.java:1466)
	at org.springframework.amqp.rabbit.listener.AbstractMessageListenerContainer.doExecuteListener(AbstractMessageListenerContainer.java:1461)
	at org.springframework.amqp.rabbit.listener.AbstractMessageListenerContainer.executeListener(AbstractMessageListenerContainer.java:1410)
	at org.springframework.amqp.rabbit.listener.SimpleMessageListenerContainer.doReceiveAndExecute(SimpleMessageListenerContainer.java:870)
	at org.springframework.amqp.rabbit.listener.SimpleMessageListenerContainer.receiveAndExecute(SimpleMessageListenerContainer.java:854)
	at org.springframework.amqp.rabbit.listener.SimpleMessageListenerContainer.access$1600(SimpleMessageListenerContainer.java:78)
	at org.springframework.amqp.rabbit.listener.SimpleMessageListenerContainer$AsyncMessageProcessingConsumer.mainLoop(SimpleMessageListenerContainer.java:1137)
	at org.springframework.amqp.rabbit.listener.SimpleMessageListenerContainer$AsyncMessageProcessingConsumer.run(SimpleMessageListenerContainer.java:1043)
	at java.lang.Thread.run(Thread.java:748)
Caused by: java.sql.SQLIntegrityConstraintViolationException: Duplicate entry '6387983-0' for key 'inf_position.uk_unique_key'
	at com.mysql.cj.jdbc.exceptions.SQLError.createSQLException(SQLError.java:117)
	at com.mysql.cj.jdbc.exceptions.SQLError.createSQLException(SQLError.java:97)
	at com.mysql.cj.jdbc.exceptions.SQLExceptionsMapping.translateException(SQLExceptionsMapping.java:122)
	at com.mysql.cj.jdbc.ClientPreparedStatement.executeInternal(ClientPreparedStatement.java:955)
	at com.mysql.cj.jdbc.ClientPreparedStatement.executeUpdateInternal(ClientPreparedStatement.java:1094)
	at com.mysql.cj.jdbc.ClientPreparedStatement.executeUpdateInternal(ClientPreparedStatement.java:1042)
	at com.mysql.cj.jdbc.ClientPreparedStatement.executeLargeUpdate(ClientPreparedStatement.java:1345)
	at com.mysql.cj.jdbc.ClientPreparedStatement.executeUpdate(ClientPreparedStatement.java:1027)
	at com.zaxxer.hikari.pool.ProxyPreparedStatement.executeUpdate(ProxyPreparedStatement.java:61)
	at com.zaxxer.hikari.pool.HikariProxyPreparedStatement.executeUpdate(HikariProxyPreparedStatement.java)
	at org.springframework.jdbc.core.JdbcTemplate.lambda$update$0(JdbcTemplate.java:866)
	at org.springframework.jdbc.core.JdbcTemplate.execute(JdbcTemplate.java:616)
	... 33 more

[2020-03-06 23:50:40:098] org.springframework.amqp.rabbit.RabbitListenerEndpointContainer#1-1 WARN c.zhh.crawler.chain.JBrowserStrategy 30 - JBrowser加载网页[url=https://www.lagou.com/jobs/5703587.html?show=75c89a229a80477385aa081db4b41a19]异常，t=org.openqa.selenium.NoSuchElementException: Element not found or does not exist.
For documentation on this error, please visit: https://www.seleniumhq.org/exceptions/no_such_element.html
Build info: version: '3.141.59', revision: 'e82be7d358', time: '2018-11-14T08:17:03'
System info: host: 'Z_HH', ip: '169.254.83.89', os.name: 'Windows 10', os.arch: 'amd64', os.version: '10.0', java.version: '1.8.0_141'
Driver info: driver.version: unknown
	at sun.reflect.NativeConstructorAccessorImpl.newInstance0(Native Method)
	at sun.reflect.NativeConstructorAccessorImpl.newInstance(NativeConstructorAccessorImpl.java:62)
	at sun.reflect.DelegatingConstructorAccessorImpl.newInstance(DelegatingConstructorAccessorImpl.java:45)
	at java.lang.reflect.Constructor.newInstance(Constructor.java:423)
	at com.machinepublishers.jbrowserdriver.Util.handleException(Util.java:128)
	at com.machinepublishers.jbrowserdriver.JBrowserDriver.getPageSource(JBrowserDriver.java:601)
	at cn.zhh.crawler.chain.JBrowserStrategy.crawl(JBrowserStrategy.java:24)
	at cn.zhh.crawler.chain.CrawlStrategyChain.doCrawl(CrawlStrategyChain.java:24)
	at cn.zhh.crawler.chain.JsoupStrategy.crawl(JsoupStrategy.java:36)
	at cn.zhh.crawler.chain.CrawlStrategyChain.doCrawl(CrawlStrategyChain.java:24)
	at cn.zhh.crawler.runner.ParseDetailRunner.parseDetail(ParseDetailRunner.java:49)
	at cn.zhh.crawler.mq.MqConsumer.consumePositionUrl(MqConsumer.java:43)
	at sun.reflect.NativeMethodAccessorImpl.invoke0(Native Method)
	at sun.reflect.NativeMethodAccessorImpl.invoke(NativeMethodAccessorImpl.java:62)
	at sun.reflect.DelegatingMethodAccessorImpl.invoke(DelegatingMethodAccessorImpl.java:43)
	at java.lang.reflect.Method.invoke(Method.java:498)
	at org.springframework.messaging.handler.invocation.InvocableHandlerMethod.doInvoke(InvocableHandlerMethod.java:171)
	at org.springframework.messaging.handler.invocation.InvocableHandlerMethod.invoke(InvocableHandlerMethod.java:120)
	at org.springframework.amqp.rabbit.listener.adapter.HandlerAdapter.invoke(HandlerAdapter.java:50)
	at org.springframework.amqp.rabbit.listener.adapter.MessagingMessageListenerAdapter.invokeHandler(MessagingMessageListenerAdapter.java:196)
	at org.springframework.amqp.rabbit.listener.adapter.MessagingMessageListenerAdapter.onMessage(MessagingMessageListenerAdapter.java:129)
	at org.springframework.amqp.rabbit.listener.AbstractMessageListenerContainer.doInvokeListener(AbstractMessageListenerContainer.java:1552)
	at org.springframework.amqp.rabbit.listener.AbstractMessageListenerContainer.actualInvokeListener(AbstractMessageListenerContainer.java:1478)
	at org.springframework.amqp.rabbit.listener.AbstractMessageListenerContainer.invokeListener(AbstractMessageListenerContainer.java:1466)
	at org.springframework.amqp.rabbit.listener.AbstractMessageListenerContainer.doExecuteListener(AbstractMessageListenerContainer.java:1461)
	at org.springframework.amqp.rabbit.listener.AbstractMessageListenerContainer.executeListener(AbstractMessageListenerContainer.java:1410)
	at org.springframework.amqp.rabbit.listener.SimpleMessageListenerContainer.doReceiveAndExecute(SimpleMessageListenerContainer.java:870)
	at org.springframework.amqp.rabbit.listener.SimpleMessageListenerContainer.receiveAndExecute(SimpleMessageListenerContainer.java:854)
	at org.springframework.amqp.rabbit.listener.SimpleMessageListenerContainer.access$1600(SimpleMessageListenerContainer.java:78)
	at org.springframework.amqp.rabbit.listener.SimpleMessageListenerContainer$AsyncMessageProcessingConsumer.mainLoop(SimpleMessageListenerContainer.java:1137)
	at org.springframework.amqp.rabbit.listener.SimpleMessageListenerContainer$AsyncMessageProcessingConsumer.run(SimpleMessageListenerContainer.java:1043)
	at java.lang.Thread.run(Thread.java:748)
Caused by: org.openqa.selenium.NoSuchElementException: Element not found or does not exist.
For documentation on this error, please visit: https://www.seleniumhq.org/exceptions/no_such_element.html
Build info: version: '3.141.59', revision: 'e82be7d358', time: '2018-11-14T08:17:03'
System info: host: 'Z_HH', ip: '169.254.83.89', os.name: 'Windows 10', os.arch: 'amd64', os.version: '10.0', java.version: '1.8.0_141'
Driver info: driver.version: unknown
	at com.machinepublishers.jbrowserdriver.ElementServer.validate(ElementServer.java:202)
	at com.machinepublishers.jbrowserdriver.ElementServer.lambda$new$0(ElementServer.java:152)
	at com.machinepublishers.jbrowserdriver.AppThread$Runner.run(AppThread.java:88)
	at com.sun.javafx.application.PlatformImpl.lambda$null$173(PlatformImpl.java:295)
	at java.security.AccessController.doPrivileged(Native Method)
	at com.sun.javafx.application.PlatformImpl.lambda$runLater$174(PlatformImpl.java:294)
	at com.machinepublishers.glass.ui.monocle.RunnableProcessor.runLoop(RunnableProcessor.java:94)
	at com.machinepublishers.glass.ui.monocle.RunnableProcessor.run(RunnableProcessor.java:53)
	... 1 more

[2020-03-06 23:50:50:891] org.springframework.amqp.rabbit.RabbitListenerEndpointContainer#1-1 INFO cn.zhh.crawler.mq.MqProducer 35 - 发送职位详情至MQ，positionDetail=[广州超方体网络科技有限公司-后端主程（Java）]
[2020-03-06 23:50:50:893] org.springframework.amqp.rabbit.RabbitListenerEndpointContainer#1-1 INFO cn.zhh.crawler.mq.MqConsumer 41 - 消费职位链接，urlDTO=[UrlDTO(url=https://www.lagou.com/jobs/6858742.html?show=75c89a229a80477385aa081db4b41a19, retryCount=3)]
[2020-03-06 23:50:50:913] org.springframework.amqp.rabbit.RabbitListenerEndpointContainer#0-1 INFO cn.zhh.crawler.mq.MqConsumer 53 - 消费职位详情，detail=[广州超方体网络科技有限公司-后端主程（Java）]
[2020-03-06 23:50:50:949] org.springframework.amqp.rabbit.RabbitListenerEndpointContainer#0-1 ERROR cn.zhh.crawler.mq.MqConsumer 58 - 消费职位详情异常，t=org.springframework.dao.DuplicateKeyException: PreparedStatementCallback; SQL [insert into inf_position (unique_key, name, salary, city, work_exp, education, welfare, description, label, work_address,publish_time, url, company_name, company_logo, company_developmental_stage,company_scale, company_domain, company_url, company_introduction, creator) values (?, ?, ?, ?, ?, ?, ?, ?, ?, ?, ?, ?, ?, ?, ?, ?, ?, ?, ?, ?)]; Duplicate entry '5703587-0' for key 'inf_position.uk_unique_key'; nested exception is java.sql.SQLIntegrityConstraintViolationException: Duplicate entry '5703587-0' for key 'inf_position.uk_unique_key'
	at org.springframework.jdbc.support.SQLErrorCodeSQLExceptionTranslator.doTranslate(SQLErrorCodeSQLExceptionTranslator.java:242)
	at org.springframework.jdbc.support.AbstractFallbackSQLExceptionTranslator.translate(AbstractFallbackSQLExceptionTranslator.java:72)
	at org.springframework.jdbc.core.JdbcTemplate.translateException(JdbcTemplate.java:1442)
	at org.springframework.jdbc.core.JdbcTemplate.execute(JdbcTemplate.java:632)
	at org.springframework.jdbc.core.JdbcTemplate.update(JdbcTemplate.java:861)
	at org.springframework.jdbc.core.JdbcTemplate.update(JdbcTemplate.java:916)
	at org.springframework.jdbc.core.JdbcTemplate.update(JdbcTemplate.java:926)
	at cn.zhh.crawler.runner.Dao.insertDb(Dao.java:56)
	at cn.zhh.crawler.runner.Dao$$FastClassBySpringCGLIB$$5fa6eb25.invoke(<generated>)
	at org.springframework.cglib.proxy.MethodProxy.invoke(MethodProxy.java:218)
	at org.springframework.aop.framework.CglibAopProxy$CglibMethodInvocation.invokeJoinpoint(CglibAopProxy.java:749)
	at org.springframework.aop.framework.ReflectiveMethodInvocation.proceed(ReflectiveMethodInvocation.java:163)
	at org.springframework.dao.support.PersistenceExceptionTranslationInterceptor.invoke(PersistenceExceptionTranslationInterceptor.java:139)
	at org.springframework.aop.framework.ReflectiveMethodInvocation.proceed(ReflectiveMethodInvocation.java:186)
	at org.springframework.aop.framework.CglibAopProxy$DynamicAdvisedInterceptor.intercept(CglibAopProxy.java:688)
	at cn.zhh.crawler.runner.Dao$$EnhancerBySpringCGLIB$$dfd58192.insertDb(<generated>)
	at cn.zhh.crawler.mq.MqConsumer.consumePositionDetail(MqConsumer.java:56)
	at sun.reflect.NativeMethodAccessorImpl.invoke0(Native Method)
	at sun.reflect.NativeMethodAccessorImpl.invoke(NativeMethodAccessorImpl.java:62)
	at sun.reflect.DelegatingMethodAccessorImpl.invoke(DelegatingMethodAccessorImpl.java:43)
	at java.lang.reflect.Method.invoke(Method.java:498)
	at org.springframework.messaging.handler.invocation.InvocableHandlerMethod.doInvoke(InvocableHandlerMethod.java:171)
	at org.springframework.messaging.handler.invocation.InvocableHandlerMethod.invoke(InvocableHandlerMethod.java:120)
	at org.springframework.amqp.rabbit.listener.adapter.HandlerAdapter.invoke(HandlerAdapter.java:50)
	at org.springframework.amqp.rabbit.listener.adapter.MessagingMessageListenerAdapter.invokeHandler(MessagingMessageListenerAdapter.java:196)
	at org.springframework.amqp.rabbit.listener.adapter.MessagingMessageListenerAdapter.onMessage(MessagingMessageListenerAdapter.java:129)
	at org.springframework.amqp.rabbit.listener.AbstractMessageListenerContainer.doInvokeListener(AbstractMessageListenerContainer.java:1552)
	at org.springframework.amqp.rabbit.listener.AbstractMessageListenerContainer.actualInvokeListener(AbstractMessageListenerContainer.java:1478)
	at org.springframework.amqp.rabbit.listener.AbstractMessageListenerContainer.invokeListener(AbstractMessageListenerContainer.java:1466)
	at org.springframework.amqp.rabbit.listener.AbstractMessageListenerContainer.doExecuteListener(AbstractMessageListenerContainer.java:1461)
	at org.springframework.amqp.rabbit.listener.AbstractMessageListenerContainer.executeListener(AbstractMessageListenerContainer.java:1410)
	at org.springframework.amqp.rabbit.listener.SimpleMessageListenerContainer.doReceiveAndExecute(SimpleMessageListenerContainer.java:870)
	at org.springframework.amqp.rabbit.listener.SimpleMessageListenerContainer.receiveAndExecute(SimpleMessageListenerContainer.java:854)
	at org.springframework.amqp.rabbit.listener.SimpleMessageListenerContainer.access$1600(SimpleMessageListenerContainer.java:78)
	at org.springframework.amqp.rabbit.listener.SimpleMessageListenerContainer$AsyncMessageProcessingConsumer.mainLoop(SimpleMessageListenerContainer.java:1137)
	at org.springframework.amqp.rabbit.listener.SimpleMessageListenerContainer$AsyncMessageProcessingConsumer.run(SimpleMessageListenerContainer.java:1043)
	at java.lang.Thread.run(Thread.java:748)
Caused by: java.sql.SQLIntegrityConstraintViolationException: Duplicate entry '5703587-0' for key 'inf_position.uk_unique_key'
	at com.mysql.cj.jdbc.exceptions.SQLError.createSQLException(SQLError.java:117)
	at com.mysql.cj.jdbc.exceptions.SQLError.createSQLException(SQLError.java:97)
	at com.mysql.cj.jdbc.exceptions.SQLExceptionsMapping.translateException(SQLExceptionsMapping.java:122)
	at com.mysql.cj.jdbc.ClientPreparedStatement.executeInternal(ClientPreparedStatement.java:955)
	at com.mysql.cj.jdbc.ClientPreparedStatement.executeUpdateInternal(ClientPreparedStatement.java:1094)
	at com.mysql.cj.jdbc.ClientPreparedStatement.executeUpdateInternal(ClientPreparedStatement.java:1042)
	at com.mysql.cj.jdbc.ClientPreparedStatement.executeLargeUpdate(ClientPreparedStatement.java:1345)
	at com.mysql.cj.jdbc.ClientPreparedStatement.executeUpdate(ClientPreparedStatement.java:1027)
	at com.zaxxer.hikari.pool.ProxyPreparedStatement.executeUpdate(ProxyPreparedStatement.java:61)
	at com.zaxxer.hikari.pool.HikariProxyPreparedStatement.executeUpdate(HikariProxyPreparedStatement.java)
	at org.springframework.jdbc.core.JdbcTemplate.lambda$update$0(JdbcTemplate.java:866)
	at org.springframework.jdbc.core.JdbcTemplate.execute(JdbcTemplate.java:616)
	... 33 more

[2020-03-06 23:50:56:544] org.springframework.amqp.rabbit.RabbitListenerEndpointContainer#1-1 WARN c.zhh.crawler.chain.JBrowserStrategy 30 - JBrowser加载网页[url=https://www.lagou.com/jobs/6858742.html?show=75c89a229a80477385aa081db4b41a19]异常，t=org.openqa.selenium.NoSuchElementException: Element not found or does not exist.
For documentation on this error, please visit: https://www.seleniumhq.org/exceptions/no_such_element.html
Build info: version: '3.141.59', revision: 'e82be7d358', time: '2018-11-14T08:17:03'
System info: host: 'Z_HH', ip: '169.254.83.89', os.name: 'Windows 10', os.arch: 'amd64', os.version: '10.0', java.version: '1.8.0_141'
Driver info: driver.version: unknown
	at sun.reflect.NativeConstructorAccessorImpl.newInstance0(Native Method)
	at sun.reflect.NativeConstructorAccessorImpl.newInstance(NativeConstructorAccessorImpl.java:62)
	at sun.reflect.DelegatingConstructorAccessorImpl.newInstance(DelegatingConstructorAccessorImpl.java:45)
	at java.lang.reflect.Constructor.newInstance(Constructor.java:423)
	at com.machinepublishers.jbrowserdriver.Util.handleException(Util.java:128)
	at com.machinepublishers.jbrowserdriver.JBrowserDriver.getPageSource(JBrowserDriver.java:601)
	at cn.zhh.crawler.chain.JBrowserStrategy.crawl(JBrowserStrategy.java:24)
	at cn.zhh.crawler.chain.CrawlStrategyChain.doCrawl(CrawlStrategyChain.java:24)
	at cn.zhh.crawler.chain.JsoupStrategy.crawl(JsoupStrategy.java:36)
	at cn.zhh.crawler.chain.CrawlStrategyChain.doCrawl(CrawlStrategyChain.java:24)
	at cn.zhh.crawler.runner.ParseDetailRunner.parseDetail(ParseDetailRunner.java:49)
	at cn.zhh.crawler.mq.MqConsumer.consumePositionUrl(MqConsumer.java:43)
	at sun.reflect.NativeMethodAccessorImpl.invoke0(Native Method)
	at sun.reflect.NativeMethodAccessorImpl.invoke(NativeMethodAccessorImpl.java:62)
	at sun.reflect.DelegatingMethodAccessorImpl.invoke(DelegatingMethodAccessorImpl.java:43)
	at java.lang.reflect.Method.invoke(Method.java:498)
	at org.springframework.messaging.handler.invocation.InvocableHandlerMethod.doInvoke(InvocableHandlerMethod.java:171)
	at org.springframework.messaging.handler.invocation.InvocableHandlerMethod.invoke(InvocableHandlerMethod.java:120)
	at org.springframework.amqp.rabbit.listener.adapter.HandlerAdapter.invoke(HandlerAdapter.java:50)
	at org.springframework.amqp.rabbit.listener.adapter.MessagingMessageListenerAdapter.invokeHandler(MessagingMessageListenerAdapter.java:196)
	at org.springframework.amqp.rabbit.listener.adapter.MessagingMessageListenerAdapter.onMessage(MessagingMessageListenerAdapter.java:129)
	at org.springframework.amqp.rabbit.listener.AbstractMessageListenerContainer.doInvokeListener(AbstractMessageListenerContainer.java:1552)
	at org.springframework.amqp.rabbit.listener.AbstractMessageListenerContainer.actualInvokeListener(AbstractMessageListenerContainer.java:1478)
	at org.springframework.amqp.rabbit.listener.AbstractMessageListenerContainer.invokeListener(AbstractMessageListenerContainer.java:1466)
	at org.springframework.amqp.rabbit.listener.AbstractMessageListenerContainer.doExecuteListener(AbstractMessageListenerContainer.java:1461)
	at org.springframework.amqp.rabbit.listener.AbstractMessageListenerContainer.executeListener(AbstractMessageListenerContainer.java:1410)
	at org.springframework.amqp.rabbit.listener.SimpleMessageListenerContainer.doReceiveAndExecute(SimpleMessageListenerContainer.java:870)
	at org.springframework.amqp.rabbit.listener.SimpleMessageListenerContainer.receiveAndExecute(SimpleMessageListenerContainer.java:854)
	at org.springframework.amqp.rabbit.listener.SimpleMessageListenerContainer.access$1600(SimpleMessageListenerContainer.java:78)
	at org.springframework.amqp.rabbit.listener.SimpleMessageListenerContainer$AsyncMessageProcessingConsumer.mainLoop(SimpleMessageListenerContainer.java:1137)
	at org.springframework.amqp.rabbit.listener.SimpleMessageListenerContainer$AsyncMessageProcessingConsumer.run(SimpleMessageListenerContainer.java:1043)
	at java.lang.Thread.run(Thread.java:748)
Caused by: org.openqa.selenium.NoSuchElementException: Element not found or does not exist.
For documentation on this error, please visit: https://www.seleniumhq.org/exceptions/no_such_element.html
Build info: version: '3.141.59', revision: 'e82be7d358', time: '2018-11-14T08:17:03'
System info: host: 'Z_HH', ip: '169.254.83.89', os.name: 'Windows 10', os.arch: 'amd64', os.version: '10.0', java.version: '1.8.0_141'
Driver info: driver.version: unknown
	at com.machinepublishers.jbrowserdriver.ElementServer.validate(ElementServer.java:202)
	at com.machinepublishers.jbrowserdriver.ElementServer.lambda$new$0(ElementServer.java:152)
	at com.machinepublishers.jbrowserdriver.AppThread$Runner.run(AppThread.java:88)
	at com.sun.javafx.application.PlatformImpl.lambda$null$173(PlatformImpl.java:295)
	at java.security.AccessController.doPrivileged(Native Method)
	at com.sun.javafx.application.PlatformImpl.lambda$runLater$174(PlatformImpl.java:294)
	at com.machinepublishers.glass.ui.monocle.RunnableProcessor.runLoop(RunnableProcessor.java:94)
	at com.machinepublishers.glass.ui.monocle.RunnableProcessor.run(RunnableProcessor.java:53)
	... 1 more

[2020-03-06 23:51:07:520] org.springframework.amqp.rabbit.RabbitListenerEndpointContainer#1-1 INFO cn.zhh.crawler.mq.MqProducer 35 - 发送职位详情至MQ，positionDetail=[广州六一信息科技有限公司-高级Java开发工程师（流量中心）(J10067)]
[2020-03-06 23:51:07:521] org.springframework.amqp.rabbit.RabbitListenerEndpointContainer#1-1 INFO cn.zhh.crawler.mq.MqConsumer 41 - 消费职位链接，urlDTO=[UrlDTO(url=https://www.lagou.com/jobs/6832450.html?show=75c89a229a80477385aa081db4b41a19, retryCount=3)]
[2020-03-06 23:51:07:543] org.springframework.amqp.rabbit.RabbitListenerEndpointContainer#0-1 INFO cn.zhh.crawler.mq.MqConsumer 53 - 消费职位详情，detail=[广州六一信息科技有限公司-高级Java开发工程师（流量中心）(J10067)]
[2020-03-06 23:51:13:322] org.springframework.amqp.rabbit.RabbitListenerEndpointContainer#1-1 WARN c.zhh.crawler.chain.JBrowserStrategy 30 - JBrowser加载网页[url=https://www.lagou.com/jobs/6832450.html?show=75c89a229a80477385aa081db4b41a19]异常，t=org.openqa.selenium.NoSuchElementException: Element not found or does not exist.
For documentation on this error, please visit: https://www.seleniumhq.org/exceptions/no_such_element.html
Build info: version: '3.141.59', revision: 'e82be7d358', time: '2018-11-14T08:17:03'
System info: host: 'Z_HH', ip: '169.254.83.89', os.name: 'Windows 10', os.arch: 'amd64', os.version: '10.0', java.version: '1.8.0_141'
Driver info: driver.version: unknown
	at sun.reflect.NativeConstructorAccessorImpl.newInstance0(Native Method)
	at sun.reflect.NativeConstructorAccessorImpl.newInstance(NativeConstructorAccessorImpl.java:62)
	at sun.reflect.DelegatingConstructorAccessorImpl.newInstance(DelegatingConstructorAccessorImpl.java:45)
	at java.lang.reflect.Constructor.newInstance(Constructor.java:423)
	at com.machinepublishers.jbrowserdriver.Util.handleException(Util.java:128)
	at com.machinepublishers.jbrowserdriver.JBrowserDriver.getPageSource(JBrowserDriver.java:601)
	at cn.zhh.crawler.chain.JBrowserStrategy.crawl(JBrowserStrategy.java:24)
	at cn.zhh.crawler.chain.CrawlStrategyChain.doCrawl(CrawlStrategyChain.java:24)
	at cn.zhh.crawler.chain.JsoupStrategy.crawl(JsoupStrategy.java:36)
	at cn.zhh.crawler.chain.CrawlStrategyChain.doCrawl(CrawlStrategyChain.java:24)
	at cn.zhh.crawler.runner.ParseDetailRunner.parseDetail(ParseDetailRunner.java:49)
	at cn.zhh.crawler.mq.MqConsumer.consumePositionUrl(MqConsumer.java:43)
	at sun.reflect.NativeMethodAccessorImpl.invoke0(Native Method)
	at sun.reflect.NativeMethodAccessorImpl.invoke(NativeMethodAccessorImpl.java:62)
	at sun.reflect.DelegatingMethodAccessorImpl.invoke(DelegatingMethodAccessorImpl.java:43)
	at java.lang.reflect.Method.invoke(Method.java:498)
	at org.springframework.messaging.handler.invocation.InvocableHandlerMethod.doInvoke(InvocableHandlerMethod.java:171)
	at org.springframework.messaging.handler.invocation.InvocableHandlerMethod.invoke(InvocableHandlerMethod.java:120)
	at org.springframework.amqp.rabbit.listener.adapter.HandlerAdapter.invoke(HandlerAdapter.java:50)
	at org.springframework.amqp.rabbit.listener.adapter.MessagingMessageListenerAdapter.invokeHandler(MessagingMessageListenerAdapter.java:196)
	at org.springframework.amqp.rabbit.listener.adapter.MessagingMessageListenerAdapter.onMessage(MessagingMessageListenerAdapter.java:129)
	at org.springframework.amqp.rabbit.listener.AbstractMessageListenerContainer.doInvokeListener(AbstractMessageListenerContainer.java:1552)
	at org.springframework.amqp.rabbit.listener.AbstractMessageListenerContainer.actualInvokeListener(AbstractMessageListenerContainer.java:1478)
	at org.springframework.amqp.rabbit.listener.AbstractMessageListenerContainer.invokeListener(AbstractMessageListenerContainer.java:1466)
	at org.springframework.amqp.rabbit.listener.AbstractMessageListenerContainer.doExecuteListener(AbstractMessageListenerContainer.java:1461)
	at org.springframework.amqp.rabbit.listener.AbstractMessageListenerContainer.executeListener(AbstractMessageListenerContainer.java:1410)
	at org.springframework.amqp.rabbit.listener.SimpleMessageListenerContainer.doReceiveAndExecute(SimpleMessageListenerContainer.java:870)
	at org.springframework.amqp.rabbit.listener.SimpleMessageListenerContainer.receiveAndExecute(SimpleMessageListenerContainer.java:854)
	at org.springframework.amqp.rabbit.listener.SimpleMessageListenerContainer.access$1600(SimpleMessageListenerContainer.java:78)
	at org.springframework.amqp.rabbit.listener.SimpleMessageListenerContainer$AsyncMessageProcessingConsumer.mainLoop(SimpleMessageListenerContainer.java:1137)
	at org.springframework.amqp.rabbit.listener.SimpleMessageListenerContainer$AsyncMessageProcessingConsumer.run(SimpleMessageListenerContainer.java:1043)
	at java.lang.Thread.run(Thread.java:748)
Caused by: org.openqa.selenium.NoSuchElementException: Element not found or does not exist.
For documentation on this error, please visit: https://www.seleniumhq.org/exceptions/no_such_element.html
Build info: version: '3.141.59', revision: 'e82be7d358', time: '2018-11-14T08:17:03'
System info: host: 'Z_HH', ip: '169.254.83.89', os.name: 'Windows 10', os.arch: 'amd64', os.version: '10.0', java.version: '1.8.0_141'
Driver info: driver.version: unknown
	at com.machinepublishers.jbrowserdriver.ElementServer.validate(ElementServer.java:202)
	at com.machinepublishers.jbrowserdriver.ElementServer.lambda$new$0(ElementServer.java:152)
	at com.machinepublishers.jbrowserdriver.AppThread$Runner.run(AppThread.java:88)
	at com.sun.javafx.application.PlatformImpl.lambda$null$173(PlatformImpl.java:295)
	at java.security.AccessController.doPrivileged(Native Method)
	at com.sun.javafx.application.PlatformImpl.lambda$runLater$174(PlatformImpl.java:294)
	at com.machinepublishers.glass.ui.monocle.RunnableProcessor.runLoop(RunnableProcessor.java:94)
	at com.machinepublishers.glass.ui.monocle.RunnableProcessor.run(RunnableProcessor.java:53)
	... 1 more

[2020-03-06 23:51:21:834] org.springframework.amqp.rabbit.RabbitListenerEndpointContainer#1-1 INFO cn.zhh.crawler.mq.MqProducer 35 - 发送职位详情至MQ，positionDetail=[广州帝隆云计算有限公司-高级java开发工程师]
[2020-03-06 23:51:21:835] org.springframework.amqp.rabbit.RabbitListenerEndpointContainer#1-1 INFO cn.zhh.crawler.mq.MqConsumer 41 - 消费职位链接，urlDTO=[UrlDTO(url=https://www.lagou.com/jobs/6586699.html?show=75c89a229a80477385aa081db4b41a19, retryCount=3)]
[2020-03-06 23:51:21:859] org.springframework.amqp.rabbit.RabbitListenerEndpointContainer#0-1 INFO cn.zhh.crawler.mq.MqConsumer 53 - 消费职位详情，detail=[广州帝隆云计算有限公司-高级java开发工程师]
[2020-03-06 23:51:22:300] org.springframework.amqp.rabbit.RabbitListenerEndpointContainer#1-1 INFO cn.zhh.crawler.mq.MqProducer 35 - 发送职位详情至MQ，positionDetail=[广州美读信息技术有限公司-java工程师]
[2020-03-06 23:51:22:301] org.springframework.amqp.rabbit.RabbitListenerEndpointContainer#1-1 INFO cn.zhh.crawler.mq.MqConsumer 41 - 消费职位链接，urlDTO=[UrlDTO(url=https://www.lagou.com/jobs/5600448.html?show=75c89a229a80477385aa081db4b41a19, retryCount=3)]
[2020-03-06 23:51:22:326] org.springframework.amqp.rabbit.RabbitListenerEndpointContainer#0-1 INFO cn.zhh.crawler.mq.MqConsumer 53 - 消费职位详情，detail=[广州美读信息技术有限公司-java工程师]
[2020-03-06 23:51:22:362] org.springframework.amqp.rabbit.RabbitListenerEndpointContainer#0-1 ERROR cn.zhh.crawler.mq.MqConsumer 58 - 消费职位详情异常，t=org.springframework.dao.DuplicateKeyException: PreparedStatementCallback; SQL [insert into inf_position (unique_key, name, salary, city, work_exp, education, welfare, description, label, work_address,publish_time, url, company_name, company_logo, company_developmental_stage,company_scale, company_domain, company_url, company_introduction, creator) values (?, ?, ?, ?, ?, ?, ?, ?, ?, ?, ?, ?, ?, ?, ?, ?, ?, ?, ?, ?)]; Duplicate entry '6586699-0' for key 'inf_position.uk_unique_key'; nested exception is java.sql.SQLIntegrityConstraintViolationException: Duplicate entry '6586699-0' for key 'inf_position.uk_unique_key'
	at org.springframework.jdbc.support.SQLErrorCodeSQLExceptionTranslator.doTranslate(SQLErrorCodeSQLExceptionTranslator.java:242)
	at org.springframework.jdbc.support.AbstractFallbackSQLExceptionTranslator.translate(AbstractFallbackSQLExceptionTranslator.java:72)
	at org.springframework.jdbc.core.JdbcTemplate.translateException(JdbcTemplate.java:1442)
	at org.springframework.jdbc.core.JdbcTemplate.execute(JdbcTemplate.java:632)
	at org.springframework.jdbc.core.JdbcTemplate.update(JdbcTemplate.java:861)
	at org.springframework.jdbc.core.JdbcTemplate.update(JdbcTemplate.java:916)
	at org.springframework.jdbc.core.JdbcTemplate.update(JdbcTemplate.java:926)
	at cn.zhh.crawler.runner.Dao.insertDb(Dao.java:56)
	at cn.zhh.crawler.runner.Dao$$FastClassBySpringCGLIB$$5fa6eb25.invoke(<generated>)
	at org.springframework.cglib.proxy.MethodProxy.invoke(MethodProxy.java:218)
	at org.springframework.aop.framework.CglibAopProxy$CglibMethodInvocation.invokeJoinpoint(CglibAopProxy.java:749)
	at org.springframework.aop.framework.ReflectiveMethodInvocation.proceed(ReflectiveMethodInvocation.java:163)
	at org.springframework.dao.support.PersistenceExceptionTranslationInterceptor.invoke(PersistenceExceptionTranslationInterceptor.java:139)
	at org.springframework.aop.framework.ReflectiveMethodInvocation.proceed(ReflectiveMethodInvocation.java:186)
	at org.springframework.aop.framework.CglibAopProxy$DynamicAdvisedInterceptor.intercept(CglibAopProxy.java:688)
	at cn.zhh.crawler.runner.Dao$$EnhancerBySpringCGLIB$$dfd58192.insertDb(<generated>)
	at cn.zhh.crawler.mq.MqConsumer.consumePositionDetail(MqConsumer.java:56)
	at sun.reflect.NativeMethodAccessorImpl.invoke0(Native Method)
	at sun.reflect.NativeMethodAccessorImpl.invoke(NativeMethodAccessorImpl.java:62)
	at sun.reflect.DelegatingMethodAccessorImpl.invoke(DelegatingMethodAccessorImpl.java:43)
	at java.lang.reflect.Method.invoke(Method.java:498)
	at org.springframework.messaging.handler.invocation.InvocableHandlerMethod.doInvoke(InvocableHandlerMethod.java:171)
	at org.springframework.messaging.handler.invocation.InvocableHandlerMethod.invoke(InvocableHandlerMethod.java:120)
	at org.springframework.amqp.rabbit.listener.adapter.HandlerAdapter.invoke(HandlerAdapter.java:50)
	at org.springframework.amqp.rabbit.listener.adapter.MessagingMessageListenerAdapter.invokeHandler(MessagingMessageListenerAdapter.java:196)
	at org.springframework.amqp.rabbit.listener.adapter.MessagingMessageListenerAdapter.onMessage(MessagingMessageListenerAdapter.java:129)
	at org.springframework.amqp.rabbit.listener.AbstractMessageListenerContainer.doInvokeListener(AbstractMessageListenerContainer.java:1552)
	at org.springframework.amqp.rabbit.listener.AbstractMessageListenerContainer.actualInvokeListener(AbstractMessageListenerContainer.java:1478)
	at org.springframework.amqp.rabbit.listener.AbstractMessageListenerContainer.invokeListener(AbstractMessageListenerContainer.java:1466)
	at org.springframework.amqp.rabbit.listener.AbstractMessageListenerContainer.doExecuteListener(AbstractMessageListenerContainer.java:1461)
	at org.springframework.amqp.rabbit.listener.AbstractMessageListenerContainer.executeListener(AbstractMessageListenerContainer.java:1410)
	at org.springframework.amqp.rabbit.listener.SimpleMessageListenerContainer.doReceiveAndExecute(SimpleMessageListenerContainer.java:870)
	at org.springframework.amqp.rabbit.listener.SimpleMessageListenerContainer.receiveAndExecute(SimpleMessageListenerContainer.java:854)
	at org.springframework.amqp.rabbit.listener.SimpleMessageListenerContainer.access$1600(SimpleMessageListenerContainer.java:78)
	at org.springframework.amqp.rabbit.listener.SimpleMessageListenerContainer$AsyncMessageProcessingConsumer.mainLoop(SimpleMessageListenerContainer.java:1137)
	at org.springframework.amqp.rabbit.listener.SimpleMessageListenerContainer$AsyncMessageProcessingConsumer.run(SimpleMessageListenerContainer.java:1043)
	at java.lang.Thread.run(Thread.java:748)
Caused by: java.sql.SQLIntegrityConstraintViolationException: Duplicate entry '6586699-0' for key 'inf_position.uk_unique_key'
	at com.mysql.cj.jdbc.exceptions.SQLError.createSQLException(SQLError.java:117)
	at com.mysql.cj.jdbc.exceptions.SQLError.createSQLException(SQLError.java:97)
	at com.mysql.cj.jdbc.exceptions.SQLExceptionsMapping.translateException(SQLExceptionsMapping.java:122)
	at com.mysql.cj.jdbc.ClientPreparedStatement.executeInternal(ClientPreparedStatement.java:955)
	at com.mysql.cj.jdbc.ClientPreparedStatement.executeUpdateInternal(ClientPreparedStatement.java:1094)
	at com.mysql.cj.jdbc.ClientPreparedStatement.executeUpdateInternal(ClientPreparedStatement.java:1042)
	at com.mysql.cj.jdbc.ClientPreparedStatement.executeLargeUpdate(ClientPreparedStatement.java:1345)
	at com.mysql.cj.jdbc.ClientPreparedStatement.executeUpdate(ClientPreparedStatement.java:1027)
	at com.zaxxer.hikari.pool.ProxyPreparedStatement.executeUpdate(ProxyPreparedStatement.java:61)
	at com.zaxxer.hikari.pool.HikariProxyPreparedStatement.executeUpdate(HikariProxyPreparedStatement.java)
	at org.springframework.jdbc.core.JdbcTemplate.lambda$update$0(JdbcTemplate.java:866)
	at org.springframework.jdbc.core.JdbcTemplate.execute(JdbcTemplate.java:616)
	... 33 more

[2020-03-06 23:51:22:611] org.springframework.amqp.rabbit.RabbitListenerEndpointContainer#1-1 INFO cn.zhh.crawler.mq.MqProducer 35 - 发送职位详情至MQ，positionDetail=[大圣科技股份有限公司-java高级开发工程师]
[2020-03-06 23:51:22:612] org.springframework.amqp.rabbit.RabbitListenerEndpointContainer#1-1 INFO cn.zhh.crawler.mq.MqConsumer 41 - 消费职位链接，urlDTO=[UrlDTO(url=https://www.lagou.com/jobs/6799633.html?show=75c89a229a80477385aa081db4b41a19, retryCount=3)]
[2020-03-06 23:51:22:641] org.springframework.amqp.rabbit.RabbitListenerEndpointContainer#0-1 INFO cn.zhh.crawler.mq.MqConsumer 53 - 消费职位详情，detail=[大圣科技股份有限公司-java高级开发工程师]
[2020-03-06 23:51:22:668] org.springframework.amqp.rabbit.RabbitListenerEndpointContainer#0-1 ERROR cn.zhh.crawler.mq.MqConsumer 58 - 消费职位详情异常，t=org.springframework.dao.DuplicateKeyException: PreparedStatementCallback; SQL [insert into inf_position (unique_key, name, salary, city, work_exp, education, welfare, description, label, work_address,publish_time, url, company_name, company_logo, company_developmental_stage,company_scale, company_domain, company_url, company_introduction, creator) values (?, ?, ?, ?, ?, ?, ?, ?, ?, ?, ?, ?, ?, ?, ?, ?, ?, ?, ?, ?)]; Duplicate entry '5600448-0' for key 'inf_position.uk_unique_key'; nested exception is java.sql.SQLIntegrityConstraintViolationException: Duplicate entry '5600448-0' for key 'inf_position.uk_unique_key'
	at org.springframework.jdbc.support.SQLErrorCodeSQLExceptionTranslator.doTranslate(SQLErrorCodeSQLExceptionTranslator.java:242)
	at org.springframework.jdbc.support.AbstractFallbackSQLExceptionTranslator.translate(AbstractFallbackSQLExceptionTranslator.java:72)
	at org.springframework.jdbc.core.JdbcTemplate.translateException(JdbcTemplate.java:1442)
	at org.springframework.jdbc.core.JdbcTemplate.execute(JdbcTemplate.java:632)
	at org.springframework.jdbc.core.JdbcTemplate.update(JdbcTemplate.java:861)
	at org.springframework.jdbc.core.JdbcTemplate.update(JdbcTemplate.java:916)
	at org.springframework.jdbc.core.JdbcTemplate.update(JdbcTemplate.java:926)
	at cn.zhh.crawler.runner.Dao.insertDb(Dao.java:56)
	at cn.zhh.crawler.runner.Dao$$FastClassBySpringCGLIB$$5fa6eb25.invoke(<generated>)
	at org.springframework.cglib.proxy.MethodProxy.invoke(MethodProxy.java:218)
	at org.springframework.aop.framework.CglibAopProxy$CglibMethodInvocation.invokeJoinpoint(CglibAopProxy.java:749)
	at org.springframework.aop.framework.ReflectiveMethodInvocation.proceed(ReflectiveMethodInvocation.java:163)
	at org.springframework.dao.support.PersistenceExceptionTranslationInterceptor.invoke(PersistenceExceptionTranslationInterceptor.java:139)
	at org.springframework.aop.framework.ReflectiveMethodInvocation.proceed(ReflectiveMethodInvocation.java:186)
	at org.springframework.aop.framework.CglibAopProxy$DynamicAdvisedInterceptor.intercept(CglibAopProxy.java:688)
	at cn.zhh.crawler.runner.Dao$$EnhancerBySpringCGLIB$$dfd58192.insertDb(<generated>)
	at cn.zhh.crawler.mq.MqConsumer.consumePositionDetail(MqConsumer.java:56)
	at sun.reflect.NativeMethodAccessorImpl.invoke0(Native Method)
	at sun.reflect.NativeMethodAccessorImpl.invoke(NativeMethodAccessorImpl.java:62)
	at sun.reflect.DelegatingMethodAccessorImpl.invoke(DelegatingMethodAccessorImpl.java:43)
	at java.lang.reflect.Method.invoke(Method.java:498)
	at org.springframework.messaging.handler.invocation.InvocableHandlerMethod.doInvoke(InvocableHandlerMethod.java:171)
	at org.springframework.messaging.handler.invocation.InvocableHandlerMethod.invoke(InvocableHandlerMethod.java:120)
	at org.springframework.amqp.rabbit.listener.adapter.HandlerAdapter.invoke(HandlerAdapter.java:50)
	at org.springframework.amqp.rabbit.listener.adapter.MessagingMessageListenerAdapter.invokeHandler(MessagingMessageListenerAdapter.java:196)
	at org.springframework.amqp.rabbit.listener.adapter.MessagingMessageListenerAdapter.onMessage(MessagingMessageListenerAdapter.java:129)
	at org.springframework.amqp.rabbit.listener.AbstractMessageListenerContainer.doInvokeListener(AbstractMessageListenerContainer.java:1552)
	at org.springframework.amqp.rabbit.listener.AbstractMessageListenerContainer.actualInvokeListener(AbstractMessageListenerContainer.java:1478)
	at org.springframework.amqp.rabbit.listener.AbstractMessageListenerContainer.invokeListener(AbstractMessageListenerContainer.java:1466)
	at org.springframework.amqp.rabbit.listener.AbstractMessageListenerContainer.doExecuteListener(AbstractMessageListenerContainer.java:1461)
	at org.springframework.amqp.rabbit.listener.AbstractMessageListenerContainer.executeListener(AbstractMessageListenerContainer.java:1410)
	at org.springframework.amqp.rabbit.listener.SimpleMessageListenerContainer.doReceiveAndExecute(SimpleMessageListenerContainer.java:870)
	at org.springframework.amqp.rabbit.listener.SimpleMessageListenerContainer.receiveAndExecute(SimpleMessageListenerContainer.java:854)
	at org.springframework.amqp.rabbit.listener.SimpleMessageListenerContainer.access$1600(SimpleMessageListenerContainer.java:78)
	at org.springframework.amqp.rabbit.listener.SimpleMessageListenerContainer$AsyncMessageProcessingConsumer.mainLoop(SimpleMessageListenerContainer.java:1137)
	at org.springframework.amqp.rabbit.listener.SimpleMessageListenerContainer$AsyncMessageProcessingConsumer.run(SimpleMessageListenerContainer.java:1043)
	at java.lang.Thread.run(Thread.java:748)
Caused by: java.sql.SQLIntegrityConstraintViolationException: Duplicate entry '5600448-0' for key 'inf_position.uk_unique_key'
	at com.mysql.cj.jdbc.exceptions.SQLError.createSQLException(SQLError.java:117)
	at com.mysql.cj.jdbc.exceptions.SQLError.createSQLException(SQLError.java:97)
	at com.mysql.cj.jdbc.exceptions.SQLExceptionsMapping.translateException(SQLExceptionsMapping.java:122)
	at com.mysql.cj.jdbc.ClientPreparedStatement.executeInternal(ClientPreparedStatement.java:955)
	at com.mysql.cj.jdbc.ClientPreparedStatement.executeUpdateInternal(ClientPreparedStatement.java:1094)
	at com.mysql.cj.jdbc.ClientPreparedStatement.executeUpdateInternal(ClientPreparedStatement.java:1042)
	at com.mysql.cj.jdbc.ClientPreparedStatement.executeLargeUpdate(ClientPreparedStatement.java:1345)
	at com.mysql.cj.jdbc.ClientPreparedStatement.executeUpdate(ClientPreparedStatement.java:1027)
	at com.zaxxer.hikari.pool.ProxyPreparedStatement.executeUpdate(ProxyPreparedStatement.java:61)
	at com.zaxxer.hikari.pool.HikariProxyPreparedStatement.executeUpdate(HikariProxyPreparedStatement.java)
	at org.springframework.jdbc.core.JdbcTemplate.lambda$update$0(JdbcTemplate.java:866)
	at org.springframework.jdbc.core.JdbcTemplate.execute(JdbcTemplate.java:616)
	... 33 more

[2020-03-06 23:51:22:949] org.springframework.amqp.rabbit.RabbitListenerEndpointContainer#1-1 INFO cn.zhh.crawler.mq.MqProducer 35 - 发送职位详情至MQ，positionDetail=[广州小迈网络科技有限公司-游戏JAVA程序员]
[2020-03-06 23:51:22:967] org.springframework.amqp.rabbit.RabbitListenerEndpointContainer#0-1 INFO cn.zhh.crawler.mq.MqConsumer 53 - 消费职位详情，detail=[广州小迈网络科技有限公司-游戏JAVA程序员]
[2020-03-06 23:51:23:030] org.springframework.amqp.rabbit.RabbitListenerEndpointContainer#1-1 INFO cn.zhh.crawler.mq.MqConsumer 41 - 消费职位链接，urlDTO=[UrlDTO(url=https://www.lagou.com/jobs/6262449.html?show=75c89a229a80477385aa081db4b41a19, retryCount=3)]
[2020-03-06 23:51:23:030] org.springframework.amqp.rabbit.RabbitListenerEndpointContainer#1-2 INFO cn.zhh.crawler.mq.MqConsumer 41 - 消费职位链接，urlDTO=[UrlDTO(url=https://www.lagou.com/jobs/6852221.html?show=75c89a229a80477385aa081db4b41a19, retryCount=3)]
[2020-03-06 23:51:23:344] org.springframework.amqp.rabbit.RabbitListenerEndpointContainer#1-2 INFO cn.zhh.crawler.mq.MqProducer 35 - 发送职位详情至MQ，positionDetail=[上海易娱网络科技有限公司广州分公司-java游戏服务端中高级开发]
[2020-03-06 23:51:23:363] org.springframework.amqp.rabbit.RabbitListenerEndpointContainer#1-2 INFO cn.zhh.crawler.mq.MqConsumer 41 - 消费职位链接，urlDTO=[UrlDTO(url=https://www.lagou.com/jobs/3448209.html?show=75c89a229a80477385aa081db4b41a19, retryCount=3)]
[2020-03-06 23:51:23:386] org.springframework.amqp.rabbit.RabbitListenerEndpointContainer#0-1 INFO cn.zhh.crawler.mq.MqConsumer 53 - 消费职位详情，detail=[上海易娱网络科技有限公司广州分公司-java游戏服务端中高级开发]
[2020-03-06 23:51:23:597] org.springframework.amqp.rabbit.RabbitListenerEndpointContainer#1-1 INFO cn.zhh.crawler.mq.MqProducer 35 - 发送职位详情至MQ，positionDetail=[广州奔步电脑有限公司-java主管]
[2020-03-06 23:51:23:598] org.springframework.amqp.rabbit.RabbitListenerEndpointContainer#1-1 INFO cn.zhh.crawler.mq.MqConsumer 41 - 消费职位链接，urlDTO=[UrlDTO(url=https://www.lagou.com/jobs/6653898.html?show=75c89a229a80477385aa081db4b41a19, retryCount=3)]
[2020-03-06 23:51:23:616] org.springframework.amqp.rabbit.RabbitListenerEndpointContainer#0-1 INFO cn.zhh.crawler.mq.MqConsumer 53 - 消费职位详情，detail=[广州奔步电脑有限公司-java主管]
[2020-03-06 23:51:29:892] org.springframework.amqp.rabbit.RabbitListenerEndpointContainer#1-2 WARN c.zhh.crawler.chain.JBrowserStrategy 30 - JBrowser加载网页[url=https://www.lagou.com/jobs/3448209.html?show=75c89a229a80477385aa081db4b41a19]异常，t=org.openqa.selenium.NoSuchElementException: Element not found or does not exist.
For documentation on this error, please visit: https://www.seleniumhq.org/exceptions/no_such_element.html
Build info: version: '3.141.59', revision: 'e82be7d358', time: '2018-11-14T08:17:03'
System info: host: 'Z_HH', ip: '169.254.83.89', os.name: 'Windows 10', os.arch: 'amd64', os.version: '10.0', java.version: '1.8.0_141'
Driver info: driver.version: unknown
	at sun.reflect.NativeConstructorAccessorImpl.newInstance0(Native Method)
	at sun.reflect.NativeConstructorAccessorImpl.newInstance(NativeConstructorAccessorImpl.java:62)
	at sun.reflect.DelegatingConstructorAccessorImpl.newInstance(DelegatingConstructorAccessorImpl.java:45)
	at java.lang.reflect.Constructor.newInstance(Constructor.java:423)
	at com.machinepublishers.jbrowserdriver.Util.handleException(Util.java:128)
	at com.machinepublishers.jbrowserdriver.JBrowserDriver.getPageSource(JBrowserDriver.java:601)
	at cn.zhh.crawler.chain.JBrowserStrategy.crawl(JBrowserStrategy.java:24)
	at cn.zhh.crawler.chain.CrawlStrategyChain.doCrawl(CrawlStrategyChain.java:24)
	at cn.zhh.crawler.chain.JsoupStrategy.crawl(JsoupStrategy.java:36)
	at cn.zhh.crawler.chain.CrawlStrategyChain.doCrawl(CrawlStrategyChain.java:24)
	at cn.zhh.crawler.runner.ParseDetailRunner.parseDetail(ParseDetailRunner.java:49)
	at cn.zhh.crawler.mq.MqConsumer.consumePositionUrl(MqConsumer.java:43)
	at sun.reflect.NativeMethodAccessorImpl.invoke0(Native Method)
	at sun.reflect.NativeMethodAccessorImpl.invoke(NativeMethodAccessorImpl.java:62)
	at sun.reflect.DelegatingMethodAccessorImpl.invoke(DelegatingMethodAccessorImpl.java:43)
	at java.lang.reflect.Method.invoke(Method.java:498)
	at org.springframework.messaging.handler.invocation.InvocableHandlerMethod.doInvoke(InvocableHandlerMethod.java:171)
	at org.springframework.messaging.handler.invocation.InvocableHandlerMethod.invoke(InvocableHandlerMethod.java:120)
	at org.springframework.amqp.rabbit.listener.adapter.HandlerAdapter.invoke(HandlerAdapter.java:50)
	at org.springframework.amqp.rabbit.listener.adapter.MessagingMessageListenerAdapter.invokeHandler(MessagingMessageListenerAdapter.java:196)
	at org.springframework.amqp.rabbit.listener.adapter.MessagingMessageListenerAdapter.onMessage(MessagingMessageListenerAdapter.java:129)
	at org.springframework.amqp.rabbit.listener.AbstractMessageListenerContainer.doInvokeListener(AbstractMessageListenerContainer.java:1552)
	at org.springframework.amqp.rabbit.listener.AbstractMessageListenerContainer.actualInvokeListener(AbstractMessageListenerContainer.java:1478)
	at org.springframework.amqp.rabbit.listener.AbstractMessageListenerContainer.invokeListener(AbstractMessageListenerContainer.java:1466)
	at org.springframework.amqp.rabbit.listener.AbstractMessageListenerContainer.doExecuteListener(AbstractMessageListenerContainer.java:1461)
	at org.springframework.amqp.rabbit.listener.AbstractMessageListenerContainer.executeListener(AbstractMessageListenerContainer.java:1410)
	at org.springframework.amqp.rabbit.listener.SimpleMessageListenerContainer.doReceiveAndExecute(SimpleMessageListenerContainer.java:870)
	at org.springframework.amqp.rabbit.listener.SimpleMessageListenerContainer.receiveAndExecute(SimpleMessageListenerContainer.java:854)
	at org.springframework.amqp.rabbit.listener.SimpleMessageListenerContainer.access$1600(SimpleMessageListenerContainer.java:78)
	at org.springframework.amqp.rabbit.listener.SimpleMessageListenerContainer$AsyncMessageProcessingConsumer.mainLoop(SimpleMessageListenerContainer.java:1137)
	at org.springframework.amqp.rabbit.listener.SimpleMessageListenerContainer$AsyncMessageProcessingConsumer.run(SimpleMessageListenerContainer.java:1043)
	at java.lang.Thread.run(Thread.java:748)
Caused by: org.openqa.selenium.NoSuchElementException: Element not found or does not exist.
For documentation on this error, please visit: https://www.seleniumhq.org/exceptions/no_such_element.html
Build info: version: '3.141.59', revision: 'e82be7d358', time: '2018-11-14T08:17:03'
System info: host: 'Z_HH', ip: '169.254.83.89', os.name: 'Windows 10', os.arch: 'amd64', os.version: '10.0', java.version: '1.8.0_141'
Driver info: driver.version: unknown
	at com.machinepublishers.jbrowserdriver.ElementServer.validate(ElementServer.java:202)
	at com.machinepublishers.jbrowserdriver.ElementServer.lambda$new$0(ElementServer.java:152)
	at com.machinepublishers.jbrowserdriver.AppThread$Runner.run(AppThread.java:88)
	at com.sun.javafx.application.PlatformImpl.lambda$null$173(PlatformImpl.java:295)
	at java.security.AccessController.doPrivileged(Native Method)
	at com.sun.javafx.application.PlatformImpl.lambda$runLater$174(PlatformImpl.java:294)
	at com.machinepublishers.glass.ui.monocle.RunnableProcessor.runLoop(RunnableProcessor.java:94)
	at com.machinepublishers.glass.ui.monocle.RunnableProcessor.run(RunnableProcessor.java:53)
	... 1 more

[2020-03-06 23:51:30:247] org.springframework.amqp.rabbit.RabbitListenerEndpointContainer#1-1 WARN c.zhh.crawler.chain.JBrowserStrategy 30 - JBrowser加载网页[url=https://www.lagou.com/jobs/6653898.html?show=75c89a229a80477385aa081db4b41a19]异常，t=org.openqa.selenium.NoSuchElementException: Element not found or does not exist.
For documentation on this error, please visit: https://www.seleniumhq.org/exceptions/no_such_element.html
Build info: version: '3.141.59', revision: 'e82be7d358', time: '2018-11-14T08:17:03'
System info: host: 'Z_HH', ip: '169.254.83.89', os.name: 'Windows 10', os.arch: 'amd64', os.version: '10.0', java.version: '1.8.0_141'
Driver info: driver.version: unknown
	at sun.reflect.NativeConstructorAccessorImpl.newInstance0(Native Method)
	at sun.reflect.NativeConstructorAccessorImpl.newInstance(NativeConstructorAccessorImpl.java:62)
	at sun.reflect.DelegatingConstructorAccessorImpl.newInstance(DelegatingConstructorAccessorImpl.java:45)
	at java.lang.reflect.Constructor.newInstance(Constructor.java:423)
	at com.machinepublishers.jbrowserdriver.Util.handleException(Util.java:128)
	at com.machinepublishers.jbrowserdriver.JBrowserDriver.getPageSource(JBrowserDriver.java:601)
	at cn.zhh.crawler.chain.JBrowserStrategy.crawl(JBrowserStrategy.java:24)
	at cn.zhh.crawler.chain.CrawlStrategyChain.doCrawl(CrawlStrategyChain.java:24)
	at cn.zhh.crawler.chain.JsoupStrategy.crawl(JsoupStrategy.java:36)
	at cn.zhh.crawler.chain.CrawlStrategyChain.doCrawl(CrawlStrategyChain.java:24)
	at cn.zhh.crawler.runner.ParseDetailRunner.parseDetail(ParseDetailRunner.java:49)
	at cn.zhh.crawler.mq.MqConsumer.consumePositionUrl(MqConsumer.java:43)
	at sun.reflect.NativeMethodAccessorImpl.invoke0(Native Method)
	at sun.reflect.NativeMethodAccessorImpl.invoke(NativeMethodAccessorImpl.java:62)
	at sun.reflect.DelegatingMethodAccessorImpl.invoke(DelegatingMethodAccessorImpl.java:43)
	at java.lang.reflect.Method.invoke(Method.java:498)
	at org.springframework.messaging.handler.invocation.InvocableHandlerMethod.doInvoke(InvocableHandlerMethod.java:171)
	at org.springframework.messaging.handler.invocation.InvocableHandlerMethod.invoke(InvocableHandlerMethod.java:120)
	at org.springframework.amqp.rabbit.listener.adapter.HandlerAdapter.invoke(HandlerAdapter.java:50)
	at org.springframework.amqp.rabbit.listener.adapter.MessagingMessageListenerAdapter.invokeHandler(MessagingMessageListenerAdapter.java:196)
	at org.springframework.amqp.rabbit.listener.adapter.MessagingMessageListenerAdapter.onMessage(MessagingMessageListenerAdapter.java:129)
	at org.springframework.amqp.rabbit.listener.AbstractMessageListenerContainer.doInvokeListener(AbstractMessageListenerContainer.java:1552)
	at org.springframework.amqp.rabbit.listener.AbstractMessageListenerContainer.actualInvokeListener(AbstractMessageListenerContainer.java:1478)
	at org.springframework.amqp.rabbit.listener.AbstractMessageListenerContainer.invokeListener(AbstractMessageListenerContainer.java:1466)
	at org.springframework.amqp.rabbit.listener.AbstractMessageListenerContainer.doExecuteListener(AbstractMessageListenerContainer.java:1461)
	at org.springframework.amqp.rabbit.listener.AbstractMessageListenerContainer.executeListener(AbstractMessageListenerContainer.java:1410)
	at org.springframework.amqp.rabbit.listener.SimpleMessageListenerContainer.doReceiveAndExecute(SimpleMessageListenerContainer.java:870)
	at org.springframework.amqp.rabbit.listener.SimpleMessageListenerContainer.receiveAndExecute(SimpleMessageListenerContainer.java:854)
	at org.springframework.amqp.rabbit.listener.SimpleMessageListenerContainer.access$1600(SimpleMessageListenerContainer.java:78)
	at org.springframework.amqp.rabbit.listener.SimpleMessageListenerContainer$AsyncMessageProcessingConsumer.mainLoop(SimpleMessageListenerContainer.java:1137)
	at org.springframework.amqp.rabbit.listener.SimpleMessageListenerContainer$AsyncMessageProcessingConsumer.run(SimpleMessageListenerContainer.java:1043)
	at java.lang.Thread.run(Thread.java:748)
Caused by: org.openqa.selenium.NoSuchElementException: Element not found or does not exist.
For documentation on this error, please visit: https://www.seleniumhq.org/exceptions/no_such_element.html
Build info: version: '3.141.59', revision: 'e82be7d358', time: '2018-11-14T08:17:03'
System info: host: 'Z_HH', ip: '169.254.83.89', os.name: 'Windows 10', os.arch: 'amd64', os.version: '10.0', java.version: '1.8.0_141'
Driver info: driver.version: unknown
	at com.machinepublishers.jbrowserdriver.ElementServer.validate(ElementServer.java:202)
	at com.machinepublishers.jbrowserdriver.ElementServer.lambda$new$0(ElementServer.java:152)
	at com.machinepublishers.jbrowserdriver.AppThread$Runner.run(AppThread.java:88)
	at com.sun.javafx.application.PlatformImpl.lambda$null$173(PlatformImpl.java:295)
	at java.security.AccessController.doPrivileged(Native Method)
	at com.sun.javafx.application.PlatformImpl.lambda$runLater$174(PlatformImpl.java:294)
	at com.machinepublishers.glass.ui.monocle.RunnableProcessor.runLoop(RunnableProcessor.java:94)
	at com.machinepublishers.glass.ui.monocle.RunnableProcessor.run(RunnableProcessor.java:53)
	... 1 more

[2020-03-06 23:51:42:928] org.springframework.amqp.rabbit.RabbitListenerEndpointContainer#1-2 WARN cn.zhh.crawler.chain.ChromeStrategy 30 - Chrome加载网页[url=https://www.lagou.com/jobs/3448209.html?show=75c89a229a80477385aa081db4b41a19]异常，t=org.openqa.selenium.TimeoutException: timeout: Timed out receiving message from renderer: -0.058
  (Session info: chrome=80.0.3987.132)
Build info: version: '3.141.59', revision: 'e82be7d358', time: '2018-11-14T08:17:03'
System info: host: 'Z_HH', ip: '169.254.83.89', os.name: 'Windows 10', os.arch: 'amd64', os.version: '10.0', java.version: '1.8.0_141'
Driver info: org.openqa.selenium.chrome.ChromeDriver
Capabilities {acceptInsecureCerts: false, browserName: chrome, browserVersion: 80.0.3987.132, chrome: {chromedriverVersion: 80.0.3987.16 (320f6526c1632..., userDataDir: C:\Users\dell\AppData\Local...}, goog:chromeOptions: {debuggerAddress: localhost:65410}, javascriptEnabled: true, networkConnectionEnabled: false, pageLoadStrategy: normal, platform: WINDOWS, platformName: WINDOWS, proxy: Proxy(), setWindowRect: true, strictFileInteractability: false, timeouts: {implicit: 0, pageLoad: 300000, script: 30000}, unhandledPromptBehavior: dismiss and notify}
Session ID: 187c03ef2cfd6b867ef8e16a483c546c
	at sun.reflect.NativeConstructorAccessorImpl.newInstance0(Native Method)
	at sun.reflect.NativeConstructorAccessorImpl.newInstance(NativeConstructorAccessorImpl.java:62)
	at sun.reflect.DelegatingConstructorAccessorImpl.newInstance(DelegatingConstructorAccessorImpl.java:45)
	at java.lang.reflect.Constructor.newInstance(Constructor.java:423)
	at org.openqa.selenium.remote.http.W3CHttpResponseCodec.createException(W3CHttpResponseCodec.java:187)
	at org.openqa.selenium.remote.http.W3CHttpResponseCodec.decode(W3CHttpResponseCodec.java:122)
	at org.openqa.selenium.remote.http.W3CHttpResponseCodec.decode(W3CHttpResponseCodec.java:49)
	at org.openqa.selenium.remote.HttpCommandExecutor.execute(HttpCommandExecutor.java:158)
	at org.openqa.selenium.remote.service.DriverCommandExecutor.execute(DriverCommandExecutor.java:83)
	at org.openqa.selenium.remote.RemoteWebDriver.execute(RemoteWebDriver.java:552)
	at org.openqa.selenium.remote.RemoteWebDriver.get(RemoteWebDriver.java:277)
	at cn.zhh.crawler.chain.ChromeStrategy.crawl(ChromeStrategy.java:23)
	at cn.zhh.crawler.chain.CrawlStrategyChain.doCrawl(CrawlStrategyChain.java:24)
	at cn.zhh.crawler.chain.JBrowserStrategy.crawl(JBrowserStrategy.java:34)
	at cn.zhh.crawler.chain.CrawlStrategyChain.doCrawl(CrawlStrategyChain.java:24)
	at cn.zhh.crawler.chain.JsoupStrategy.crawl(JsoupStrategy.java:36)
	at cn.zhh.crawler.chain.CrawlStrategyChain.doCrawl(CrawlStrategyChain.java:24)
	at cn.zhh.crawler.runner.ParseDetailRunner.parseDetail(ParseDetailRunner.java:49)
	at cn.zhh.crawler.mq.MqConsumer.consumePositionUrl(MqConsumer.java:43)
	at sun.reflect.NativeMethodAccessorImpl.invoke0(Native Method)
	at sun.reflect.NativeMethodAccessorImpl.invoke(NativeMethodAccessorImpl.java:62)
	at sun.reflect.DelegatingMethodAccessorImpl.invoke(DelegatingMethodAccessorImpl.java:43)
	at java.lang.reflect.Method.invoke(Method.java:498)
	at org.springframework.messaging.handler.invocation.InvocableHandlerMethod.doInvoke(InvocableHandlerMethod.java:171)
	at org.springframework.messaging.handler.invocation.InvocableHandlerMethod.invoke(InvocableHandlerMethod.java:120)
	at org.springframework.amqp.rabbit.listener.adapter.HandlerAdapter.invoke(HandlerAdapter.java:50)
	at org.springframework.amqp.rabbit.listener.adapter.MessagingMessageListenerAdapter.invokeHandler(MessagingMessageListenerAdapter.java:196)
	at org.springframework.amqp.rabbit.listener.adapter.MessagingMessageListenerAdapter.onMessage(MessagingMessageListenerAdapter.java:129)
	at org.springframework.amqp.rabbit.listener.AbstractMessageListenerContainer.doInvokeListener(AbstractMessageListenerContainer.java:1552)
	at org.springframework.amqp.rabbit.listener.AbstractMessageListenerContainer.actualInvokeListener(AbstractMessageListenerContainer.java:1478)
	at org.springframework.amqp.rabbit.listener.AbstractMessageListenerContainer.invokeListener(AbstractMessageListenerContainer.java:1466)
	at org.springframework.amqp.rabbit.listener.AbstractMessageListenerContainer.doExecuteListener(AbstractMessageListenerContainer.java:1461)
	at org.springframework.amqp.rabbit.listener.AbstractMessageListenerContainer.executeListener(AbstractMessageListenerContainer.java:1410)
	at org.springframework.amqp.rabbit.listener.SimpleMessageListenerContainer.doReceiveAndExecute(SimpleMessageListenerContainer.java:870)
	at org.springframework.amqp.rabbit.listener.SimpleMessageListenerContainer.receiveAndExecute(SimpleMessageListenerContainer.java:854)
	at org.springframework.amqp.rabbit.listener.SimpleMessageListenerContainer.access$1600(SimpleMessageListenerContainer.java:78)
	at org.springframework.amqp.rabbit.listener.SimpleMessageListenerContainer$AsyncMessageProcessingConsumer.mainLoop(SimpleMessageListenerContainer.java:1137)
	at org.springframework.amqp.rabbit.listener.SimpleMessageListenerContainer$AsyncMessageProcessingConsumer.run(SimpleMessageListenerContainer.java:1043)
	at java.lang.Thread.run(Thread.java:748)

[2020-03-06 23:51:44:453] org.springframework.amqp.rabbit.RabbitListenerEndpointContainer#1-2 INFO cn.zhh.crawler.mq.MqProducer 28 - 发送职位链接至MQ，url=[https://www.lagou.com/jobs/3448209.html?show=75c89a229a80477385aa081db4b41a19]
[2020-03-06 23:51:44:470] org.springframework.amqp.rabbit.RabbitListenerEndpointContainer#1-2 INFO cn.zhh.crawler.mq.MqConsumer 41 - 消费职位链接，urlDTO=[UrlDTO(url=https://www.lagou.com/jobs/6862063.html?show=75c89a229a80477385aa081db4b41a19, retryCount=3)]
[2020-03-06 23:51:44:588] org.springframework.amqp.rabbit.RabbitListenerEndpointContainer#1-1 WARN cn.zhh.crawler.chain.ChromeStrategy 30 - Chrome加载网页[url=https://www.lagou.com/jobs/6653898.html?show=75c89a229a80477385aa081db4b41a19]异常，t=org.openqa.selenium.TimeoutException: timeout: Timed out receiving message from renderer: -0.040
  (Session info: chrome=80.0.3987.132)
Build info: version: '3.141.59', revision: 'e82be7d358', time: '2018-11-14T08:17:03'
System info: host: 'Z_HH', ip: '169.254.83.89', os.name: 'Windows 10', os.arch: 'amd64', os.version: '10.0', java.version: '1.8.0_141'
Driver info: org.openqa.selenium.chrome.ChromeDriver
Capabilities {acceptInsecureCerts: false, browserName: chrome, browserVersion: 80.0.3987.132, chrome: {chromedriverVersion: 80.0.3987.16 (320f6526c1632..., userDataDir: C:\Users\dell\AppData\Local...}, goog:chromeOptions: {debuggerAddress: localhost:65429}, javascriptEnabled: true, networkConnectionEnabled: false, pageLoadStrategy: normal, platform: WINDOWS, platformName: WINDOWS, proxy: Proxy(), setWindowRect: true, strictFileInteractability: false, timeouts: {implicit: 0, pageLoad: 300000, script: 30000}, unhandledPromptBehavior: dismiss and notify}
Session ID: 249b5dcd512673af583e5292ecb55a94
	at sun.reflect.NativeConstructorAccessorImpl.newInstance0(Native Method)
	at sun.reflect.NativeConstructorAccessorImpl.newInstance(NativeConstructorAccessorImpl.java:62)
	at sun.reflect.DelegatingConstructorAccessorImpl.newInstance(DelegatingConstructorAccessorImpl.java:45)
	at java.lang.reflect.Constructor.newInstance(Constructor.java:423)
	at org.openqa.selenium.remote.http.W3CHttpResponseCodec.createException(W3CHttpResponseCodec.java:187)
	at org.openqa.selenium.remote.http.W3CHttpResponseCodec.decode(W3CHttpResponseCodec.java:122)
	at org.openqa.selenium.remote.http.W3CHttpResponseCodec.decode(W3CHttpResponseCodec.java:49)
	at org.openqa.selenium.remote.HttpCommandExecutor.execute(HttpCommandExecutor.java:158)
	at org.openqa.selenium.remote.service.DriverCommandExecutor.execute(DriverCommandExecutor.java:83)
	at org.openqa.selenium.remote.RemoteWebDriver.execute(RemoteWebDriver.java:552)
	at org.openqa.selenium.remote.RemoteWebDriver.get(RemoteWebDriver.java:277)
	at cn.zhh.crawler.chain.ChromeStrategy.crawl(ChromeStrategy.java:23)
	at cn.zhh.crawler.chain.CrawlStrategyChain.doCrawl(CrawlStrategyChain.java:24)
	at cn.zhh.crawler.chain.JBrowserStrategy.crawl(JBrowserStrategy.java:34)
	at cn.zhh.crawler.chain.CrawlStrategyChain.doCrawl(CrawlStrategyChain.java:24)
	at cn.zhh.crawler.chain.JsoupStrategy.crawl(JsoupStrategy.java:36)
	at cn.zhh.crawler.chain.CrawlStrategyChain.doCrawl(CrawlStrategyChain.java:24)
	at cn.zhh.crawler.runner.ParseDetailRunner.parseDetail(ParseDetailRunner.java:49)
	at cn.zhh.crawler.mq.MqConsumer.consumePositionUrl(MqConsumer.java:43)
	at sun.reflect.NativeMethodAccessorImpl.invoke0(Native Method)
	at sun.reflect.NativeMethodAccessorImpl.invoke(NativeMethodAccessorImpl.java:62)
	at sun.reflect.DelegatingMethodAccessorImpl.invoke(DelegatingMethodAccessorImpl.java:43)
	at java.lang.reflect.Method.invoke(Method.java:498)
	at org.springframework.messaging.handler.invocation.InvocableHandlerMethod.doInvoke(InvocableHandlerMethod.java:171)
	at org.springframework.messaging.handler.invocation.InvocableHandlerMethod.invoke(InvocableHandlerMethod.java:120)
	at org.springframework.amqp.rabbit.listener.adapter.HandlerAdapter.invoke(HandlerAdapter.java:50)
	at org.springframework.amqp.rabbit.listener.adapter.MessagingMessageListenerAdapter.invokeHandler(MessagingMessageListenerAdapter.java:196)
	at org.springframework.amqp.rabbit.listener.adapter.MessagingMessageListenerAdapter.onMessage(MessagingMessageListenerAdapter.java:129)
	at org.springframework.amqp.rabbit.listener.AbstractMessageListenerContainer.doInvokeListener(AbstractMessageListenerContainer.java:1552)
	at org.springframework.amqp.rabbit.listener.AbstractMessageListenerContainer.actualInvokeListener(AbstractMessageListenerContainer.java:1478)
	at org.springframework.amqp.rabbit.listener.AbstractMessageListenerContainer.invokeListener(AbstractMessageListenerContainer.java:1466)
	at org.springframework.amqp.rabbit.listener.AbstractMessageListenerContainer.doExecuteListener(AbstractMessageListenerContainer.java:1461)
	at org.springframework.amqp.rabbit.listener.AbstractMessageListenerContainer.executeListener(AbstractMessageListenerContainer.java:1410)
	at org.springframework.amqp.rabbit.listener.SimpleMessageListenerContainer.doReceiveAndExecute(SimpleMessageListenerContainer.java:870)
	at org.springframework.amqp.rabbit.listener.SimpleMessageListenerContainer.receiveAndExecute(SimpleMessageListenerContainer.java:854)
	at org.springframework.amqp.rabbit.listener.SimpleMessageListenerContainer.access$1600(SimpleMessageListenerContainer.java:78)
	at org.springframework.amqp.rabbit.listener.SimpleMessageListenerContainer$AsyncMessageProcessingConsumer.mainLoop(SimpleMessageListenerContainer.java:1137)
	at org.springframework.amqp.rabbit.listener.SimpleMessageListenerContainer$AsyncMessageProcessingConsumer.run(SimpleMessageListenerContainer.java:1043)
	at java.lang.Thread.run(Thread.java:748)

[2020-03-06 23:51:46:288] org.springframework.amqp.rabbit.RabbitListenerEndpointContainer#1-1 INFO cn.zhh.crawler.mq.MqProducer 28 - 发送职位链接至MQ，url=[https://www.lagou.com/jobs/6653898.html?show=75c89a229a80477385aa081db4b41a19]
[2020-03-06 23:51:46:289] org.springframework.amqp.rabbit.RabbitListenerEndpointContainer#1-1 INFO cn.zhh.crawler.mq.MqConsumer 41 - 消费职位链接，urlDTO=[UrlDTO(url=https://www.lagou.com/jobs/681050.html?show=75c89a229a80477385aa081db4b41a19, retryCount=3)]
[2020-03-06 23:51:51:281] org.springframework.amqp.rabbit.RabbitListenerEndpointContainer#1-2 WARN c.zhh.crawler.chain.JBrowserStrategy 30 - JBrowser加载网页[url=https://www.lagou.com/jobs/6862063.html?show=75c89a229a80477385aa081db4b41a19]异常，t=org.openqa.selenium.NoSuchElementException: Element not found or does not exist.
For documentation on this error, please visit: https://www.seleniumhq.org/exceptions/no_such_element.html
Build info: version: '3.141.59', revision: 'e82be7d358', time: '2018-11-14T08:17:03'
System info: host: 'Z_HH', ip: '169.254.83.89', os.name: 'Windows 10', os.arch: 'amd64', os.version: '10.0', java.version: '1.8.0_141'
Driver info: driver.version: unknown
	at sun.reflect.NativeConstructorAccessorImpl.newInstance0(Native Method)
	at sun.reflect.NativeConstructorAccessorImpl.newInstance(NativeConstructorAccessorImpl.java:62)
	at sun.reflect.DelegatingConstructorAccessorImpl.newInstance(DelegatingConstructorAccessorImpl.java:45)
	at java.lang.reflect.Constructor.newInstance(Constructor.java:423)
	at com.machinepublishers.jbrowserdriver.Util.handleException(Util.java:128)
	at com.machinepublishers.jbrowserdriver.JBrowserDriver.getPageSource(JBrowserDriver.java:601)
	at cn.zhh.crawler.chain.JBrowserStrategy.crawl(JBrowserStrategy.java:24)
	at cn.zhh.crawler.chain.CrawlStrategyChain.doCrawl(CrawlStrategyChain.java:24)
	at cn.zhh.crawler.chain.JsoupStrategy.crawl(JsoupStrategy.java:36)
	at cn.zhh.crawler.chain.CrawlStrategyChain.doCrawl(CrawlStrategyChain.java:24)
	at cn.zhh.crawler.runner.ParseDetailRunner.parseDetail(ParseDetailRunner.java:49)
	at cn.zhh.crawler.mq.MqConsumer.consumePositionUrl(MqConsumer.java:43)
	at sun.reflect.NativeMethodAccessorImpl.invoke0(Native Method)
	at sun.reflect.NativeMethodAccessorImpl.invoke(NativeMethodAccessorImpl.java:62)
	at sun.reflect.DelegatingMethodAccessorImpl.invoke(DelegatingMethodAccessorImpl.java:43)
	at java.lang.reflect.Method.invoke(Method.java:498)
	at org.springframework.messaging.handler.invocation.InvocableHandlerMethod.doInvoke(InvocableHandlerMethod.java:171)
	at org.springframework.messaging.handler.invocation.InvocableHandlerMethod.invoke(InvocableHandlerMethod.java:120)
	at org.springframework.amqp.rabbit.listener.adapter.HandlerAdapter.invoke(HandlerAdapter.java:50)
	at org.springframework.amqp.rabbit.listener.adapter.MessagingMessageListenerAdapter.invokeHandler(MessagingMessageListenerAdapter.java:196)
	at org.springframework.amqp.rabbit.listener.adapter.MessagingMessageListenerAdapter.onMessage(MessagingMessageListenerAdapter.java:129)
	at org.springframework.amqp.rabbit.listener.AbstractMessageListenerContainer.doInvokeListener(AbstractMessageListenerContainer.java:1552)
	at org.springframework.amqp.rabbit.listener.AbstractMessageListenerContainer.actualInvokeListener(AbstractMessageListenerContainer.java:1478)
	at org.springframework.amqp.rabbit.listener.AbstractMessageListenerContainer.invokeListener(AbstractMessageListenerContainer.java:1466)
	at org.springframework.amqp.rabbit.listener.AbstractMessageListenerContainer.doExecuteListener(AbstractMessageListenerContainer.java:1461)
	at org.springframework.amqp.rabbit.listener.AbstractMessageListenerContainer.executeListener(AbstractMessageListenerContainer.java:1410)
	at org.springframework.amqp.rabbit.listener.SimpleMessageListenerContainer.doReceiveAndExecute(SimpleMessageListenerContainer.java:870)
	at org.springframework.amqp.rabbit.listener.SimpleMessageListenerContainer.receiveAndExecute(SimpleMessageListenerContainer.java:854)
	at org.springframework.amqp.rabbit.listener.SimpleMessageListenerContainer.access$1600(SimpleMessageListenerContainer.java:78)
	at org.springframework.amqp.rabbit.listener.SimpleMessageListenerContainer$AsyncMessageProcessingConsumer.mainLoop(SimpleMessageListenerContainer.java:1137)
	at org.springframework.amqp.rabbit.listener.SimpleMessageListenerContainer$AsyncMessageProcessingConsumer.run(SimpleMessageListenerContainer.java:1043)
	at java.lang.Thread.run(Thread.java:748)
Caused by: org.openqa.selenium.NoSuchElementException: Element not found or does not exist.
For documentation on this error, please visit: https://www.seleniumhq.org/exceptions/no_such_element.html
Build info: version: '3.141.59', revision: 'e82be7d358', time: '2018-11-14T08:17:03'
System info: host: 'Z_HH', ip: '169.254.83.89', os.name: 'Windows 10', os.arch: 'amd64', os.version: '10.0', java.version: '1.8.0_141'
Driver info: driver.version: unknown
	at com.machinepublishers.jbrowserdriver.ElementServer.validate(ElementServer.java:202)
	at com.machinepublishers.jbrowserdriver.ElementServer.lambda$new$0(ElementServer.java:152)
	at com.machinepublishers.jbrowserdriver.AppThread$Runner.run(AppThread.java:88)
	at com.sun.javafx.application.PlatformImpl.lambda$null$173(PlatformImpl.java:295)
	at java.security.AccessController.doPrivileged(Native Method)
	at com.sun.javafx.application.PlatformImpl.lambda$runLater$174(PlatformImpl.java:294)
	at com.machinepublishers.glass.ui.monocle.RunnableProcessor.runLoop(RunnableProcessor.java:94)
	at com.machinepublishers.glass.ui.monocle.RunnableProcessor.run(RunnableProcessor.java:53)
	... 1 more

[2020-03-06 23:51:53:110] org.springframework.amqp.rabbit.RabbitListenerEndpointContainer#1-1 WARN c.zhh.crawler.chain.JBrowserStrategy 30 - JBrowser加载网页[url=https://www.lagou.com/jobs/681050.html?show=75c89a229a80477385aa081db4b41a19]异常，t=org.openqa.selenium.NoSuchElementException: Element not found or does not exist.
For documentation on this error, please visit: https://www.seleniumhq.org/exceptions/no_such_element.html
Build info: version: '3.141.59', revision: 'e82be7d358', time: '2018-11-14T08:17:03'
System info: host: 'Z_HH', ip: '169.254.83.89', os.name: 'Windows 10', os.arch: 'amd64', os.version: '10.0', java.version: '1.8.0_141'
Driver info: driver.version: unknown
	at sun.reflect.NativeConstructorAccessorImpl.newInstance0(Native Method)
	at sun.reflect.NativeConstructorAccessorImpl.newInstance(NativeConstructorAccessorImpl.java:62)
	at sun.reflect.DelegatingConstructorAccessorImpl.newInstance(DelegatingConstructorAccessorImpl.java:45)
	at java.lang.reflect.Constructor.newInstance(Constructor.java:423)
	at com.machinepublishers.jbrowserdriver.Util.handleException(Util.java:128)
	at com.machinepublishers.jbrowserdriver.JBrowserDriver.getPageSource(JBrowserDriver.java:601)
	at cn.zhh.crawler.chain.JBrowserStrategy.crawl(JBrowserStrategy.java:24)
	at cn.zhh.crawler.chain.CrawlStrategyChain.doCrawl(CrawlStrategyChain.java:24)
	at cn.zhh.crawler.chain.JsoupStrategy.crawl(JsoupStrategy.java:36)
	at cn.zhh.crawler.chain.CrawlStrategyChain.doCrawl(CrawlStrategyChain.java:24)
	at cn.zhh.crawler.runner.ParseDetailRunner.parseDetail(ParseDetailRunner.java:49)
	at cn.zhh.crawler.mq.MqConsumer.consumePositionUrl(MqConsumer.java:43)
	at sun.reflect.GeneratedMethodAccessor54.invoke(Unknown Source)
	at sun.reflect.DelegatingMethodAccessorImpl.invoke(DelegatingMethodAccessorImpl.java:43)
	at java.lang.reflect.Method.invoke(Method.java:498)
	at org.springframework.messaging.handler.invocation.InvocableHandlerMethod.doInvoke(InvocableHandlerMethod.java:171)
	at org.springframework.messaging.handler.invocation.InvocableHandlerMethod.invoke(InvocableHandlerMethod.java:120)
	at org.springframework.amqp.rabbit.listener.adapter.HandlerAdapter.invoke(HandlerAdapter.java:50)
	at org.springframework.amqp.rabbit.listener.adapter.MessagingMessageListenerAdapter.invokeHandler(MessagingMessageListenerAdapter.java:196)
	at org.springframework.amqp.rabbit.listener.adapter.MessagingMessageListenerAdapter.onMessage(MessagingMessageListenerAdapter.java:129)
	at org.springframework.amqp.rabbit.listener.AbstractMessageListenerContainer.doInvokeListener(AbstractMessageListenerContainer.java:1552)
	at org.springframework.amqp.rabbit.listener.AbstractMessageListenerContainer.actualInvokeListener(AbstractMessageListenerContainer.java:1478)
	at org.springframework.amqp.rabbit.listener.AbstractMessageListenerContainer.invokeListener(AbstractMessageListenerContainer.java:1466)
	at org.springframework.amqp.rabbit.listener.AbstractMessageListenerContainer.doExecuteListener(AbstractMessageListenerContainer.java:1461)
	at org.springframework.amqp.rabbit.listener.AbstractMessageListenerContainer.executeListener(AbstractMessageListenerContainer.java:1410)
	at org.springframework.amqp.rabbit.listener.SimpleMessageListenerContainer.doReceiveAndExecute(SimpleMessageListenerContainer.java:870)
	at org.springframework.amqp.rabbit.listener.SimpleMessageListenerContainer.receiveAndExecute(SimpleMessageListenerContainer.java:854)
	at org.springframework.amqp.rabbit.listener.SimpleMessageListenerContainer.access$1600(SimpleMessageListenerContainer.java:78)
	at org.springframework.amqp.rabbit.listener.SimpleMessageListenerContainer$AsyncMessageProcessingConsumer.mainLoop(SimpleMessageListenerContainer.java:1137)
	at org.springframework.amqp.rabbit.listener.SimpleMessageListenerContainer$AsyncMessageProcessingConsumer.run(SimpleMessageListenerContainer.java:1043)
	at java.lang.Thread.run(Thread.java:748)
Caused by: org.openqa.selenium.NoSuchElementException: Element not found or does not exist.
For documentation on this error, please visit: https://www.seleniumhq.org/exceptions/no_such_element.html
Build info: version: '3.141.59', revision: 'e82be7d358', time: '2018-11-14T08:17:03'
System info: host: 'Z_HH', ip: '169.254.83.89', os.name: 'Windows 10', os.arch: 'amd64', os.version: '10.0', java.version: '1.8.0_141'
Driver info: driver.version: unknown
	at com.machinepublishers.jbrowserdriver.ElementServer.validate(ElementServer.java:202)
	at com.machinepublishers.jbrowserdriver.ElementServer.lambda$new$0(ElementServer.java:152)
	at com.machinepublishers.jbrowserdriver.AppThread$Runner.run(AppThread.java:88)
	at com.sun.javafx.application.PlatformImpl.lambda$null$173(PlatformImpl.java:295)
	at java.security.AccessController.doPrivileged(Native Method)
	at com.sun.javafx.application.PlatformImpl.lambda$runLater$174(PlatformImpl.java:294)
	at com.machinepublishers.glass.ui.monocle.RunnableProcessor.runLoop(RunnableProcessor.java:94)
	at com.machinepublishers.glass.ui.monocle.RunnableProcessor.run(RunnableProcessor.java:53)
	... 1 more

[2020-03-06 23:52:02:727] org.springframework.amqp.rabbit.RabbitListenerEndpointContainer#1-2 INFO cn.zhh.crawler.mq.MqProducer 35 - 发送职位详情至MQ，positionDetail=[广东中视信息科技有限公司-java高级工程师]
[2020-03-06 23:52:02:732] org.springframework.amqp.rabbit.RabbitListenerEndpointContainer#1-2 INFO cn.zhh.crawler.mq.MqConsumer 41 - 消费职位链接，urlDTO=[UrlDTO(url=https://www.lagou.com/jobs/6862696.html?show=75c89a229a80477385aa081db4b41a19, retryCount=3)]
[2020-03-06 23:52:02:748] org.springframework.amqp.rabbit.RabbitListenerEndpointContainer#0-1 INFO cn.zhh.crawler.mq.MqConsumer 53 - 消费职位详情，detail=[广东中视信息科技有限公司-java高级工程师]
