[2020-03-07 00:23:46:060] main INFO cn.zhh.crawler.MyTest 50 - Starting MyTest on z_hh with PID 9948 (started by z_hh in D:\IdeaProjects\project\project-crawler)
[2020-03-07 00:23:46:066] main INFO cn.zhh.crawler.MyTest 646 - No active profile set, falling back to default profiles: default
[2020-03-07 00:23:53:007] main INFO cn.zhh.crawler.MyTest 59 - Started MyTest in 7.55 seconds (JVM running for 9.153)
[2020-03-07 00:25:54:624] main INFO cn.zhh.crawler.MyTest 50 - Starting MyTest on z_hh with PID 15876 (started by z_hh in D:\IdeaProjects\project\project-crawler)
[2020-03-07 00:25:54:632] main INFO cn.zhh.crawler.MyTest 646 - No active profile set, falling back to default profiles: default
[2020-03-07 00:26:03:871] main INFO cn.zhh.crawler.MyTest 59 - Started MyTest in 10.17 seconds (JVM running for 12.079)
[2020-03-07 00:26:23:074] main INFO cn.zhh.crawler.mq.MqProducer 28 - 发送职位链接至MQ，url=[https://www.lagou.com/jobs/6855125.html?show=1e67d234bf724c869c4c040f27f8d369]
[2020-03-07 00:26:23:184] main INFO cn.zhh.crawler.mq.MqProducer 28 - 发送职位链接至MQ，url=[https://www.lagou.com/jobs/6862696.html?show=1e67d234bf724c869c4c040f27f8d369]
[2020-03-07 00:26:23:186] main INFO cn.zhh.crawler.mq.MqProducer 28 - 发送职位链接至MQ，url=[https://www.lagou.com/jobs/6419619.html?show=1e67d234bf724c869c4c040f27f8d369]
[2020-03-07 00:26:23:187] main INFO cn.zhh.crawler.mq.MqProducer 28 - 发送职位链接至MQ，url=[https://www.lagou.com/jobs/6839804.html?show=1e67d234bf724c869c4c040f27f8d369]
[2020-03-07 00:26:23:188] main INFO cn.zhh.crawler.mq.MqProducer 28 - 发送职位链接至MQ，url=[https://www.lagou.com/jobs/6857977.html?show=1e67d234bf724c869c4c040f27f8d369]
[2020-03-07 00:26:23:191] main INFO cn.zhh.crawler.mq.MqProducer 28 - 发送职位链接至MQ，url=[https://www.lagou.com/jobs/6867645.html?show=1e67d234bf724c869c4c040f27f8d369]
[2020-03-07 00:26:23:192] main INFO cn.zhh.crawler.mq.MqProducer 28 - 发送职位链接至MQ，url=[https://www.lagou.com/jobs/5731909.html?show=1e67d234bf724c869c4c040f27f8d369]
[2020-03-07 00:26:23:194] main INFO cn.zhh.crawler.mq.MqProducer 28 - 发送职位链接至MQ，url=[https://www.lagou.com/jobs/6830290.html?show=1e67d234bf724c869c4c040f27f8d369]
[2020-03-07 00:26:23:198] main INFO cn.zhh.crawler.mq.MqProducer 28 - 发送职位链接至MQ，url=[https://www.lagou.com/jobs/6336163.html?show=1e67d234bf724c869c4c040f27f8d369]
[2020-03-07 00:26:23:203] main INFO cn.zhh.crawler.mq.MqProducer 28 - 发送职位链接至MQ，url=[https://www.lagou.com/jobs/5993211.html?show=1e67d234bf724c869c4c040f27f8d369]
[2020-03-07 00:26:23:204] main INFO cn.zhh.crawler.mq.MqProducer 28 - 发送职位链接至MQ，url=[https://www.lagou.com/jobs/6816426.html?show=1e67d234bf724c869c4c040f27f8d369]
[2020-03-07 00:26:23:205] main INFO cn.zhh.crawler.mq.MqProducer 28 - 发送职位链接至MQ，url=[https://www.lagou.com/jobs/5906509.html?show=1e67d234bf724c869c4c040f27f8d369]
[2020-03-07 00:26:23:207] main INFO cn.zhh.crawler.mq.MqProducer 28 - 发送职位链接至MQ，url=[https://www.lagou.com/jobs/6588232.html?show=1e67d234bf724c869c4c040f27f8d369]
[2020-03-07 00:26:23:208] main INFO cn.zhh.crawler.mq.MqProducer 28 - 发送职位链接至MQ，url=[https://www.lagou.com/jobs/2835729.html?show=1e67d234bf724c869c4c040f27f8d369]
[2020-03-07 00:26:23:209] main INFO cn.zhh.crawler.mq.MqProducer 28 - 发送职位链接至MQ，url=[https://www.lagou.com/jobs/6803421.html?show=1e67d234bf724c869c4c040f27f8d369]
[2020-03-07 00:26:23:323] org.springframework.amqp.rabbit.RabbitListenerEndpointContainer#1-1 INFO cn.zhh.crawler.mq.MqConsumer 41 - 消费职位链接，urlDTO=[UrlDTO(url=https://www.lagou.com/jobs/6862696.html?show=1e67d234bf724c869c4c040f27f8d369, retryCount=3)]
[2020-03-07 00:26:23:706] main INFO cn.zhh.crawler.mq.MqProducer 28 - 发送职位链接至MQ，url=[https://www.lagou.com/jobs/6855125.html?show=1e67d234bf724c869c4c040f27f8d369]
[2020-03-07 00:26:23:739] main INFO cn.zhh.crawler.mq.MqProducer 28 - 发送职位链接至MQ，url=[https://www.lagou.com/jobs/6862696.html?show=1e67d234bf724c869c4c040f27f8d369]
[2020-03-07 00:26:23:741] main INFO cn.zhh.crawler.mq.MqProducer 28 - 发送职位链接至MQ，url=[https://www.lagou.com/jobs/6419619.html?show=1e67d234bf724c869c4c040f27f8d369]
[2020-03-07 00:26:23:742] main INFO cn.zhh.crawler.mq.MqProducer 28 - 发送职位链接至MQ，url=[https://www.lagou.com/jobs/6839804.html?show=1e67d234bf724c869c4c040f27f8d369]
[2020-03-07 00:26:23:743] main INFO cn.zhh.crawler.mq.MqProducer 28 - 发送职位链接至MQ，url=[https://www.lagou.com/jobs/6857977.html?show=1e67d234bf724c869c4c040f27f8d369]
[2020-03-07 00:26:23:745] main INFO cn.zhh.crawler.mq.MqProducer 28 - 发送职位链接至MQ，url=[https://www.lagou.com/jobs/6867645.html?show=1e67d234bf724c869c4c040f27f8d369]
[2020-03-07 00:26:23:748] main INFO cn.zhh.crawler.mq.MqProducer 28 - 发送职位链接至MQ，url=[https://www.lagou.com/jobs/5731909.html?show=1e67d234bf724c869c4c040f27f8d369]
[2020-03-07 00:26:23:749] main INFO cn.zhh.crawler.mq.MqProducer 28 - 发送职位链接至MQ，url=[https://www.lagou.com/jobs/6830290.html?show=1e67d234bf724c869c4c040f27f8d369]
[2020-03-07 00:26:23:772] main INFO cn.zhh.crawler.mq.MqProducer 28 - 发送职位链接至MQ，url=[https://www.lagou.com/jobs/6336163.html?show=1e67d234bf724c869c4c040f27f8d369]
[2020-03-07 00:26:23:776] main INFO cn.zhh.crawler.mq.MqProducer 28 - 发送职位链接至MQ，url=[https://www.lagou.com/jobs/5993211.html?show=1e67d234bf724c869c4c040f27f8d369]
[2020-03-07 00:26:23:783] main INFO cn.zhh.crawler.mq.MqProducer 28 - 发送职位链接至MQ，url=[https://www.lagou.com/jobs/6816426.html?show=1e67d234bf724c869c4c040f27f8d369]
[2020-03-07 00:26:23:784] main INFO cn.zhh.crawler.mq.MqProducer 28 - 发送职位链接至MQ，url=[https://www.lagou.com/jobs/5906509.html?show=1e67d234bf724c869c4c040f27f8d369]
[2020-03-07 00:26:23:789] main INFO cn.zhh.crawler.mq.MqProducer 28 - 发送职位链接至MQ，url=[https://www.lagou.com/jobs/6588232.html?show=1e67d234bf724c869c4c040f27f8d369]
[2020-03-07 00:26:23:791] main INFO cn.zhh.crawler.mq.MqProducer 28 - 发送职位链接至MQ，url=[https://www.lagou.com/jobs/2835729.html?show=1e67d234bf724c869c4c040f27f8d369]
[2020-03-07 00:26:23:792] main INFO cn.zhh.crawler.mq.MqProducer 28 - 发送职位链接至MQ，url=[https://www.lagou.com/jobs/6803421.html?show=1e67d234bf724c869c4c040f27f8d369]
[2020-03-07 00:26:24:111] org.springframework.amqp.rabbit.RabbitListenerEndpointContainer#0-1 INFO cn.zhh.crawler.mq.MqConsumer 53 - 消费职位详情，detail=[亿达信息技术（深圳）有限公司-java工程师]
[2020-03-07 00:26:24:324] main INFO cn.zhh.crawler.mq.MqProducer 28 - 发送职位链接至MQ，url=[https://www.lagou.com/jobs/6862635.html?show=1e67d234bf724c869c4c040f27f8d369]
[2020-03-07 00:26:24:325] main INFO cn.zhh.crawler.mq.MqProducer 28 - 发送职位链接至MQ，url=[https://www.lagou.com/jobs/6846828.html?show=1e67d234bf724c869c4c040f27f8d369]
[2020-03-07 00:26:24:345] org.springframework.amqp.rabbit.RabbitListenerEndpointContainer#1-1 INFO cn.zhh.crawler.mq.MqProducer 35 - 发送职位详情至MQ，positionDetail=[广州思迈特软件有限公司-JAVA高级开发工程师]
[2020-03-07 00:26:24:350] main INFO cn.zhh.crawler.mq.MqProducer 28 - 发送职位链接至MQ，url=[https://www.lagou.com/jobs/6384157.html?show=1e67d234bf724c869c4c040f27f8d369]
[2020-03-07 00:26:24:351] main INFO cn.zhh.crawler.mq.MqProducer 28 - 发送职位链接至MQ，url=[https://www.lagou.com/jobs/5430201.html?show=1e67d234bf724c869c4c040f27f8d369]
[2020-03-07 00:26:24:353] main INFO cn.zhh.crawler.mq.MqProducer 28 - 发送职位链接至MQ，url=[https://www.lagou.com/jobs/6803430.html?show=1e67d234bf724c869c4c040f27f8d369]
[2020-03-07 00:26:24:353] main INFO cn.zhh.crawler.mq.MqProducer 28 - 发送职位链接至MQ，url=[https://www.lagou.com/jobs/6541132.html?show=1e67d234bf724c869c4c040f27f8d369]
[2020-03-07 00:26:24:354] main INFO cn.zhh.crawler.mq.MqProducer 28 - 发送职位链接至MQ，url=[https://www.lagou.com/jobs/6638759.html?show=1e67d234bf724c869c4c040f27f8d369]
[2020-03-07 00:26:24:356] main INFO cn.zhh.crawler.mq.MqProducer 28 - 发送职位链接至MQ，url=[https://www.lagou.com/jobs/6842651.html?show=1e67d234bf724c869c4c040f27f8d369]
[2020-03-07 00:26:24:358] main INFO cn.zhh.crawler.mq.MqProducer 28 - 发送职位链接至MQ，url=[https://www.lagou.com/jobs/6311075.html?show=1e67d234bf724c869c4c040f27f8d369]
[2020-03-07 00:26:24:359] main INFO cn.zhh.crawler.mq.MqProducer 28 - 发送职位链接至MQ，url=[https://www.lagou.com/jobs/6798134.html?show=1e67d234bf724c869c4c040f27f8d369]
[2020-03-07 00:26:24:360] main INFO cn.zhh.crawler.mq.MqProducer 28 - 发送职位链接至MQ，url=[https://www.lagou.com/jobs/6842939.html?show=1e67d234bf724c869c4c040f27f8d369]
[2020-03-07 00:26:24:361] main INFO cn.zhh.crawler.mq.MqProducer 28 - 发送职位链接至MQ，url=[https://www.lagou.com/jobs/6810638.html?show=1e67d234bf724c869c4c040f27f8d369]
[2020-03-07 00:26:24:363] main INFO cn.zhh.crawler.mq.MqProducer 28 - 发送职位链接至MQ，url=[https://www.lagou.com/jobs/6334257.html?show=1e67d234bf724c869c4c040f27f8d369]
[2020-03-07 00:26:24:364] main INFO cn.zhh.crawler.mq.MqProducer 28 - 发送职位链接至MQ，url=[https://www.lagou.com/jobs/6840369.html?show=1e67d234bf724c869c4c040f27f8d369]
[2020-03-07 00:26:24:364] main INFO cn.zhh.crawler.mq.MqProducer 28 - 发送职位链接至MQ，url=[https://www.lagou.com/jobs/6794556.html?show=1e67d234bf724c869c4c040f27f8d369]
[2020-03-07 00:26:24:450] org.springframework.amqp.rabbit.RabbitListenerEndpointContainer#1-1 INFO cn.zhh.crawler.mq.MqConsumer 41 - 消费职位链接，urlDTO=[UrlDTO(url=https://www.lagou.com/jobs/6839804.html?show=1e67d234bf724c869c4c040f27f8d369, retryCount=3)]
[2020-03-07 00:26:25:073] main INFO cn.zhh.crawler.mq.MqProducer 28 - 发送职位链接至MQ，url=[https://www.lagou.com/jobs/6662950.html?show=1e67d234bf724c869c4c040f27f8d369]
[2020-03-07 00:26:25:077] main INFO cn.zhh.crawler.mq.MqProducer 28 - 发送职位链接至MQ，url=[https://www.lagou.com/jobs/6795582.html?show=1e67d234bf724c869c4c040f27f8d369]
[2020-03-07 00:26:25:078] main INFO cn.zhh.crawler.mq.MqProducer 28 - 发送职位链接至MQ，url=[https://www.lagou.com/jobs/6180379.html?show=1e67d234bf724c869c4c040f27f8d369]
[2020-03-07 00:26:25:080] main INFO cn.zhh.crawler.mq.MqProducer 28 - 发送职位链接至MQ，url=[https://www.lagou.com/jobs/6733157.html?show=1e67d234bf724c869c4c040f27f8d369]
[2020-03-07 00:26:25:081] main INFO cn.zhh.crawler.mq.MqProducer 28 - 发送职位链接至MQ，url=[https://www.lagou.com/jobs/6747505.html?show=1e67d234bf724c869c4c040f27f8d369]
[2020-03-07 00:26:25:082] main INFO cn.zhh.crawler.mq.MqProducer 28 - 发送职位链接至MQ，url=[https://www.lagou.com/jobs/6243209.html?show=1e67d234bf724c869c4c040f27f8d369]
[2020-03-07 00:26:25:085] main INFO cn.zhh.crawler.mq.MqProducer 28 - 发送职位链接至MQ，url=[https://www.lagou.com/jobs/4827496.html?show=1e67d234bf724c869c4c040f27f8d369]
[2020-03-07 00:26:25:086] main INFO cn.zhh.crawler.mq.MqProducer 28 - 发送职位链接至MQ，url=[https://www.lagou.com/jobs/6679897.html?show=1e67d234bf724c869c4c040f27f8d369]
[2020-03-07 00:26:25:088] main INFO cn.zhh.crawler.mq.MqProducer 28 - 发送职位链接至MQ，url=[https://www.lagou.com/jobs/6492062.html?show=1e67d234bf724c869c4c040f27f8d369]
[2020-03-07 00:26:25:089] main INFO cn.zhh.crawler.mq.MqProducer 28 - 发送职位链接至MQ，url=[https://www.lagou.com/jobs/6770765.html?show=1e67d234bf724c869c4c040f27f8d369]
[2020-03-07 00:26:25:090] main INFO cn.zhh.crawler.mq.MqProducer 28 - 发送职位链接至MQ，url=[https://www.lagou.com/jobs/6470895.html?show=1e67d234bf724c869c4c040f27f8d369]
[2020-03-07 00:26:25:090] main INFO cn.zhh.crawler.mq.MqProducer 28 - 发送职位链接至MQ，url=[https://www.lagou.com/jobs/6267132.html?show=1e67d234bf724c869c4c040f27f8d369]
[2020-03-07 00:26:25:091] main INFO cn.zhh.crawler.mq.MqProducer 28 - 发送职位链接至MQ，url=[https://www.lagou.com/jobs/5749754.html?show=1e67d234bf724c869c4c040f27f8d369]
[2020-03-07 00:26:25:092] main INFO cn.zhh.crawler.mq.MqProducer 28 - 发送职位链接至MQ，url=[https://www.lagou.com/jobs/2520025.html?show=1e67d234bf724c869c4c040f27f8d369]
[2020-03-07 00:26:25:109] main INFO cn.zhh.crawler.mq.MqProducer 28 - 发送职位链接至MQ，url=[https://www.lagou.com/jobs/6064015.html?show=1e67d234bf724c869c4c040f27f8d369]
[2020-03-07 00:26:25:261] org.springframework.amqp.rabbit.RabbitListenerEndpointContainer#0-1 INFO cn.zhh.crawler.runner.Dao 71 - 唯一键冲突，uniqueKey=6419619
[2020-03-07 00:26:25:263] org.springframework.amqp.rabbit.RabbitListenerEndpointContainer#0-1 INFO cn.zhh.crawler.mq.MqConsumer 53 - 消费职位详情，detail=[广州思迈特软件有限公司-JAVA高级开发工程师]
[2020-03-07 00:26:25:285] org.springframework.amqp.rabbit.RabbitListenerEndpointContainer#0-1 INFO cn.zhh.crawler.runner.Dao 71 - 唯一键冲突，uniqueKey=6862696
[2020-03-07 00:26:25:972] main INFO cn.zhh.crawler.mq.MqProducer 28 - 发送职位链接至MQ，url=[https://www.lagou.com/jobs/6365663.html?show=1e67d234bf724c869c4c040f27f8d369]
[2020-03-07 00:26:25:974] main INFO cn.zhh.crawler.mq.MqProducer 28 - 发送职位链接至MQ，url=[https://www.lagou.com/jobs/6299656.html?show=1e67d234bf724c869c4c040f27f8d369]
[2020-03-07 00:26:25:975] main INFO cn.zhh.crawler.mq.MqProducer 28 - 发送职位链接至MQ，url=[https://www.lagou.com/jobs/960035.html?show=1e67d234bf724c869c4c040f27f8d369]
[2020-03-07 00:26:25:976] main INFO cn.zhh.crawler.mq.MqProducer 28 - 发送职位链接至MQ，url=[https://www.lagou.com/jobs/6470897.html?show=1e67d234bf724c869c4c040f27f8d369]
[2020-03-07 00:26:25:977] main INFO cn.zhh.crawler.mq.MqProducer 28 - 发送职位链接至MQ，url=[https://www.lagou.com/jobs/6435214.html?show=1e67d234bf724c869c4c040f27f8d369]
[2020-03-07 00:26:25:978] main INFO cn.zhh.crawler.mq.MqProducer 28 - 发送职位链接至MQ，url=[https://www.lagou.com/jobs/3906482.html?show=1e67d234bf724c869c4c040f27f8d369]
[2020-03-07 00:26:25:979] main INFO cn.zhh.crawler.mq.MqProducer 28 - 发送职位链接至MQ，url=[https://www.lagou.com/jobs/6171583.html?show=1e67d234bf724c869c4c040f27f8d369]
[2020-03-07 00:26:25:980] main INFO cn.zhh.crawler.mq.MqProducer 28 - 发送职位链接至MQ，url=[https://www.lagou.com/jobs/6858415.html?show=1e67d234bf724c869c4c040f27f8d369]
[2020-03-07 00:26:25:981] main INFO cn.zhh.crawler.mq.MqProducer 28 - 发送职位链接至MQ，url=[https://www.lagou.com/jobs/6846966.html?show=1e67d234bf724c869c4c040f27f8d369]
[2020-03-07 00:26:25:982] main INFO cn.zhh.crawler.mq.MqProducer 28 - 发送职位链接至MQ，url=[https://www.lagou.com/jobs/6505363.html?show=1e67d234bf724c869c4c040f27f8d369]
[2020-03-07 00:26:25:986] main INFO cn.zhh.crawler.mq.MqProducer 28 - 发送职位链接至MQ，url=[https://www.lagou.com/jobs/6836215.html?show=1e67d234bf724c869c4c040f27f8d369]
[2020-03-07 00:26:25:987] main INFO cn.zhh.crawler.mq.MqProducer 28 - 发送职位链接至MQ，url=[https://www.lagou.com/jobs/1642525.html?show=1e67d234bf724c869c4c040f27f8d369]
[2020-03-07 00:26:25:987] main INFO cn.zhh.crawler.mq.MqProducer 28 - 发送职位链接至MQ，url=[https://www.lagou.com/jobs/5837838.html?show=1e67d234bf724c869c4c040f27f8d369]
[2020-03-07 00:26:25:989] main INFO cn.zhh.crawler.mq.MqProducer 28 - 发送职位链接至MQ，url=[https://www.lagou.com/jobs/6792372.html?show=1e67d234bf724c869c4c040f27f8d369]
[2020-03-07 00:26:25:990] main INFO cn.zhh.crawler.mq.MqProducer 28 - 发送职位链接至MQ，url=[https://www.lagou.com/jobs/6818011.html?show=1e67d234bf724c869c4c040f27f8d369]
[2020-03-07 00:26:27:221] main ERROR cn.zhh.crawler.runner.CrawlUrlRunner 56 - 爬取链接异常，t=org.openqa.selenium.ElementClickInterceptedException: element click intercepted: Element <span hidefocus="hidefocus" action="next" class="pager_next ">...</span> is not clickable at point (1021, 963). Other element would receive the click: <div class="li_b_r">...</div>
  (Session info: chrome=80.0.3987.132)
Build info: version: '3.141.59', revision: 'e82be7d358', time: '2018-11-14T08:17:03'
System info: host: 'Z_HH', ip: '169.254.83.89', os.name: 'Windows 10', os.arch: 'amd64', os.version: '10.0', java.version: '1.8.0_141'
Driver info: org.openqa.selenium.chrome.ChromeDriver
Capabilities {acceptInsecureCerts: false, browserName: chrome, browserVersion: 80.0.3987.132, chrome: {chromedriverVersion: 80.0.3987.16 (320f6526c1632..., userDataDir: C:\Users\dell\AppData\Local...}, goog:chromeOptions: {debuggerAddress: localhost:55705}, javascriptEnabled: true, networkConnectionEnabled: false, pageLoadStrategy: normal, platform: WINDOWS, platformName: WINDOWS, proxy: Proxy(), setWindowRect: true, strictFileInteractability: false, timeouts: {implicit: 0, pageLoad: 300000, script: 30000}, unhandledPromptBehavior: dismiss and notify}
Session ID: 1078b4d9785fefb7b338e7e41cb75b7b
	at sun.reflect.NativeConstructorAccessorImpl.newInstance0(Native Method)
	at sun.reflect.NativeConstructorAccessorImpl.newInstance(NativeConstructorAccessorImpl.java:62)
	at sun.reflect.DelegatingConstructorAccessorImpl.newInstance(DelegatingConstructorAccessorImpl.java:45)
	at java.lang.reflect.Constructor.newInstance(Constructor.java:423)
	at org.openqa.selenium.remote.http.W3CHttpResponseCodec.createException(W3CHttpResponseCodec.java:187)
	at org.openqa.selenium.remote.http.W3CHttpResponseCodec.decode(W3CHttpResponseCodec.java:122)
	at org.openqa.selenium.remote.http.W3CHttpResponseCodec.decode(W3CHttpResponseCodec.java:49)
	at org.openqa.selenium.remote.HttpCommandExecutor.execute(HttpCommandExecutor.java:158)
	at org.openqa.selenium.remote.service.DriverCommandExecutor.execute(DriverCommandExecutor.java:83)
	at org.openqa.selenium.remote.RemoteWebDriver.execute(RemoteWebDriver.java:552)
	at org.openqa.selenium.remote.RemoteWebElement.execute(RemoteWebElement.java:285)
	at org.openqa.selenium.remote.RemoteWebElement.click(RemoteWebElement.java:84)
	at cn.zhh.crawler.runner.CrawlUrlRunner.crawlUrl(CrawlUrlRunner.java:53)
	at cn.zhh.crawler.MyTest.testCrawlUrl(MyTest.java:25)
	at sun.reflect.NativeMethodAccessorImpl.invoke0(Native Method)
	at sun.reflect.NativeMethodAccessorImpl.invoke(NativeMethodAccessorImpl.java:62)
	at sun.reflect.DelegatingMethodAccessorImpl.invoke(DelegatingMethodAccessorImpl.java:43)
	at java.lang.reflect.Method.invoke(Method.java:498)
	at org.junit.runners.model.FrameworkMethod$1.runReflectiveCall(FrameworkMethod.java:50)
	at org.junit.internal.runners.model.ReflectiveCallable.run(ReflectiveCallable.java:12)
	at org.junit.runners.model.FrameworkMethod.invokeExplosively(FrameworkMethod.java:47)
	at org.junit.internal.runners.statements.InvokeMethod.evaluate(InvokeMethod.java:17)
	at org.springframework.test.context.junit4.statements.RunBeforeTestExecutionCallbacks.evaluate(RunBeforeTestExecutionCallbacks.java:74)
	at org.springframework.test.context.junit4.statements.RunAfterTestExecutionCallbacks.evaluate(RunAfterTestExecutionCallbacks.java:84)
	at org.springframework.test.context.junit4.statements.RunBeforeTestMethodCallbacks.evaluate(RunBeforeTestMethodCallbacks.java:75)
	at org.springframework.test.context.junit4.statements.RunAfterTestMethodCallbacks.evaluate(RunAfterTestMethodCallbacks.java:86)
	at org.springframework.test.context.junit4.statements.SpringRepeat.evaluate(SpringRepeat.java:84)
	at org.junit.runners.ParentRunner.runLeaf(ParentRunner.java:325)
	at org.springframework.test.context.junit4.SpringJUnit4ClassRunner.runChild(SpringJUnit4ClassRunner.java:251)
	at org.springframework.test.context.junit4.SpringJUnit4ClassRunner.runChild(SpringJUnit4ClassRunner.java:97)
	at org.junit.runners.ParentRunner$3.run(ParentRunner.java:290)
	at org.junit.runners.ParentRunner$1.schedule(ParentRunner.java:71)
	at org.junit.runners.ParentRunner.runChildren(ParentRunner.java:288)
	at org.junit.runners.ParentRunner.access$000(ParentRunner.java:58)
	at org.junit.runners.ParentRunner$2.evaluate(ParentRunner.java:268)
	at org.springframework.test.context.junit4.statements.RunBeforeTestClassCallbacks.evaluate(RunBeforeTestClassCallbacks.java:61)
	at org.springframework.test.context.junit4.statements.RunAfterTestClassCallbacks.evaluate(RunAfterTestClassCallbacks.java:70)
	at org.junit.runners.ParentRunner.run(ParentRunner.java:363)
	at org.springframework.test.context.junit4.SpringJUnit4ClassRunner.run(SpringJUnit4ClassRunner.java:190)
	at org.junit.runner.JUnitCore.run(JUnitCore.java:137)
	at com.intellij.junit4.JUnit4IdeaTestRunner.startRunnerWithArgs(JUnit4IdeaTestRunner.java:68)
	at com.intellij.rt.execution.junit.IdeaTestRunner$Repeater.startRunnerWithArgs(IdeaTestRunner.java:47)
	at com.intellij.rt.execution.junit.JUnitStarter.prepareStreamsAndStart(JUnitStarter.java:242)
	at com.intellij.rt.execution.junit.JUnitStarter.main(JUnitStarter.java:70)

[2020-03-07 00:26:28:952] org.springframework.amqp.rabbit.RabbitListenerEndpointContainer#1-1 INFO cn.zhh.crawler.mq.MqConsumer 41 - 消费职位链接，urlDTO=[UrlDTO(url=https://www.lagou.com/jobs/6867645.html?show=1e67d234bf724c869c4c040f27f8d369, retryCount=3)]
[2020-03-07 00:26:29:384] org.springframework.amqp.rabbit.RabbitListenerEndpointContainer#1-1 INFO cn.zhh.crawler.mq.MqConsumer 41 - 消费职位链接，urlDTO=[UrlDTO(url=https://www.lagou.com/jobs/6830290.html?show=1e67d234bf724c869c4c040f27f8d369, retryCount=3)]
[2020-03-07 00:26:29:667] org.springframework.amqp.rabbit.RabbitListenerEndpointContainer#1-1 INFO cn.zhh.crawler.mq.MqConsumer 41 - 消费职位链接，urlDTO=[UrlDTO(url=https://www.lagou.com/jobs/5993211.html?show=1e67d234bf724c869c4c040f27f8d369, retryCount=3)]
[2020-03-07 00:26:29:959] org.springframework.amqp.rabbit.RabbitListenerEndpointContainer#1-1 INFO cn.zhh.crawler.mq.MqConsumer 41 - 消费职位链接，urlDTO=[UrlDTO(url=https://www.lagou.com/jobs/2835729.html?show=1e67d234bf724c869c4c040f27f8d369, retryCount=3)]
[2020-03-07 00:33:00:935] main INFO cn.zhh.crawler.MyTest 50 - Starting MyTest on z_hh with PID 13380 (started by z_hh in D:\IdeaProjects\project\project-crawler)
[2020-03-07 00:33:00:944] main INFO cn.zhh.crawler.MyTest 646 - No active profile set, falling back to default profiles: default
[2020-03-07 00:33:08:711] main INFO cn.zhh.crawler.MyTest 59 - Started MyTest in 8.469 seconds (JVM running for 10.833)
[2020-03-07 00:33:08:713] org.springframework.amqp.rabbit.RabbitListenerEndpointContainer#0-1 INFO cn.zhh.crawler.mq.MqConsumer 41 - 消费职位链接，urlDTO=[UrlDTO(url=https://www.lagou.com/jobs/5993211.html?show=1e67d234bf724c869c4c040f27f8d369, retryCount=3)]
[2020-03-07 00:33:11:324] org.springframework.amqp.rabbit.RabbitListenerEndpointContainer#0-1 INFO cn.zhh.crawler.mq.MqProducer 35 - 发送职位详情至MQ，positionDetail=[广州米美科技有限公司-Java中高级开发工程师]
[2020-03-07 00:33:11:413] org.springframework.amqp.rabbit.RabbitListenerEndpointContainer#0-1 INFO cn.zhh.crawler.mq.MqConsumer 41 - 消费职位链接，urlDTO=[UrlDTO(url=https://www.lagou.com/jobs/6842651.html?show=1e67d234bf724c869c4c040f27f8d369, retryCount=3)]
[2020-03-07 00:33:11:478] org.springframework.amqp.rabbit.RabbitListenerEndpointContainer#1-1 INFO cn.zhh.crawler.mq.MqConsumer 53 - 消费职位详情，detail=[广州米美科技有限公司-Java中高级开发工程师]
[2020-03-07 00:33:11:758] org.springframework.amqp.rabbit.RabbitListenerEndpointContainer#0-1 INFO cn.zhh.crawler.mq.MqProducer 35 - 发送职位详情至MQ，positionDetail=[广州荷德曼农业科技有限公司-Java开发工程师（10-25万元）]
[2020-03-07 00:33:11:760] org.springframework.amqp.rabbit.RabbitListenerEndpointContainer#0-1 INFO cn.zhh.crawler.mq.MqConsumer 41 - 消费职位链接，urlDTO=[UrlDTO(url=https://www.lagou.com/jobs/6662950.html?show=1e67d234bf724c869c4c040f27f8d369, retryCount=3)]
[2020-03-07 00:33:12:114] org.springframework.amqp.rabbit.RabbitListenerEndpointContainer#0-1 INFO cn.zhh.crawler.mq.MqProducer 35 - 发送职位详情至MQ，positionDetail=[广州智安天使科技有限公司-中级java开发工程师]
[2020-03-07 00:33:12:116] org.springframework.amqp.rabbit.RabbitListenerEndpointContainer#0-1 INFO cn.zhh.crawler.mq.MqConsumer 41 - 消费职位链接，urlDTO=[UrlDTO(url=https://www.lagou.com/jobs/6795582.html?show=1e67d234bf724c869c4c040f27f8d369, retryCount=3)]
[2020-03-07 00:33:12:315] org.springframework.amqp.rabbit.RabbitListenerEndpointContainer#1-1 INFO cn.zhh.crawler.runner.Dao 71 - 唯一键冲突，uniqueKey=5993211
[2020-03-07 00:33:12:316] org.springframework.amqp.rabbit.RabbitListenerEndpointContainer#1-1 INFO cn.zhh.crawler.mq.MqConsumer 53 - 消费职位详情，detail=[广州荷德曼农业科技有限公司-Java开发工程师（10-25万元）]
[2020-03-07 00:33:12:344] org.springframework.amqp.rabbit.RabbitListenerEndpointContainer#1-1 INFO cn.zhh.crawler.runner.Dao 71 - 唯一键冲突，uniqueKey=6842651
[2020-03-07 00:33:12:348] org.springframework.amqp.rabbit.RabbitListenerEndpointContainer#1-1 INFO cn.zhh.crawler.mq.MqConsumer 53 - 消费职位详情，detail=[广州智安天使科技有限公司-中级java开发工程师]
[2020-03-07 00:33:12:378] org.springframework.amqp.rabbit.RabbitListenerEndpointContainer#1-1 INFO cn.zhh.crawler.runner.Dao 71 - 唯一键冲突，uniqueKey=6662950
[2020-03-07 00:33:12:473] org.springframework.amqp.rabbit.RabbitListenerEndpointContainer#0-1 INFO cn.zhh.crawler.mq.MqProducer 35 - 发送职位详情至MQ，positionDetail=[广州市有车以后信息科技有限公司-Java开发实习生]
[2020-03-07 00:33:12:474] org.springframework.amqp.rabbit.RabbitListenerEndpointContainer#0-1 INFO cn.zhh.crawler.mq.MqConsumer 41 - 消费职位链接，urlDTO=[UrlDTO(url=https://www.lagou.com/jobs/6243209.html?show=1e67d234bf724c869c4c040f27f8d369, retryCount=3)]
[2020-03-07 00:33:12:500] org.springframework.amqp.rabbit.RabbitListenerEndpointContainer#1-1 INFO cn.zhh.crawler.mq.MqConsumer 53 - 消费职位详情，detail=[广州市有车以后信息科技有限公司-Java开发实习生]
[2020-03-07 00:33:12:534] org.springframework.amqp.rabbit.RabbitListenerEndpointContainer#1-1 INFO cn.zhh.crawler.runner.Dao 71 - 唯一键冲突，uniqueKey=6795582
[2020-03-07 00:33:12:852] org.springframework.amqp.rabbit.RabbitListenerEndpointContainer#0-1 INFO cn.zhh.crawler.mq.MqProducer 35 - 发送职位详情至MQ，positionDetail=[广州天秤信息科技有限公司-java高级开发工程师]
[2020-03-07 00:33:12:854] org.springframework.amqp.rabbit.RabbitListenerEndpointContainer#0-1 INFO cn.zhh.crawler.mq.MqConsumer 41 - 消费职位链接，urlDTO=[UrlDTO(url=https://www.lagou.com/jobs/4827496.html?show=1e67d234bf724c869c4c040f27f8d369, retryCount=3)]
[2020-03-07 00:33:12:904] org.springframework.amqp.rabbit.RabbitListenerEndpointContainer#1-1 INFO cn.zhh.crawler.mq.MqConsumer 53 - 消费职位详情，detail=[广州天秤信息科技有限公司-java高级开发工程师]
[2020-03-07 00:33:12:932] org.springframework.amqp.rabbit.RabbitListenerEndpointContainer#1-1 INFO cn.zhh.crawler.runner.Dao 71 - 唯一键冲突，uniqueKey=6243209
[2020-03-07 00:33:23:195] org.springframework.amqp.rabbit.RabbitListenerEndpointContainer#0-1 WARN c.zhh.crawler.chain.JBrowserStrategy 30 - JBrowser加载网页[url=https://www.lagou.com/jobs/4827496.html?show=1e67d234bf724c869c4c040f27f8d369]异常，t=org.openqa.selenium.NoSuchElementException: Element not found or does not exist.
For documentation on this error, please visit: https://www.seleniumhq.org/exceptions/no_such_element.html
Build info: version: '3.141.59', revision: 'e82be7d358', time: '2018-11-14T08:17:03'
System info: host: 'Z_HH', ip: '169.254.83.89', os.name: 'Windows 10', os.arch: 'amd64', os.version: '10.0', java.version: '1.8.0_141'
Driver info: driver.version: unknown
	at sun.reflect.NativeConstructorAccessorImpl.newInstance0(Native Method)
	at sun.reflect.NativeConstructorAccessorImpl.newInstance(NativeConstructorAccessorImpl.java:62)
	at sun.reflect.DelegatingConstructorAccessorImpl.newInstance(DelegatingConstructorAccessorImpl.java:45)
	at java.lang.reflect.Constructor.newInstance(Constructor.java:423)
	at com.machinepublishers.jbrowserdriver.Util.handleException(Util.java:128)
	at com.machinepublishers.jbrowserdriver.JBrowserDriver.getPageSource(JBrowserDriver.java:601)
	at cn.zhh.crawler.chain.JBrowserStrategy.crawl(JBrowserStrategy.java:24)
	at cn.zhh.crawler.chain.CrawlStrategyChain.doCrawl(CrawlStrategyChain.java:24)
	at cn.zhh.crawler.chain.JsoupStrategy.crawl(JsoupStrategy.java:36)
	at cn.zhh.crawler.chain.CrawlStrategyChain.doCrawl(CrawlStrategyChain.java:24)
	at cn.zhh.crawler.runner.ParseDetailRunner.parseDetail(ParseDetailRunner.java:49)
	at cn.zhh.crawler.mq.MqConsumer.consumePositionUrl(MqConsumer.java:43)
	at sun.reflect.NativeMethodAccessorImpl.invoke0(Native Method)
	at sun.reflect.NativeMethodAccessorImpl.invoke(NativeMethodAccessorImpl.java:62)
	at sun.reflect.DelegatingMethodAccessorImpl.invoke(DelegatingMethodAccessorImpl.java:43)
	at java.lang.reflect.Method.invoke(Method.java:498)
	at org.springframework.messaging.handler.invocation.InvocableHandlerMethod.doInvoke(InvocableHandlerMethod.java:171)
	at org.springframework.messaging.handler.invocation.InvocableHandlerMethod.invoke(InvocableHandlerMethod.java:120)
	at org.springframework.amqp.rabbit.listener.adapter.HandlerAdapter.invoke(HandlerAdapter.java:50)
	at org.springframework.amqp.rabbit.listener.adapter.MessagingMessageListenerAdapter.invokeHandler(MessagingMessageListenerAdapter.java:196)
	at org.springframework.amqp.rabbit.listener.adapter.MessagingMessageListenerAdapter.onMessage(MessagingMessageListenerAdapter.java:129)
	at org.springframework.amqp.rabbit.listener.AbstractMessageListenerContainer.doInvokeListener(AbstractMessageListenerContainer.java:1552)
	at org.springframework.amqp.rabbit.listener.AbstractMessageListenerContainer.actualInvokeListener(AbstractMessageListenerContainer.java:1478)
	at org.springframework.amqp.rabbit.listener.AbstractMessageListenerContainer.invokeListener(AbstractMessageListenerContainer.java:1466)
	at org.springframework.amqp.rabbit.listener.AbstractMessageListenerContainer.doExecuteListener(AbstractMessageListenerContainer.java:1461)
	at org.springframework.amqp.rabbit.listener.AbstractMessageListenerContainer.executeListener(AbstractMessageListenerContainer.java:1410)
	at org.springframework.amqp.rabbit.listener.SimpleMessageListenerContainer.doReceiveAndExecute(SimpleMessageListenerContainer.java:870)
	at org.springframework.amqp.rabbit.listener.SimpleMessageListenerContainer.receiveAndExecute(SimpleMessageListenerContainer.java:854)
	at org.springframework.amqp.rabbit.listener.SimpleMessageListenerContainer.access$1600(SimpleMessageListenerContainer.java:78)
	at org.springframework.amqp.rabbit.listener.SimpleMessageListenerContainer$AsyncMessageProcessingConsumer.mainLoop(SimpleMessageListenerContainer.java:1137)
	at org.springframework.amqp.rabbit.listener.SimpleMessageListenerContainer$AsyncMessageProcessingConsumer.run(SimpleMessageListenerContainer.java:1043)
	at java.lang.Thread.run(Thread.java:748)
Caused by: org.openqa.selenium.NoSuchElementException: Element not found or does not exist.
For documentation on this error, please visit: https://www.seleniumhq.org/exceptions/no_such_element.html
Build info: version: '3.141.59', revision: 'e82be7d358', time: '2018-11-14T08:17:03'
System info: host: 'Z_HH', ip: '169.254.83.89', os.name: 'Windows 10', os.arch: 'amd64', os.version: '10.0', java.version: '1.8.0_141'
Driver info: driver.version: unknown
	at com.machinepublishers.jbrowserdriver.ElementServer.validate(ElementServer.java:202)
	at com.machinepublishers.jbrowserdriver.ElementServer.lambda$new$0(ElementServer.java:152)
	at com.machinepublishers.jbrowserdriver.AppThread$Runner.run(AppThread.java:88)
	at com.sun.javafx.application.PlatformImpl.lambda$null$173(PlatformImpl.java:295)
	at java.security.AccessController.doPrivileged(Native Method)
	at com.sun.javafx.application.PlatformImpl.lambda$runLater$174(PlatformImpl.java:294)
	at com.machinepublishers.glass.ui.monocle.RunnableProcessor.runLoop(RunnableProcessor.java:94)
	at com.machinepublishers.glass.ui.monocle.RunnableProcessor.run(RunnableProcessor.java:53)
	... 1 more

[2020-03-07 00:33:26:972] main INFO cn.zhh.crawler.mq.MqProducer 28 - 发送职位链接至MQ，url=[https://www.lagou.com/jobs/6862920.html?show=2f8da0e688b04bfe914461c175e64e7b]
[2020-03-07 00:33:26:994] main INFO cn.zhh.crawler.mq.MqProducer 28 - 发送职位链接至MQ，url=[https://www.lagou.com/jobs/6855125.html?show=2f8da0e688b04bfe914461c175e64e7b]
[2020-03-07 00:33:26:994] main INFO cn.zhh.crawler.mq.MqProducer 28 - 发送职位链接至MQ，url=[https://www.lagou.com/jobs/6419619.html?show=2f8da0e688b04bfe914461c175e64e7b]
[2020-03-07 00:33:27:008] main INFO cn.zhh.crawler.mq.MqProducer 28 - 发送职位链接至MQ，url=[https://www.lagou.com/jobs/6839804.html?show=2f8da0e688b04bfe914461c175e64e7b]
[2020-03-07 00:33:27:010] main INFO cn.zhh.crawler.mq.MqProducer 28 - 发送职位链接至MQ，url=[https://www.lagou.com/jobs/6857977.html?show=2f8da0e688b04bfe914461c175e64e7b]
[2020-03-07 00:33:27:011] main INFO cn.zhh.crawler.mq.MqProducer 28 - 发送职位链接至MQ，url=[https://www.lagou.com/jobs/6867645.html?show=2f8da0e688b04bfe914461c175e64e7b]
[2020-03-07 00:33:27:012] main INFO cn.zhh.crawler.mq.MqProducer 28 - 发送职位链接至MQ，url=[https://www.lagou.com/jobs/5731909.html?show=2f8da0e688b04bfe914461c175e64e7b]
[2020-03-07 00:33:27:015] main INFO cn.zhh.crawler.mq.MqProducer 28 - 发送职位链接至MQ，url=[https://www.lagou.com/jobs/6830290.html?show=2f8da0e688b04bfe914461c175e64e7b]
[2020-03-07 00:33:27:016] main INFO cn.zhh.crawler.mq.MqProducer 28 - 发送职位链接至MQ，url=[https://www.lagou.com/jobs/6336163.html?show=2f8da0e688b04bfe914461c175e64e7b]
[2020-03-07 00:33:27:018] main INFO cn.zhh.crawler.mq.MqProducer 28 - 发送职位链接至MQ，url=[https://www.lagou.com/jobs/5993211.html?show=2f8da0e688b04bfe914461c175e64e7b]
[2020-03-07 00:33:27:019] main INFO cn.zhh.crawler.mq.MqProducer 28 - 发送职位链接至MQ，url=[https://www.lagou.com/jobs/6816426.html?show=2f8da0e688b04bfe914461c175e64e7b]
[2020-03-07 00:33:27:020] main INFO cn.zhh.crawler.mq.MqProducer 28 - 发送职位链接至MQ，url=[https://www.lagou.com/jobs/5906509.html?show=2f8da0e688b04bfe914461c175e64e7b]
[2020-03-07 00:33:27:021] main INFO cn.zhh.crawler.mq.MqProducer 28 - 发送职位链接至MQ，url=[https://www.lagou.com/jobs/6588232.html?show=2f8da0e688b04bfe914461c175e64e7b]
[2020-03-07 00:33:27:022] main INFO cn.zhh.crawler.mq.MqProducer 28 - 发送职位链接至MQ，url=[https://www.lagou.com/jobs/2835729.html?show=2f8da0e688b04bfe914461c175e64e7b]
[2020-03-07 00:33:27:024] main INFO cn.zhh.crawler.mq.MqProducer 28 - 发送职位链接至MQ，url=[https://www.lagou.com/jobs/6803421.html?show=2f8da0e688b04bfe914461c175e64e7b]
[2020-03-07 00:33:27:472] main INFO cn.zhh.crawler.mq.MqProducer 28 - 发送职位链接至MQ，url=[https://www.lagou.com/jobs/6862920.html?show=2f8da0e688b04bfe914461c175e64e7b]
[2020-03-07 00:33:27:473] main INFO cn.zhh.crawler.mq.MqProducer 28 - 发送职位链接至MQ，url=[https://www.lagou.com/jobs/6855125.html?show=2f8da0e688b04bfe914461c175e64e7b]
[2020-03-07 00:33:27:474] main INFO cn.zhh.crawler.mq.MqProducer 28 - 发送职位链接至MQ，url=[https://www.lagou.com/jobs/6419619.html?show=2f8da0e688b04bfe914461c175e64e7b]
[2020-03-07 00:33:27:474] main INFO cn.zhh.crawler.mq.MqProducer 28 - 发送职位链接至MQ，url=[https://www.lagou.com/jobs/6839804.html?show=2f8da0e688b04bfe914461c175e64e7b]
[2020-03-07 00:33:27:475] main INFO cn.zhh.crawler.mq.MqProducer 28 - 发送职位链接至MQ，url=[https://www.lagou.com/jobs/6857977.html?show=2f8da0e688b04bfe914461c175e64e7b]
[2020-03-07 00:33:27:476] main INFO cn.zhh.crawler.mq.MqProducer 28 - 发送职位链接至MQ，url=[https://www.lagou.com/jobs/6867645.html?show=2f8da0e688b04bfe914461c175e64e7b]
[2020-03-07 00:33:27:477] main INFO cn.zhh.crawler.mq.MqProducer 28 - 发送职位链接至MQ，url=[https://www.lagou.com/jobs/5731909.html?show=2f8da0e688b04bfe914461c175e64e7b]
[2020-03-07 00:33:27:478] main INFO cn.zhh.crawler.mq.MqProducer 28 - 发送职位链接至MQ，url=[https://www.lagou.com/jobs/6830290.html?show=2f8da0e688b04bfe914461c175e64e7b]
[2020-03-07 00:33:27:479] main INFO cn.zhh.crawler.mq.MqProducer 28 - 发送职位链接至MQ，url=[https://www.lagou.com/jobs/6336163.html?show=2f8da0e688b04bfe914461c175e64e7b]
[2020-03-07 00:33:27:480] main INFO cn.zhh.crawler.mq.MqProducer 28 - 发送职位链接至MQ，url=[https://www.lagou.com/jobs/5993211.html?show=2f8da0e688b04bfe914461c175e64e7b]
[2020-03-07 00:33:27:480] main INFO cn.zhh.crawler.mq.MqProducer 28 - 发送职位链接至MQ，url=[https://www.lagou.com/jobs/6816426.html?show=2f8da0e688b04bfe914461c175e64e7b]
[2020-03-07 00:33:27:481] main INFO cn.zhh.crawler.mq.MqProducer 28 - 发送职位链接至MQ，url=[https://www.lagou.com/jobs/5906509.html?show=2f8da0e688b04bfe914461c175e64e7b]
[2020-03-07 00:33:27:482] main INFO cn.zhh.crawler.mq.MqProducer 28 - 发送职位链接至MQ，url=[https://www.lagou.com/jobs/6588232.html?show=2f8da0e688b04bfe914461c175e64e7b]
[2020-03-07 00:33:27:483] main INFO cn.zhh.crawler.mq.MqProducer 28 - 发送职位链接至MQ，url=[https://www.lagou.com/jobs/2835729.html?show=2f8da0e688b04bfe914461c175e64e7b]
[2020-03-07 00:33:27:485] main INFO cn.zhh.crawler.mq.MqProducer 28 - 发送职位链接至MQ，url=[https://www.lagou.com/jobs/6803421.html?show=2f8da0e688b04bfe914461c175e64e7b]
[2020-03-07 00:33:28:281] main INFO cn.zhh.crawler.mq.MqProducer 28 - 发送职位链接至MQ，url=[https://www.lagou.com/jobs/6740623.html?show=2f8da0e688b04bfe914461c175e64e7b]
[2020-03-07 00:33:28:282] main INFO cn.zhh.crawler.mq.MqProducer 28 - 发送职位链接至MQ，url=[https://www.lagou.com/jobs/6846828.html?show=2f8da0e688b04bfe914461c175e64e7b]
[2020-03-07 00:33:28:283] main INFO cn.zhh.crawler.mq.MqProducer 28 - 发送职位链接至MQ，url=[https://www.lagou.com/jobs/6384157.html?show=2f8da0e688b04bfe914461c175e64e7b]
[2020-03-07 00:33:28:286] main INFO cn.zhh.crawler.mq.MqProducer 28 - 发送职位链接至MQ，url=[https://www.lagou.com/jobs/5430201.html?show=2f8da0e688b04bfe914461c175e64e7b]
[2020-03-07 00:33:28:287] main INFO cn.zhh.crawler.mq.MqProducer 28 - 发送职位链接至MQ，url=[https://www.lagou.com/jobs/6803430.html?show=2f8da0e688b04bfe914461c175e64e7b]
[2020-03-07 00:33:28:287] main INFO cn.zhh.crawler.mq.MqProducer 28 - 发送职位链接至MQ，url=[https://www.lagou.com/jobs/6541132.html?show=2f8da0e688b04bfe914461c175e64e7b]
[2020-03-07 00:33:28:288] main INFO cn.zhh.crawler.mq.MqProducer 28 - 发送职位链接至MQ，url=[https://www.lagou.com/jobs/6638759.html?show=2f8da0e688b04bfe914461c175e64e7b]
[2020-03-07 00:33:28:289] main INFO cn.zhh.crawler.mq.MqProducer 28 - 发送职位链接至MQ，url=[https://www.lagou.com/jobs/6842651.html?show=2f8da0e688b04bfe914461c175e64e7b]
[2020-03-07 00:33:28:372] main INFO cn.zhh.crawler.mq.MqProducer 28 - 发送职位链接至MQ，url=[https://www.lagou.com/jobs/6311075.html?show=2f8da0e688b04bfe914461c175e64e7b]
[2020-03-07 00:33:28:373] main INFO cn.zhh.crawler.mq.MqProducer 28 - 发送职位链接至MQ，url=[https://www.lagou.com/jobs/6798134.html?show=2f8da0e688b04bfe914461c175e64e7b]
[2020-03-07 00:33:28:374] main INFO cn.zhh.crawler.mq.MqProducer 28 - 发送职位链接至MQ，url=[https://www.lagou.com/jobs/6842939.html?show=2f8da0e688b04bfe914461c175e64e7b]
[2020-03-07 00:33:28:376] main INFO cn.zhh.crawler.mq.MqProducer 28 - 发送职位链接至MQ，url=[https://www.lagou.com/jobs/6810638.html?show=2f8da0e688b04bfe914461c175e64e7b]
[2020-03-07 00:33:28:377] main INFO cn.zhh.crawler.mq.MqProducer 28 - 发送职位链接至MQ，url=[https://www.lagou.com/jobs/6334257.html?show=2f8da0e688b04bfe914461c175e64e7b]
[2020-03-07 00:33:28:378] main INFO cn.zhh.crawler.mq.MqProducer 28 - 发送职位链接至MQ，url=[https://www.lagou.com/jobs/6840369.html?show=2f8da0e688b04bfe914461c175e64e7b]
[2020-03-07 00:33:28:378] main INFO cn.zhh.crawler.mq.MqProducer 28 - 发送职位链接至MQ，url=[https://www.lagou.com/jobs/6794556.html?show=2f8da0e688b04bfe914461c175e64e7b]
[2020-03-07 00:33:28:619] main INFO cn.zhh.crawler.mq.MqProducer 28 - 发送职位链接至MQ，url=[https://www.lagou.com/jobs/6862935.html?show=2f8da0e688b04bfe914461c175e64e7b]
[2020-03-07 00:33:28:621] main INFO cn.zhh.crawler.mq.MqProducer 28 - 发送职位链接至MQ，url=[https://www.lagou.com/jobs/6662950.html?show=2f8da0e688b04bfe914461c175e64e7b]
[2020-03-07 00:33:28:622] main INFO cn.zhh.crawler.mq.MqProducer 28 - 发送职位链接至MQ，url=[https://www.lagou.com/jobs/6795582.html?show=2f8da0e688b04bfe914461c175e64e7b]
[2020-03-07 00:33:28:623] main INFO cn.zhh.crawler.mq.MqProducer 28 - 发送职位链接至MQ，url=[https://www.lagou.com/jobs/6180379.html?show=2f8da0e688b04bfe914461c175e64e7b]
[2020-03-07 00:33:28:624] main INFO cn.zhh.crawler.mq.MqProducer 28 - 发送职位链接至MQ，url=[https://www.lagou.com/jobs/6733157.html?show=2f8da0e688b04bfe914461c175e64e7b]
[2020-03-07 00:33:28:624] main INFO cn.zhh.crawler.mq.MqProducer 28 - 发送职位链接至MQ，url=[https://www.lagou.com/jobs/6747505.html?show=2f8da0e688b04bfe914461c175e64e7b]
[2020-03-07 00:33:28:625] main INFO cn.zhh.crawler.mq.MqProducer 28 - 发送职位链接至MQ，url=[https://www.lagou.com/jobs/6243209.html?show=2f8da0e688b04bfe914461c175e64e7b]
[2020-03-07 00:33:28:627] main INFO cn.zhh.crawler.mq.MqProducer 28 - 发送职位链接至MQ，url=[https://www.lagou.com/jobs/4827496.html?show=2f8da0e688b04bfe914461c175e64e7b]
[2020-03-07 00:33:28:628] main INFO cn.zhh.crawler.mq.MqProducer 28 - 发送职位链接至MQ，url=[https://www.lagou.com/jobs/6679897.html?show=2f8da0e688b04bfe914461c175e64e7b]
[2020-03-07 00:33:28:628] main INFO cn.zhh.crawler.mq.MqProducer 28 - 发送职位链接至MQ，url=[https://www.lagou.com/jobs/6492062.html?show=2f8da0e688b04bfe914461c175e64e7b]
[2020-03-07 00:33:28:629] main INFO cn.zhh.crawler.mq.MqProducer 28 - 发送职位链接至MQ，url=[https://www.lagou.com/jobs/6770765.html?show=2f8da0e688b04bfe914461c175e64e7b]
[2020-03-07 00:33:28:630] main INFO cn.zhh.crawler.mq.MqProducer 28 - 发送职位链接至MQ，url=[https://www.lagou.com/jobs/6470895.html?show=2f8da0e688b04bfe914461c175e64e7b]
[2020-03-07 00:33:28:631] main INFO cn.zhh.crawler.mq.MqProducer 28 - 发送职位链接至MQ，url=[https://www.lagou.com/jobs/6267132.html?show=2f8da0e688b04bfe914461c175e64e7b]
[2020-03-07 00:33:28:636] main INFO cn.zhh.crawler.mq.MqProducer 28 - 发送职位链接至MQ，url=[https://www.lagou.com/jobs/5749754.html?show=2f8da0e688b04bfe914461c175e64e7b]
[2020-03-07 00:33:28:637] main INFO cn.zhh.crawler.mq.MqProducer 28 - 发送职位链接至MQ，url=[https://www.lagou.com/jobs/2520025.html?show=2f8da0e688b04bfe914461c175e64e7b]
[2020-03-07 00:33:29:233] main INFO cn.zhh.crawler.mq.MqProducer 28 - 发送职位链接至MQ，url=[https://www.lagou.com/jobs/6365663.html?show=2f8da0e688b04bfe914461c175e64e7b]
[2020-03-07 00:33:29:239] main INFO cn.zhh.crawler.mq.MqProducer 28 - 发送职位链接至MQ，url=[https://www.lagou.com/jobs/6299656.html?show=2f8da0e688b04bfe914461c175e64e7b]
[2020-03-07 00:33:29:240] main INFO cn.zhh.crawler.mq.MqProducer 28 - 发送职位链接至MQ，url=[https://www.lagou.com/jobs/960035.html?show=2f8da0e688b04bfe914461c175e64e7b]
[2020-03-07 00:33:29:241] main INFO cn.zhh.crawler.mq.MqProducer 28 - 发送职位链接至MQ，url=[https://www.lagou.com/jobs/6470897.html?show=2f8da0e688b04bfe914461c175e64e7b]
[2020-03-07 00:33:29:242] main INFO cn.zhh.crawler.mq.MqProducer 28 - 发送职位链接至MQ，url=[https://www.lagou.com/jobs/6435214.html?show=2f8da0e688b04bfe914461c175e64e7b]
[2020-03-07 00:33:29:243] main INFO cn.zhh.crawler.mq.MqProducer 28 - 发送职位链接至MQ，url=[https://www.lagou.com/jobs/3906482.html?show=2f8da0e688b04bfe914461c175e64e7b]
[2020-03-07 00:33:29:244] main INFO cn.zhh.crawler.mq.MqProducer 28 - 发送职位链接至MQ，url=[https://www.lagou.com/jobs/6064015.html?show=2f8da0e688b04bfe914461c175e64e7b]
[2020-03-07 00:33:29:245] main INFO cn.zhh.crawler.mq.MqProducer 28 - 发送职位链接至MQ，url=[https://www.lagou.com/jobs/6858415.html?show=2f8da0e688b04bfe914461c175e64e7b]
[2020-03-07 00:33:29:246] main INFO cn.zhh.crawler.mq.MqProducer 28 - 发送职位链接至MQ，url=[https://www.lagou.com/jobs/6846966.html?show=2f8da0e688b04bfe914461c175e64e7b]
[2020-03-07 00:33:29:248] main INFO cn.zhh.crawler.mq.MqProducer 28 - 发送职位链接至MQ，url=[https://www.lagou.com/jobs/6505363.html?show=2f8da0e688b04bfe914461c175e64e7b]
[2020-03-07 00:33:29:249] main INFO cn.zhh.crawler.mq.MqProducer 28 - 发送职位链接至MQ，url=[https://www.lagou.com/jobs/6836215.html?show=2f8da0e688b04bfe914461c175e64e7b]
[2020-03-07 00:33:29:249] main INFO cn.zhh.crawler.mq.MqProducer 28 - 发送职位链接至MQ，url=[https://www.lagou.com/jobs/1642525.html?show=2f8da0e688b04bfe914461c175e64e7b]
[2020-03-07 00:33:29:254] main INFO cn.zhh.crawler.mq.MqProducer 28 - 发送职位链接至MQ，url=[https://www.lagou.com/jobs/5837838.html?show=2f8da0e688b04bfe914461c175e64e7b]
[2020-03-07 00:33:29:255] main INFO cn.zhh.crawler.mq.MqProducer 28 - 发送职位链接至MQ，url=[https://www.lagou.com/jobs/6792372.html?show=2f8da0e688b04bfe914461c175e64e7b]
[2020-03-07 00:33:29:256] main INFO cn.zhh.crawler.mq.MqProducer 28 - 发送职位链接至MQ，url=[https://www.lagou.com/jobs/6818011.html?show=2f8da0e688b04bfe914461c175e64e7b]
[2020-03-07 00:33:29:931] main INFO cn.zhh.crawler.mq.MqProducer 28 - 发送职位链接至MQ，url=[https://www.lagou.com/jobs/6492148.html?show=2f8da0e688b04bfe914461c175e64e7b]
[2020-03-07 00:33:29:933] main INFO cn.zhh.crawler.mq.MqProducer 28 - 发送职位链接至MQ，url=[https://www.lagou.com/jobs/1422976.html?show=2f8da0e688b04bfe914461c175e64e7b]
[2020-03-07 00:33:29:940] main INFO cn.zhh.crawler.mq.MqProducer 28 - 发送职位链接至MQ，url=[https://www.lagou.com/jobs/5351722.html?show=2f8da0e688b04bfe914461c175e64e7b]
[2020-03-07 00:33:29:941] main INFO cn.zhh.crawler.mq.MqProducer 28 - 发送职位链接至MQ，url=[https://www.lagou.com/jobs/3825095.html?show=2f8da0e688b04bfe914461c175e64e7b]
[2020-03-07 00:33:29:942] main INFO cn.zhh.crawler.mq.MqProducer 28 - 发送职位链接至MQ，url=[https://www.lagou.com/jobs/6171583.html?show=2f8da0e688b04bfe914461c175e64e7b]
[2020-03-07 00:33:29:943] main INFO cn.zhh.crawler.mq.MqProducer 28 - 发送职位链接至MQ，url=[https://www.lagou.com/jobs/2738861.html?show=2f8da0e688b04bfe914461c175e64e7b]
[2020-03-07 00:33:29:944] main INFO cn.zhh.crawler.mq.MqProducer 28 - 发送职位链接至MQ，url=[https://www.lagou.com/jobs/2911882.html?show=2f8da0e688b04bfe914461c175e64e7b]
[2020-03-07 00:33:29:945] main INFO cn.zhh.crawler.mq.MqProducer 28 - 发送职位链接至MQ，url=[https://www.lagou.com/jobs/6653914.html?show=2f8da0e688b04bfe914461c175e64e7b]
[2020-03-07 00:33:29:946] main INFO cn.zhh.crawler.mq.MqProducer 28 - 发送职位链接至MQ，url=[https://www.lagou.com/jobs/6387983.html?show=2f8da0e688b04bfe914461c175e64e7b]
[2020-03-07 00:33:29:947] main INFO cn.zhh.crawler.mq.MqProducer 28 - 发送职位链接至MQ，url=[https://www.lagou.com/jobs/6803498.html?show=2f8da0e688b04bfe914461c175e64e7b]
[2020-03-07 00:33:29:948] main INFO cn.zhh.crawler.mq.MqProducer 28 - 发送职位链接至MQ，url=[https://www.lagou.com/jobs/5766865.html?show=2f8da0e688b04bfe914461c175e64e7b]
[2020-03-07 00:33:29:949] main INFO cn.zhh.crawler.mq.MqProducer 28 - 发送职位链接至MQ，url=[https://www.lagou.com/jobs/5703587.html?show=2f8da0e688b04bfe914461c175e64e7b]
[2020-03-07 00:33:29:952] main INFO cn.zhh.crawler.mq.MqProducer 28 - 发送职位链接至MQ，url=[https://www.lagou.com/jobs/6858742.html?show=2f8da0e688b04bfe914461c175e64e7b]
[2020-03-07 00:33:29:954] main INFO cn.zhh.crawler.mq.MqProducer 28 - 发送职位链接至MQ，url=[https://www.lagou.com/jobs/6832450.html?show=2f8da0e688b04bfe914461c175e64e7b]
[2020-03-07 00:33:29:957] main INFO cn.zhh.crawler.mq.MqProducer 28 - 发送职位链接至MQ，url=[https://www.lagou.com/jobs/6586699.html?show=2f8da0e688b04bfe914461c175e64e7b]
[2020-03-07 00:33:30:816] main INFO cn.zhh.crawler.mq.MqProducer 28 - 发送职位链接至MQ，url=[https://www.lagou.com/jobs/5600448.html?show=2f8da0e688b04bfe914461c175e64e7b]
[2020-03-07 00:33:30:817] main INFO cn.zhh.crawler.mq.MqProducer 28 - 发送职位链接至MQ，url=[https://www.lagou.com/jobs/6799633.html?show=2f8da0e688b04bfe914461c175e64e7b]
[2020-03-07 00:33:30:819] main INFO cn.zhh.crawler.mq.MqProducer 28 - 发送职位链接至MQ，url=[https://www.lagou.com/jobs/6262449.html?show=2f8da0e688b04bfe914461c175e64e7b]
[2020-03-07 00:33:30:822] main INFO cn.zhh.crawler.mq.MqProducer 28 - 发送职位链接至MQ，url=[https://www.lagou.com/jobs/6653898.html?show=2f8da0e688b04bfe914461c175e64e7b]
[2020-03-07 00:33:30:825] main INFO cn.zhh.crawler.mq.MqProducer 28 - 发送职位链接至MQ，url=[https://www.lagou.com/jobs/681050.html?show=2f8da0e688b04bfe914461c175e64e7b]
[2020-03-07 00:33:30:850] main INFO cn.zhh.crawler.mq.MqProducer 28 - 发送职位链接至MQ，url=[https://www.lagou.com/jobs/6832485.html?show=2f8da0e688b04bfe914461c175e64e7b]
[2020-03-07 00:33:30:852] main INFO cn.zhh.crawler.mq.MqProducer 28 - 发送职位链接至MQ，url=[https://www.lagou.com/jobs/6708075.html?show=2f8da0e688b04bfe914461c175e64e7b]
[2020-03-07 00:33:30:855] main INFO cn.zhh.crawler.mq.MqProducer 28 - 发送职位链接至MQ，url=[https://www.lagou.com/jobs/6852221.html?show=2f8da0e688b04bfe914461c175e64e7b]
[2020-03-07 00:33:30:858] main INFO cn.zhh.crawler.mq.MqProducer 28 - 发送职位链接至MQ，url=[https://www.lagou.com/jobs/3448209.html?show=2f8da0e688b04bfe914461c175e64e7b]
[2020-03-07 00:33:30:859] main INFO cn.zhh.crawler.mq.MqProducer 28 - 发送职位链接至MQ，url=[https://www.lagou.com/jobs/6862063.html?show=2f8da0e688b04bfe914461c175e64e7b]
[2020-03-07 00:33:30:860] main INFO cn.zhh.crawler.mq.MqProducer 28 - 发送职位链接至MQ，url=[https://www.lagou.com/jobs/6844775.html?show=2f8da0e688b04bfe914461c175e64e7b]
[2020-03-07 00:33:30:861] main INFO cn.zhh.crawler.mq.MqProducer 28 - 发送职位链接至MQ，url=[https://www.lagou.com/jobs/6148948.html?show=2f8da0e688b04bfe914461c175e64e7b]
[2020-03-07 00:33:30:866] main INFO cn.zhh.crawler.mq.MqProducer 28 - 发送职位链接至MQ，url=[https://www.lagou.com/jobs/6513256.html?show=2f8da0e688b04bfe914461c175e64e7b]
[2020-03-07 00:33:30:872] main INFO cn.zhh.crawler.mq.MqProducer 28 - 发送职位链接至MQ，url=[https://www.lagou.com/jobs/6538685.html?show=2f8da0e688b04bfe914461c175e64e7b]
[2020-03-07 00:33:30:873] main INFO cn.zhh.crawler.mq.MqProducer 28 - 发送职位链接至MQ，url=[https://www.lagou.com/jobs/5762511.html?show=2f8da0e688b04bfe914461c175e64e7b]
[2020-03-07 00:33:31:678] main INFO cn.zhh.crawler.mq.MqProducer 28 - 发送职位链接至MQ，url=[https://www.lagou.com/jobs/6261513.html?show=2f8da0e688b04bfe914461c175e64e7b]
[2020-03-07 00:33:31:679] main INFO cn.zhh.crawler.mq.MqProducer 28 - 发送职位链接至MQ，url=[https://www.lagou.com/jobs/6566615.html?show=2f8da0e688b04bfe914461c175e64e7b]
[2020-03-07 00:33:31:679] main INFO cn.zhh.crawler.mq.MqProducer 28 - 发送职位链接至MQ，url=[https://www.lagou.com/jobs/5694978.html?show=2f8da0e688b04bfe914461c175e64e7b]
[2020-03-07 00:33:31:681] main INFO cn.zhh.crawler.mq.MqProducer 28 - 发送职位链接至MQ，url=[https://www.lagou.com/jobs/6475219.html?show=2f8da0e688b04bfe914461c175e64e7b]
[2020-03-07 00:33:31:681] main INFO cn.zhh.crawler.mq.MqProducer 28 - 发送职位链接至MQ，url=[https://www.lagou.com/jobs/6513263.html?show=2f8da0e688b04bfe914461c175e64e7b]
[2020-03-07 00:33:31:682] main INFO cn.zhh.crawler.mq.MqProducer 28 - 发送职位链接至MQ，url=[https://www.lagou.com/jobs/5810807.html?show=2f8da0e688b04bfe914461c175e64e7b]
[2020-03-07 00:33:31:683] main INFO cn.zhh.crawler.mq.MqProducer 28 - 发送职位链接至MQ，url=[https://www.lagou.com/jobs/6866153.html?show=2f8da0e688b04bfe914461c175e64e7b]
[2020-03-07 00:33:31:683] main INFO cn.zhh.crawler.mq.MqProducer 28 - 发送职位链接至MQ，url=[https://www.lagou.com/jobs/5738366.html?show=2f8da0e688b04bfe914461c175e64e7b]
[2020-03-07 00:33:31:685] main INFO cn.zhh.crawler.mq.MqProducer 28 - 发送职位链接至MQ，url=[https://www.lagou.com/jobs/6810647.html?show=2f8da0e688b04bfe914461c175e64e7b]
[2020-03-07 00:33:31:687] main INFO cn.zhh.crawler.mq.MqProducer 28 - 发送职位链接至MQ，url=[https://www.lagou.com/jobs/6848215.html?show=2f8da0e688b04bfe914461c175e64e7b]
[2020-03-07 00:33:31:688] main INFO cn.zhh.crawler.mq.MqProducer 28 - 发送职位链接至MQ，url=[https://www.lagou.com/jobs/6862588.html?show=2f8da0e688b04bfe914461c175e64e7b]
[2020-03-07 00:33:31:689] main INFO cn.zhh.crawler.mq.MqProducer 28 - 发送职位链接至MQ，url=[https://www.lagou.com/jobs/6860911.html?show=2f8da0e688b04bfe914461c175e64e7b]
[2020-03-07 00:33:31:691] main INFO cn.zhh.crawler.mq.MqProducer 28 - 发送职位链接至MQ，url=[https://www.lagou.com/jobs/6310374.html?show=2f8da0e688b04bfe914461c175e64e7b]
[2020-03-07 00:33:31:693] main INFO cn.zhh.crawler.mq.MqProducer 28 - 发送职位链接至MQ，url=[https://www.lagou.com/jobs/6283586.html?show=2f8da0e688b04bfe914461c175e64e7b]
[2020-03-07 00:33:31:695] main INFO cn.zhh.crawler.mq.MqProducer 28 - 发送职位链接至MQ，url=[https://www.lagou.com/jobs/5045203.html?show=2f8da0e688b04bfe914461c175e64e7b]
[2020-03-07 00:33:32:135] main INFO cn.zhh.crawler.mq.MqProducer 28 - 发送职位链接至MQ，url=[https://www.lagou.com/jobs/6669505.html?show=2f8da0e688b04bfe914461c175e64e7b]
[2020-03-07 00:33:32:137] main INFO cn.zhh.crawler.mq.MqProducer 28 - 发送职位链接至MQ，url=[https://www.lagou.com/jobs/6819521.html?show=2f8da0e688b04bfe914461c175e64e7b]
[2020-03-07 00:33:32:138] main INFO cn.zhh.crawler.mq.MqProducer 28 - 发送职位链接至MQ，url=[https://www.lagou.com/jobs/6862697.html?show=2f8da0e688b04bfe914461c175e64e7b]
[2020-03-07 00:33:32:140] main INFO cn.zhh.crawler.mq.MqProducer 28 - 发送职位链接至MQ，url=[https://www.lagou.com/jobs/6310139.html?show=2f8da0e688b04bfe914461c175e64e7b]
[2020-03-07 00:33:32:141] main INFO cn.zhh.crawler.mq.MqProducer 28 - 发送职位链接至MQ，url=[https://www.lagou.com/jobs/6741221.html?show=2f8da0e688b04bfe914461c175e64e7b]
[2020-03-07 00:33:32:142] main INFO cn.zhh.crawler.mq.MqProducer 28 - 发送职位链接至MQ，url=[https://www.lagou.com/jobs/6849617.html?show=2f8da0e688b04bfe914461c175e64e7b]
[2020-03-07 00:33:32:142] main INFO cn.zhh.crawler.mq.MqProducer 28 - 发送职位链接至MQ，url=[https://www.lagou.com/jobs/4604716.html?show=2f8da0e688b04bfe914461c175e64e7b]
[2020-03-07 00:33:32:144] main INFO cn.zhh.crawler.mq.MqProducer 28 - 发送职位链接至MQ，url=[https://www.lagou.com/jobs/6540415.html?show=2f8da0e688b04bfe914461c175e64e7b]
[2020-03-07 00:33:32:144] main INFO cn.zhh.crawler.mq.MqProducer 28 - 发送职位链接至MQ，url=[https://www.lagou.com/jobs/6579364.html?show=2f8da0e688b04bfe914461c175e64e7b]
[2020-03-07 00:33:32:145] main INFO cn.zhh.crawler.mq.MqProducer 28 - 发送职位链接至MQ，url=[https://www.lagou.com/jobs/2940672.html?show=2f8da0e688b04bfe914461c175e64e7b]
[2020-03-07 00:33:32:146] main INFO cn.zhh.crawler.mq.MqProducer 28 - 发送职位链接至MQ，url=[https://www.lagou.com/jobs/6829840.html?show=2f8da0e688b04bfe914461c175e64e7b]
[2020-03-07 00:33:32:147] main INFO cn.zhh.crawler.mq.MqProducer 28 - 发送职位链接至MQ，url=[https://www.lagou.com/jobs/6290358.html?show=2f8da0e688b04bfe914461c175e64e7b]
[2020-03-07 00:33:32:148] main INFO cn.zhh.crawler.mq.MqProducer 28 - 发送职位链接至MQ，url=[https://www.lagou.com/jobs/6788964.html?show=2f8da0e688b04bfe914461c175e64e7b]
[2020-03-07 00:33:32:191] main INFO cn.zhh.crawler.mq.MqProducer 28 - 发送职位链接至MQ，url=[https://www.lagou.com/jobs/6649282.html?show=2f8da0e688b04bfe914461c175e64e7b]
[2020-03-07 00:33:32:192] main INFO cn.zhh.crawler.mq.MqProducer 28 - 发送职位链接至MQ，url=[https://www.lagou.com/jobs/2065454.html?show=2f8da0e688b04bfe914461c175e64e7b]
[2020-03-07 00:33:32:741] main INFO cn.zhh.crawler.mq.MqProducer 28 - 发送职位链接至MQ，url=[https://www.lagou.com/jobs/6862611.html?show=2f8da0e688b04bfe914461c175e64e7b]
[2020-03-07 00:33:32:742] main INFO cn.zhh.crawler.mq.MqProducer 28 - 发送职位链接至MQ，url=[https://www.lagou.com/jobs/6374072.html?show=2f8da0e688b04bfe914461c175e64e7b]
[2020-03-07 00:33:32:742] main INFO cn.zhh.crawler.mq.MqProducer 28 - 发送职位链接至MQ，url=[https://www.lagou.com/jobs/5988420.html?show=2f8da0e688b04bfe914461c175e64e7b]
[2020-03-07 00:33:32:743] main INFO cn.zhh.crawler.mq.MqProducer 28 - 发送职位链接至MQ，url=[https://www.lagou.com/jobs/6742166.html?show=2f8da0e688b04bfe914461c175e64e7b]
[2020-03-07 00:33:32:744] main INFO cn.zhh.crawler.mq.MqProducer 28 - 发送职位链接至MQ，url=[https://www.lagou.com/jobs/6540438.html?show=2f8da0e688b04bfe914461c175e64e7b]
[2020-03-07 00:33:32:745] main INFO cn.zhh.crawler.mq.MqProducer 28 - 发送职位链接至MQ，url=[https://www.lagou.com/jobs/5245606.html?show=2f8da0e688b04bfe914461c175e64e7b]
[2020-03-07 00:33:32:746] main INFO cn.zhh.crawler.mq.MqProducer 28 - 发送职位链接至MQ，url=[https://www.lagou.com/jobs/6856717.html?show=2f8da0e688b04bfe914461c175e64e7b]
[2020-03-07 00:33:32:748] main INFO cn.zhh.crawler.mq.MqProducer 28 - 发送职位链接至MQ，url=[https://www.lagou.com/jobs/6509369.html?show=2f8da0e688b04bfe914461c175e64e7b]
[2020-03-07 00:33:32:749] main INFO cn.zhh.crawler.mq.MqProducer 28 - 发送职位链接至MQ，url=[https://www.lagou.com/jobs/6867108.html?show=2f8da0e688b04bfe914461c175e64e7b]
[2020-03-07 00:33:32:749] main INFO cn.zhh.crawler.mq.MqProducer 28 - 发送职位链接至MQ，url=[https://www.lagou.com/jobs/6698851.html?show=2f8da0e688b04bfe914461c175e64e7b]
[2020-03-07 00:33:32:750] main INFO cn.zhh.crawler.mq.MqProducer 28 - 发送职位链接至MQ，url=[https://www.lagou.com/jobs/6371989.html?show=2f8da0e688b04bfe914461c175e64e7b]
[2020-03-07 00:33:32:751] main INFO cn.zhh.crawler.mq.MqProducer 28 - 发送职位链接至MQ，url=[https://www.lagou.com/jobs/5774905.html?show=2f8da0e688b04bfe914461c175e64e7b]
[2020-03-07 00:33:32:753] main INFO cn.zhh.crawler.mq.MqProducer 28 - 发送职位链接至MQ，url=[https://www.lagou.com/jobs/6569243.html?show=2f8da0e688b04bfe914461c175e64e7b]
[2020-03-07 00:33:32:754] main INFO cn.zhh.crawler.mq.MqProducer 28 - 发送职位链接至MQ，url=[https://www.lagou.com/jobs/6208401.html?show=2f8da0e688b04bfe914461c175e64e7b]
[2020-03-07 00:33:32:761] main INFO cn.zhh.crawler.mq.MqProducer 28 - 发送职位链接至MQ，url=[https://www.lagou.com/jobs/6632302.html?show=2f8da0e688b04bfe914461c175e64e7b]
[2020-03-07 00:33:33:522] main INFO cn.zhh.crawler.mq.MqProducer 28 - 发送职位链接至MQ，url=[https://www.lagou.com/jobs/4237020.html?show=2f8da0e688b04bfe914461c175e64e7b]
[2020-03-07 00:33:33:522] main INFO cn.zhh.crawler.mq.MqProducer 28 - 发送职位链接至MQ，url=[https://www.lagou.com/jobs/4800913.html?show=2f8da0e688b04bfe914461c175e64e7b]
[2020-03-07 00:33:33:523] main INFO cn.zhh.crawler.mq.MqProducer 28 - 发送职位链接至MQ，url=[https://www.lagou.com/jobs/6540410.html?show=2f8da0e688b04bfe914461c175e64e7b]
[2020-03-07 00:33:33:525] main INFO cn.zhh.crawler.mq.MqProducer 28 - 发送职位链接至MQ，url=[https://www.lagou.com/jobs/6507545.html?show=2f8da0e688b04bfe914461c175e64e7b]
[2020-03-07 00:33:33:527] main INFO cn.zhh.crawler.mq.MqProducer 28 - 发送职位链接至MQ，url=[https://www.lagou.com/jobs/1911869.html?show=2f8da0e688b04bfe914461c175e64e7b]
[2020-03-07 00:33:33:529] main INFO cn.zhh.crawler.mq.MqProducer 28 - 发送职位链接至MQ，url=[https://www.lagou.com/jobs/4229281.html?show=2f8da0e688b04bfe914461c175e64e7b]
[2020-03-07 00:33:33:530] main INFO cn.zhh.crawler.mq.MqProducer 28 - 发送职位链接至MQ，url=[https://www.lagou.com/jobs/4592629.html?show=2f8da0e688b04bfe914461c175e64e7b]
[2020-03-07 00:33:33:531] main INFO cn.zhh.crawler.mq.MqProducer 28 - 发送职位链接至MQ，url=[https://www.lagou.com/jobs/4433814.html?show=2f8da0e688b04bfe914461c175e64e7b]
[2020-03-07 00:33:33:531] main INFO cn.zhh.crawler.mq.MqProducer 28 - 发送职位链接至MQ，url=[https://www.lagou.com/jobs/5903914.html?show=2f8da0e688b04bfe914461c175e64e7b]
[2020-03-07 00:33:33:532] main INFO cn.zhh.crawler.mq.MqProducer 28 - 发送职位链接至MQ，url=[https://www.lagou.com/jobs/6263548.html?show=2f8da0e688b04bfe914461c175e64e7b]
[2020-03-07 00:33:33:533] main INFO cn.zhh.crawler.mq.MqProducer 28 - 发送职位链接至MQ，url=[https://www.lagou.com/jobs/6814743.html?show=2f8da0e688b04bfe914461c175e64e7b]
[2020-03-07 00:33:33:534] main INFO cn.zhh.crawler.mq.MqProducer 28 - 发送职位链接至MQ，url=[https://www.lagou.com/jobs/4970136.html?show=2f8da0e688b04bfe914461c175e64e7b]
[2020-03-07 00:33:33:534] main INFO cn.zhh.crawler.mq.MqProducer 28 - 发送职位链接至MQ，url=[https://www.lagou.com/jobs/6561126.html?show=2f8da0e688b04bfe914461c175e64e7b]
[2020-03-07 00:33:33:536] main INFO cn.zhh.crawler.mq.MqProducer 28 - 发送职位链接至MQ，url=[https://www.lagou.com/jobs/5734790.html?show=2f8da0e688b04bfe914461c175e64e7b]
[2020-03-07 00:33:33:538] main INFO cn.zhh.crawler.mq.MqProducer 28 - 发送职位链接至MQ，url=[https://www.lagou.com/jobs/1496858.html?show=2f8da0e688b04bfe914461c175e64e7b]
[2020-03-07 00:33:34:099] main INFO cn.zhh.crawler.mq.MqProducer 28 - 发送职位链接至MQ，url=[https://www.lagou.com/jobs/6809410.html?show=2f8da0e688b04bfe914461c175e64e7b]
[2020-03-07 00:33:34:102] main INFO cn.zhh.crawler.mq.MqProducer 28 - 发送职位链接至MQ，url=[https://www.lagou.com/jobs/5804667.html?show=2f8da0e688b04bfe914461c175e64e7b]
[2020-03-07 00:33:34:115] main INFO cn.zhh.crawler.mq.MqProducer 28 - 发送职位链接至MQ，url=[https://www.lagou.com/jobs/6393867.html?show=2f8da0e688b04bfe914461c175e64e7b]
[2020-03-07 00:33:34:118] main INFO cn.zhh.crawler.mq.MqProducer 28 - 发送职位链接至MQ，url=[https://www.lagou.com/jobs/6390936.html?show=2f8da0e688b04bfe914461c175e64e7b]
[2020-03-07 00:33:34:120] main INFO cn.zhh.crawler.mq.MqProducer 28 - 发送职位链接至MQ，url=[https://www.lagou.com/jobs/6006854.html?show=2f8da0e688b04bfe914461c175e64e7b]
[2020-03-07 00:33:34:121] main INFO cn.zhh.crawler.mq.MqProducer 28 - 发送职位链接至MQ，url=[https://www.lagou.com/jobs/5813060.html?show=2f8da0e688b04bfe914461c175e64e7b]
[2020-03-07 00:33:34:125] main INFO cn.zhh.crawler.mq.MqProducer 28 - 发送职位链接至MQ，url=[https://www.lagou.com/jobs/6812304.html?show=2f8da0e688b04bfe914461c175e64e7b]
[2020-03-07 00:33:34:127] main INFO cn.zhh.crawler.mq.MqProducer 28 - 发送职位链接至MQ，url=[https://www.lagou.com/jobs/6767053.html?show=2f8da0e688b04bfe914461c175e64e7b]
[2020-03-07 00:33:34:210] main INFO cn.zhh.crawler.mq.MqProducer 28 - 发送职位链接至MQ，url=[https://www.lagou.com/jobs/6788635.html?show=2f8da0e688b04bfe914461c175e64e7b]
[2020-03-07 00:33:34:210] main INFO cn.zhh.crawler.mq.MqProducer 28 - 发送职位链接至MQ，url=[https://www.lagou.com/jobs/4439296.html?show=2f8da0e688b04bfe914461c175e64e7b]
[2020-03-07 00:33:34:211] main INFO cn.zhh.crawler.mq.MqProducer 28 - 发送职位链接至MQ，url=[https://www.lagou.com/jobs/6866992.html?show=2f8da0e688b04bfe914461c175e64e7b]
[2020-03-07 00:33:34:212] main INFO cn.zhh.crawler.mq.MqProducer 28 - 发送职位链接至MQ，url=[https://www.lagou.com/jobs/6731161.html?show=2f8da0e688b04bfe914461c175e64e7b]
[2020-03-07 00:33:34:212] main INFO cn.zhh.crawler.mq.MqProducer 28 - 发送职位链接至MQ，url=[https://www.lagou.com/jobs/6413692.html?show=2f8da0e688b04bfe914461c175e64e7b]
[2020-03-07 00:33:34:213] main INFO cn.zhh.crawler.mq.MqProducer 28 - 发送职位链接至MQ，url=[https://www.lagou.com/jobs/6525571.html?show=2f8da0e688b04bfe914461c175e64e7b]
[2020-03-07 00:33:34:214] main INFO cn.zhh.crawler.mq.MqProducer 28 - 发送职位链接至MQ，url=[https://www.lagou.com/jobs/6488311.html?show=2f8da0e688b04bfe914461c175e64e7b]
[2020-03-07 00:33:34:693] main INFO cn.zhh.crawler.mq.MqProducer 28 - 发送职位链接至MQ，url=[https://www.lagou.com/jobs/6796336.html?show=2f8da0e688b04bfe914461c175e64e7b]
[2020-03-07 00:33:34:694] main INFO cn.zhh.crawler.mq.MqProducer 28 - 发送职位链接至MQ，url=[https://www.lagou.com/jobs/6730975.html?show=2f8da0e688b04bfe914461c175e64e7b]
[2020-03-07 00:33:34:699] main INFO cn.zhh.crawler.mq.MqProducer 28 - 发送职位链接至MQ，url=[https://www.lagou.com/jobs/6513563.html?show=2f8da0e688b04bfe914461c175e64e7b]
[2020-03-07 00:33:34:702] main INFO cn.zhh.crawler.mq.MqProducer 28 - 发送职位链接至MQ，url=[https://www.lagou.com/jobs/6821967.html?show=2f8da0e688b04bfe914461c175e64e7b]
[2020-03-07 00:33:34:703] main INFO cn.zhh.crawler.mq.MqProducer 28 - 发送职位链接至MQ，url=[https://www.lagou.com/jobs/3468094.html?show=2f8da0e688b04bfe914461c175e64e7b]
[2020-03-07 00:33:34:704] main INFO cn.zhh.crawler.mq.MqProducer 28 - 发送职位链接至MQ，url=[https://www.lagou.com/jobs/6844250.html?show=2f8da0e688b04bfe914461c175e64e7b]
[2020-03-07 00:33:34:708] main INFO cn.zhh.crawler.mq.MqProducer 28 - 发送职位链接至MQ，url=[https://www.lagou.com/jobs/5678556.html?show=2f8da0e688b04bfe914461c175e64e7b]
[2020-03-07 00:33:34:712] main INFO cn.zhh.crawler.mq.MqProducer 28 - 发送职位链接至MQ，url=[https://www.lagou.com/jobs/6673143.html?show=2f8da0e688b04bfe914461c175e64e7b]
[2020-03-07 00:33:34:713] main INFO cn.zhh.crawler.mq.MqProducer 28 - 发送职位链接至MQ，url=[https://www.lagou.com/jobs/6849841.html?show=2f8da0e688b04bfe914461c175e64e7b]
[2020-03-07 00:33:34:714] main INFO cn.zhh.crawler.mq.MqProducer 28 - 发送职位链接至MQ，url=[https://www.lagou.com/jobs/6673820.html?show=2f8da0e688b04bfe914461c175e64e7b]
[2020-03-07 00:33:34:714] main INFO cn.zhh.crawler.mq.MqProducer 28 - 发送职位链接至MQ，url=[https://www.lagou.com/jobs/6866418.html?show=2f8da0e688b04bfe914461c175e64e7b]
[2020-03-07 00:33:34:719] main INFO cn.zhh.crawler.mq.MqProducer 28 - 发送职位链接至MQ，url=[https://www.lagou.com/jobs/6602472.html?show=2f8da0e688b04bfe914461c175e64e7b]
[2020-03-07 00:33:34:721] main INFO cn.zhh.crawler.mq.MqProducer 28 - 发送职位链接至MQ，url=[https://www.lagou.com/jobs/6866955.html?show=2f8da0e688b04bfe914461c175e64e7b]
[2020-03-07 00:33:34:722] main INFO cn.zhh.crawler.mq.MqProducer 28 - 发送职位链接至MQ，url=[https://www.lagou.com/jobs/6823035.html?show=2f8da0e688b04bfe914461c175e64e7b]
[2020-03-07 00:33:34:723] main INFO cn.zhh.crawler.mq.MqProducer 28 - 发送职位链接至MQ，url=[https://www.lagou.com/jobs/6737737.html?show=2f8da0e688b04bfe914461c175e64e7b]
[2020-03-07 00:33:34:993] org.springframework.amqp.rabbit.RabbitListenerEndpointContainer#0-1 INFO cn.zhh.crawler.mq.MqProducer 35 - 发送职位详情至MQ，positionDetail=[链行天下（广州）区块链研究有限公司-中高级JAVA开发工程师]
[2020-03-07 00:33:34:994] org.springframework.amqp.rabbit.RabbitListenerEndpointContainer#0-1 INFO cn.zhh.crawler.mq.MqConsumer 41 - 消费职位链接，urlDTO=[UrlDTO(url=https://www.lagou.com/jobs/6679897.html?show=1e67d234bf724c869c4c040f27f8d369, retryCount=3)]
[2020-03-07 00:33:35:016] org.springframework.amqp.rabbit.RabbitListenerEndpointContainer#1-1 INFO cn.zhh.crawler.mq.MqConsumer 53 - 消费职位详情，detail=[链行天下（广州）区块链研究有限公司-中高级JAVA开发工程师]
[2020-03-07 00:33:35:138] main INFO cn.zhh.crawler.mq.MqProducer 28 - 发送职位链接至MQ，url=[https://www.lagou.com/jobs/6796331.html?show=2f8da0e688b04bfe914461c175e64e7b]
[2020-03-07 00:33:35:139] main INFO cn.zhh.crawler.mq.MqProducer 28 - 发送职位链接至MQ，url=[https://www.lagou.com/jobs/6046013.html?show=2f8da0e688b04bfe914461c175e64e7b]
[2020-03-07 00:33:35:140] main INFO cn.zhh.crawler.mq.MqProducer 28 - 发送职位链接至MQ，url=[https://www.lagou.com/jobs/6455219.html?show=2f8da0e688b04bfe914461c175e64e7b]
[2020-03-07 00:33:35:140] main INFO cn.zhh.crawler.mq.MqProducer 28 - 发送职位链接至MQ，url=[https://www.lagou.com/jobs/6817893.html?show=2f8da0e688b04bfe914461c175e64e7b]
[2020-03-07 00:33:35:141] main INFO cn.zhh.crawler.mq.MqProducer 28 - 发送职位链接至MQ，url=[https://www.lagou.com/jobs/5769333.html?show=2f8da0e688b04bfe914461c175e64e7b]
[2020-03-07 00:33:35:142] main INFO cn.zhh.crawler.mq.MqProducer 28 - 发送职位链接至MQ，url=[https://www.lagou.com/jobs/6369835.html?show=2f8da0e688b04bfe914461c175e64e7b]
[2020-03-07 00:33:35:142] main INFO cn.zhh.crawler.mq.MqProducer 28 - 发送职位链接至MQ，url=[https://www.lagou.com/jobs/6862795.html?show=2f8da0e688b04bfe914461c175e64e7b]
[2020-03-07 00:33:35:143] main INFO cn.zhh.crawler.mq.MqProducer 28 - 发送职位链接至MQ，url=[https://www.lagou.com/jobs/6772800.html?show=2f8da0e688b04bfe914461c175e64e7b]
[2020-03-07 00:33:35:144] main INFO cn.zhh.crawler.mq.MqProducer 28 - 发送职位链接至MQ，url=[https://www.lagou.com/jobs/5182334.html?show=2f8da0e688b04bfe914461c175e64e7b]
[2020-03-07 00:33:35:144] main INFO cn.zhh.crawler.mq.MqProducer 28 - 发送职位链接至MQ，url=[https://www.lagou.com/jobs/6421472.html?show=2f8da0e688b04bfe914461c175e64e7b]
[2020-03-07 00:33:35:145] main INFO cn.zhh.crawler.mq.MqProducer 28 - 发送职位链接至MQ，url=[https://www.lagou.com/jobs/6866892.html?show=2f8da0e688b04bfe914461c175e64e7b]
[2020-03-07 00:33:35:146] main INFO cn.zhh.crawler.mq.MqProducer 28 - 发送职位链接至MQ，url=[https://www.lagou.com/jobs/6720316.html?show=2f8da0e688b04bfe914461c175e64e7b]
[2020-03-07 00:33:35:147] main INFO cn.zhh.crawler.mq.MqProducer 28 - 发送职位链接至MQ，url=[https://www.lagou.com/jobs/6741736.html?show=2f8da0e688b04bfe914461c175e64e7b]
[2020-03-07 00:33:35:148] main INFO cn.zhh.crawler.mq.MqProducer 28 - 发送职位链接至MQ，url=[https://www.lagou.com/jobs/6399178.html?show=2f8da0e688b04bfe914461c175e64e7b]
[2020-03-07 00:33:35:148] main INFO cn.zhh.crawler.mq.MqProducer 28 - 发送职位链接至MQ，url=[https://www.lagou.com/jobs/5094130.html?show=2f8da0e688b04bfe914461c175e64e7b]
[2020-03-07 00:33:35:343] main INFO cn.zhh.crawler.mq.MqProducer 28 - 发送职位链接至MQ，url=[https://www.lagou.com/jobs/6796331.html?show=2f8da0e688b04bfe914461c175e64e7b]
[2020-03-07 00:33:35:344] main INFO cn.zhh.crawler.mq.MqProducer 28 - 发送职位链接至MQ，url=[https://www.lagou.com/jobs/6046013.html?show=2f8da0e688b04bfe914461c175e64e7b]
[2020-03-07 00:33:35:344] main INFO cn.zhh.crawler.mq.MqProducer 28 - 发送职位链接至MQ，url=[https://www.lagou.com/jobs/6455219.html?show=2f8da0e688b04bfe914461c175e64e7b]
[2020-03-07 00:33:35:345] main INFO cn.zhh.crawler.mq.MqProducer 28 - 发送职位链接至MQ，url=[https://www.lagou.com/jobs/6817893.html?show=2f8da0e688b04bfe914461c175e64e7b]
[2020-03-07 00:33:35:345] main INFO cn.zhh.crawler.mq.MqProducer 28 - 发送职位链接至MQ，url=[https://www.lagou.com/jobs/5769333.html?show=2f8da0e688b04bfe914461c175e64e7b]
[2020-03-07 00:33:35:346] main INFO cn.zhh.crawler.mq.MqProducer 28 - 发送职位链接至MQ，url=[https://www.lagou.com/jobs/6369835.html?show=2f8da0e688b04bfe914461c175e64e7b]
[2020-03-07 00:33:35:346] main INFO cn.zhh.crawler.mq.MqProducer 28 - 发送职位链接至MQ，url=[https://www.lagou.com/jobs/6862795.html?show=2f8da0e688b04bfe914461c175e64e7b]
[2020-03-07 00:33:35:347] main INFO cn.zhh.crawler.mq.MqProducer 28 - 发送职位链接至MQ，url=[https://www.lagou.com/jobs/6772800.html?show=2f8da0e688b04bfe914461c175e64e7b]
[2020-03-07 00:33:35:347] main INFO cn.zhh.crawler.mq.MqProducer 28 - 发送职位链接至MQ，url=[https://www.lagou.com/jobs/5182334.html?show=2f8da0e688b04bfe914461c175e64e7b]
[2020-03-07 00:33:35:347] main INFO cn.zhh.crawler.mq.MqProducer 28 - 发送职位链接至MQ，url=[https://www.lagou.com/jobs/6421472.html?show=2f8da0e688b04bfe914461c175e64e7b]
[2020-03-07 00:33:35:348] main INFO cn.zhh.crawler.mq.MqProducer 28 - 发送职位链接至MQ，url=[https://www.lagou.com/jobs/6866892.html?show=2f8da0e688b04bfe914461c175e64e7b]
[2020-03-07 00:33:35:348] main INFO cn.zhh.crawler.mq.MqProducer 28 - 发送职位链接至MQ，url=[https://www.lagou.com/jobs/6720316.html?show=2f8da0e688b04bfe914461c175e64e7b]
[2020-03-07 00:33:35:348] main INFO cn.zhh.crawler.mq.MqProducer 28 - 发送职位链接至MQ，url=[https://www.lagou.com/jobs/6741736.html?show=2f8da0e688b04bfe914461c175e64e7b]
[2020-03-07 00:33:35:348] main INFO cn.zhh.crawler.mq.MqProducer 28 - 发送职位链接至MQ，url=[https://www.lagou.com/jobs/6399178.html?show=2f8da0e688b04bfe914461c175e64e7b]
[2020-03-07 00:33:35:349] main INFO cn.zhh.crawler.mq.MqProducer 28 - 发送职位链接至MQ，url=[https://www.lagou.com/jobs/5094130.html?show=2f8da0e688b04bfe914461c175e64e7b]
[2020-03-07 00:33:36:543] main ERROR cn.zhh.crawler.runner.CrawlUrlRunner 56 - 爬取链接异常，t=org.openqa.selenium.ElementClickInterceptedException: element click intercepted: Element <span hidefocus="hidefocus" action="next" class="pager_next ">...</span> is not clickable at point (1041, 963). Other element would receive the click: <div class="li_b_r">...</div>
  (Session info: chrome=80.0.3987.132)
Build info: version: '3.141.59', revision: 'e82be7d358', time: '2018-11-14T08:17:03'
System info: host: 'Z_HH', ip: '169.254.83.89', os.name: 'Windows 10', os.arch: 'amd64', os.version: '10.0', java.version: '1.8.0_141'
Driver info: org.openqa.selenium.chrome.ChromeDriver
Capabilities {acceptInsecureCerts: false, browserName: chrome, browserVersion: 80.0.3987.132, chrome: {chromedriverVersion: 80.0.3987.16 (320f6526c1632..., userDataDir: C:\Users\dell\AppData\Local...}, goog:chromeOptions: {debuggerAddress: localhost:58798}, javascriptEnabled: true, networkConnectionEnabled: false, pageLoadStrategy: normal, platform: WINDOWS, platformName: WINDOWS, proxy: Proxy(), setWindowRect: true, strictFileInteractability: false, timeouts: {implicit: 0, pageLoad: 300000, script: 30000}, unhandledPromptBehavior: dismiss and notify}
Session ID: 076c439d963ae6ca11cce927672a80ce
	at sun.reflect.NativeConstructorAccessorImpl.newInstance0(Native Method)
	at sun.reflect.NativeConstructorAccessorImpl.newInstance(NativeConstructorAccessorImpl.java:62)
	at sun.reflect.DelegatingConstructorAccessorImpl.newInstance(DelegatingConstructorAccessorImpl.java:45)
	at java.lang.reflect.Constructor.newInstance(Constructor.java:423)
	at org.openqa.selenium.remote.http.W3CHttpResponseCodec.createException(W3CHttpResponseCodec.java:187)
	at org.openqa.selenium.remote.http.W3CHttpResponseCodec.decode(W3CHttpResponseCodec.java:122)
	at org.openqa.selenium.remote.http.W3CHttpResponseCodec.decode(W3CHttpResponseCodec.java:49)
	at org.openqa.selenium.remote.HttpCommandExecutor.execute(HttpCommandExecutor.java:158)
	at org.openqa.selenium.remote.service.DriverCommandExecutor.execute(DriverCommandExecutor.java:83)
	at org.openqa.selenium.remote.RemoteWebDriver.execute(RemoteWebDriver.java:552)
	at org.openqa.selenium.remote.RemoteWebElement.execute(RemoteWebElement.java:285)
	at org.openqa.selenium.remote.RemoteWebElement.click(RemoteWebElement.java:84)
	at cn.zhh.crawler.runner.CrawlUrlRunner.crawlUrl(CrawlUrlRunner.java:53)
	at cn.zhh.crawler.MyTest.testCrawlUrl(MyTest.java:25)
	at sun.reflect.NativeMethodAccessorImpl.invoke0(Native Method)
	at sun.reflect.NativeMethodAccessorImpl.invoke(NativeMethodAccessorImpl.java:62)
	at sun.reflect.DelegatingMethodAccessorImpl.invoke(DelegatingMethodAccessorImpl.java:43)
	at java.lang.reflect.Method.invoke(Method.java:498)
	at org.junit.runners.model.FrameworkMethod$1.runReflectiveCall(FrameworkMethod.java:50)
	at org.junit.internal.runners.model.ReflectiveCallable.run(ReflectiveCallable.java:12)
	at org.junit.runners.model.FrameworkMethod.invokeExplosively(FrameworkMethod.java:47)
	at org.junit.internal.runners.statements.InvokeMethod.evaluate(InvokeMethod.java:17)
	at org.springframework.test.context.junit4.statements.RunBeforeTestExecutionCallbacks.evaluate(RunBeforeTestExecutionCallbacks.java:74)
	at org.springframework.test.context.junit4.statements.RunAfterTestExecutionCallbacks.evaluate(RunAfterTestExecutionCallbacks.java:84)
	at org.springframework.test.context.junit4.statements.RunBeforeTestMethodCallbacks.evaluate(RunBeforeTestMethodCallbacks.java:75)
	at org.springframework.test.context.junit4.statements.RunAfterTestMethodCallbacks.evaluate(RunAfterTestMethodCallbacks.java:86)
	at org.springframework.test.context.junit4.statements.SpringRepeat.evaluate(SpringRepeat.java:84)
	at org.junit.runners.ParentRunner.runLeaf(ParentRunner.java:325)
	at org.springframework.test.context.junit4.SpringJUnit4ClassRunner.runChild(SpringJUnit4ClassRunner.java:251)
	at org.springframework.test.context.junit4.SpringJUnit4ClassRunner.runChild(SpringJUnit4ClassRunner.java:97)
	at org.junit.runners.ParentRunner$3.run(ParentRunner.java:290)
	at org.junit.runners.ParentRunner$1.schedule(ParentRunner.java:71)
	at org.junit.runners.ParentRunner.runChildren(ParentRunner.java:288)
	at org.junit.runners.ParentRunner.access$000(ParentRunner.java:58)
	at org.junit.runners.ParentRunner$2.evaluate(ParentRunner.java:268)
	at org.springframework.test.context.junit4.statements.RunBeforeTestClassCallbacks.evaluate(RunBeforeTestClassCallbacks.java:61)
	at org.springframework.test.context.junit4.statements.RunAfterTestClassCallbacks.evaluate(RunAfterTestClassCallbacks.java:70)
	at org.junit.runners.ParentRunner.run(ParentRunner.java:363)
	at org.springframework.test.context.junit4.SpringJUnit4ClassRunner.run(SpringJUnit4ClassRunner.java:190)
	at org.junit.runner.JUnitCore.run(JUnitCore.java:137)
	at com.intellij.junit4.JUnit4IdeaTestRunner.startRunnerWithArgs(JUnit4IdeaTestRunner.java:68)
	at com.intellij.rt.execution.junit.IdeaTestRunner$Repeater.startRunnerWithArgs(IdeaTestRunner.java:47)
	at com.intellij.rt.execution.junit.JUnitStarter.prepareStreamsAndStart(JUnitStarter.java:242)
	at com.intellij.rt.execution.junit.JUnitStarter.main(JUnitStarter.java:70)

[2020-03-07 00:33:37:558] org.springframework.amqp.rabbit.RabbitListenerEndpointContainer#0-1 INFO cn.zhh.crawler.mq.MqConsumer 41 - 消费职位链接，urlDTO=[UrlDTO(url=https://www.lagou.com/jobs/6492062.html?show=1e67d234bf724c869c4c040f27f8d369, retryCount=3)]
[2020-03-07 00:33:37:846] org.springframework.amqp.rabbit.RabbitListenerEndpointContainer#0-1 INFO cn.zhh.crawler.mq.MqConsumer 41 - 消费职位链接，urlDTO=[UrlDTO(url=https://www.lagou.com/jobs/6770765.html?show=1e67d234bf724c869c4c040f27f8d369, retryCount=3)]
[2020-03-07 00:33:38:131] org.springframework.amqp.rabbit.RabbitListenerEndpointContainer#0-1 INFO cn.zhh.crawler.mq.MqConsumer 41 - 消费职位链接，urlDTO=[UrlDTO(url=https://www.lagou.com/jobs/6470895.html?show=1e67d234bf724c869c4c040f27f8d369, retryCount=3)]
[2020-03-07 00:33:38:454] org.springframework.amqp.rabbit.RabbitListenerEndpointContainer#0-1 INFO cn.zhh.crawler.mq.MqConsumer 41 - 消费职位链接，urlDTO=[UrlDTO(url=https://www.lagou.com/jobs/6267132.html?show=1e67d234bf724c869c4c040f27f8d369, retryCount=3)]
